<testsuites>
	<testsuite name="ydb/tests/functional/hive" tests="1" time="14.488824323999324" failures="1" skipped="0">
		<testcase name="[test_drain.py 0/20] chunk chunk" time="0.0" classname="ydb/tests/functional/hive"><properties><property name="url:logsdir" value="https://storage.yandexcloud.net/ydb-gh-logs/ydb-platform/ydb/PR-check/13185390123/ya-x86-64/try_3/test_artifacts/ydb-tests-functional-hive.zip" /></properties></testcase>
		<testcase name="test_drain.py.TestHive.test_drain_on_stop" time="14.488824323999324" classname="ydb/tests/functional/hive">
			<skipped>ydb/tests/functional/hive/test_drain.py:93: in test_drain_on_stop
    wait_tablets_are_active(
ydb/tests/library/common/delayed.py:151: in wait_tablets_are_active
    predicate(raise_error=True)
ydb/tests/library/common/delayed.py:141: in predicate
    raise AssertionError(
E   AssertionError: 
E   ##############################
E   0 seconds passed, 39 tablet(s) are not active. Inactive tablets are (first 10 entries): (72075186224037909: 6) (72075186224038122: 6) (72075186224038154: 6) (72075186224038217: 6) (72075186224038233: 6) (72075186224038322: 6) (72075186224038338: 6) (72075186224038354: 6) (72075186224038468: 6) (72075186224038492: 6). Additional info is empty
E   ##############################

logsdir:
/home/runner/actions_runner/_work/ydb/ydb/tmp/out/ydb/tests/functional/hive/test-results/py3test/testing_out_stuff
log:
/home/runner/actions_runner/_work/ydb/ydb/tmp/out/ydb/tests/functional/hive/test-results/py3test/testing_out_stuff/test_drain.py.TestHive.test_drain_on_stop.log</skipped><properties><property name="mute" value="automatically muted based on rules" /><property name="url:log" value="https://storage.yandexcloud.net/ydb-gh-logs/ydb-platform/ydb/PR-check/13185390123/ya-x86-64/try_3/artifacts/logs/ydb/tests/functional/hive/test-results/py3test/testing_out_stuff/test_drain.py.TestHive.test_drain_on_stop.log" /><property name="url:logsdir" value="https://storage.yandexcloud.net/ydb-gh-logs/ydb-platform/ydb/PR-check/13185390123/ya-x86-64/try_3/test_artifacts/ydb-tests-functional-hive.zip" /></properties></testcase>
	</testsuite>
	<testsuite name="ydb/tests/functional/serializable" tests="1" time="3.2414822139990065" failures="1" skipped="0">
		<testcase name="sole chunk chunk" time="0.0" classname="ydb/tests/functional/serializable"><properties><property name="url:logsdir" value="https://storage.yandexcloud.net/ydb-gh-logs/ydb-platform/ydb/PR-check/13185390123/ya-x86-64/try_3/test_artifacts/ydb-tests-functional-serializable.zip" /></properties></testcase>
		<testcase name="test.py.test_local" time="3.2414822139990065" classname="ydb/tests/functional/serializable">
			<skipped>ydb/tests/functional/serializable/test.py:110: in test_local
    asyncio.run(async_wrapper())
contrib/tools/python3/Lib/asyncio/runners.py:194: in run
    return runner.run(main)
contrib/tools/python3/Lib/asyncio/runners.py:118: in run
    return self._loop.run_until_complete(task)
contrib/tools/python3/Lib/asyncio/base_events.py:686: in run_until_complete
    return future.result()
ydb/tests/functional/serializable/test.py:104: in async_wrapper
    await checker.async_run(options)
ydb/tests/tools/ydb_serializable/lib/__init__.py:1018: in async_run
    await self.async_perform_test(history, table, options, checker)
ydb/tests/tools/ydb_serializable/lib/__init__.py:931: in async_perform_test
    await asyncio.gather(*futures)
ydb/tests/tools/ydb_serializable/lib/__init__.py:792: in async_perform_range_reads
    rss = await self.async_retry_operation(perform, deadline)
ydb/tests/tools/ydb_serializable/lib/__init__.py:434: in async_retry_operation
    result = await callable(session)
ydb/tests/tools/ydb_serializable/lib/__init__.py:776: in perform
    rss = await tx.execute(
contrib/python/ydb/py3/ydb/aio/table.py:411: in execute
    return await super().execute(query, parameters, commit_tx, settings)
contrib/python/ydb/py3/ydb/aio/pool.py:254: in __call__
    return await connection(
contrib/python/ydb/py3/ydb/aio/connection.py:194: in __call__
    return response if wrap_result is None else wrap_result(rpc_state, response, *wrap_args)
contrib/python/ydb/py3/ydb/_session_impl.py:20: in decorator
    return func(rpc_state, response_pb, session_state, *args, **kwargs)
contrib/python/ydb/py3/ydb/_tx_ctx_impl.py:9: in decorator
    return func(rpc_state, response_pb, session_state, tx_state, *args, **kwargs)
contrib/python/ydb/py3/ydb/_tx_ctx_impl.py:22: in decorator
    return func(rpc_state, response_pb, session_state, tx_state, query, *args, **kwargs)
contrib/python/ydb/py3/ydb/_tx_ctx_impl.py:165: in wrap_result_and_tx_id
    issues._process_response(response_pb.operation)
contrib/python/ydb/py3/ydb/issues.py:225: in _process_response
    raise exc_obj(_format_response(response_proto), response_proto.issues)
E   ydb.issues.PreconditionFailed: message: "Not enough resources to execute query locally and no information about other nodes (estimation: 33685504;ComputeTasks:1;NodeTasks:1;)" severity: 1 (server_code: 400120)

logsdir:
/home/runner/actions_runner/_work/ydb/ydb/tmp/out/ydb/tests/functional/serializable/test-results/py3test/testing_out_stuff
log:
/home/runner/actions_runner/_work/ydb/ydb/tmp/out/ydb/tests/functional/serializable/test-results/py3test/testing_out_stuff/test.py.test_local.log</skipped><properties><property name="mute" value="automatically muted based on rules" /><property name="url:log" value="https://storage.yandexcloud.net/ydb-gh-logs/ydb-platform/ydb/PR-check/13185390123/ya-x86-64/try_3/artifacts/logs/ydb/tests/functional/serializable/test-results/py3test/testing_out_stuff/test.py.test_local.log" /><property name="url:logsdir" value="https://storage.yandexcloud.net/ydb-gh-logs/ydb-platform/ydb/PR-check/13185390123/ya-x86-64/try_3/test_artifacts/ydb-tests-functional-serializable.zip" /></properties></testcase>
	</testsuite>
	<testsuite name="ydb/tests/functional/serverless" tests="2" time="175.1769340970004" failures="2" skipped="0">
		<testcase name="[test_serverless.py 0/10] chunk chunk" time="0.0" classname="ydb/tests/functional/serverless"><properties><property name="url:logsdir" value="https://storage.yandexcloud.net/ydb-gh-logs/ydb-platform/ydb/PR-check/13185390123/ya-x86-64/try_3/test_artifacts/ydb-tests-functional-serverless.zip" /></properties></testcase>
		<testcase name="test_serverless.py.test_database_with_disk_quotas[enable_alter_database_create_hive_first--false]" time="88.99435644700043" classname="ydb/tests/functional/serverless">
			<skipped>ydb/tests/functional/serverless/test_serverless.py:442: in test_database_with_disk_quotas
    IOLoop.current().run_sync(lambda: async_write_key(path, 0, 'test', ignore_out_of_space=False))
contrib/python/tornado/tornado-4/tornado/ioloop.py:458: in run_sync
    return future_cell[0].result()
contrib/python/tornado/tornado-4/tornado/concurrent.py:238: in result
    raise_exc_info(self._exc_info)
&amp;lt;string&amp;gt;:4: in raise_exc_info
    ???
contrib/python/tornado/tornado-4/tornado/gen.py:1064: in run
    yielded = self.gen.throw(*exc_info)
ydb/tests/functional/serverless/test_serverless.py:339: in wrapped
    res = yield func(*args, **kwargs)
contrib/python/tornado/tornado-4/tornado/gen.py:1056: in run
    value = future.result()
contrib/python/tornado/tornado-4/tornado/concurrent.py:238: in result
    raise_exc_info(self._exc_info)
&amp;lt;string&amp;gt;:4: in raise_exc_info
    ???
contrib/python/tornado/tornado-4/tornado/gen.py:1064: in run
    yielded = self.gen.throw(*exc_info)
ydb/tests/functional/serverless/test_serverless.py:359: in async_write_key
    yield tx.async_execute(
contrib/python/tornado/tornado-4/tornado/gen.py:1056: in run
    value = future.result()
contrib/tools/python3/Lib/concurrent/futures/_base.py:449: in result
    return self.__get_result()
contrib/tools/python3/Lib/concurrent/futures/_base.py:401: in __get_result
    raise self._exception
contrib/python/ydb/py3/ydb/connection.py:105: in _on_response_callback
    response = response if wrap_result is None else wrap_result(rpc_state, response, *wrap_args)
contrib/python/ydb/py3/ydb/_session_impl.py:20: in decorator
    return func(rpc_state, response_pb, session_state, *args, **kwargs)
contrib/python/ydb/py3/ydb/_tx_ctx_impl.py:9: in decorator
    return func(rpc_state, response_pb, session_state, tx_state, *args, **kwargs)
contrib/python/ydb/py3/ydb/_tx_ctx_impl.py:22: in decorator
    return func(rpc_state, response_pb, session_state, tx_state, query, *args, **kwargs)
contrib/python/ydb/py3/ydb/_tx_ctx_impl.py:165: in wrap_result_and_tx_id
    issues._process_response(response_pb.operation)
contrib/python/ydb/py3/ydb/issues.py:225: in _process_response
    raise exc_obj(_format_response(response_proto), response_proto.issues)
E   ydb.issues.Unavailable: message: "Kikimr cluster or one of its subsystems was unavailable." issue_code: 2005 severity: 1 issues { message: "[DISK_SPACE_EXHAUSTED] Cannot perform writes: database is out of disk space" severity: 1 } (server_code: 400050)

During handling of the above exception, another exception occurred:
ydb/tests/functional/serverless/test_serverless.py:441: in test_database_with_disk_quotas
    with pytest.raises(ydb.Unavailable, match=r'.*OUT_OF_SPACE.*'):
E   AssertionError: Regex pattern did not match.
E    Regex: '.*OUT_OF_SPACE.*'
E    Input: 'message: "Kikimr cluster or one of its subsystems was unavailable." issue_code: 2005 severity: 1 issues { message: "[DISK_SPACE_EXHAUSTED] Cannot perform writes: database is out of disk space" severity: 1 } (server_code: 400050)'

logsdir:
/home/runner/actions_runner/_work/ydb/ydb/tmp/out/ydb/tests/functional/serverless/test-results/py3test/testing_out_stuff
log:
/home/runner/actions_runner/_work/ydb/ydb/tmp/out/ydb/tests/functional/serverless/test-results/py3test/testing_out_stuff/test_serverless.py.test_database_with_disk_quotas.enable_alter_database_create_hive_first--false.log</skipped><properties><property name="mute" value="automatically muted based on rules" /><property name="url:log" value="https://storage.yandexcloud.net/ydb-gh-logs/ydb-platform/ydb/PR-check/13185390123/ya-x86-64/try_3/artifacts/logs/ydb/tests/functional/serverless/test-results/py3test/testing_out_stuff/test_serverless.py.test_database_with_disk_quotas.enable_alter_database_create_hive_first--false.log" /><property name="url:logsdir" value="https://storage.yandexcloud.net/ydb-gh-logs/ydb-platform/ydb/PR-check/13185390123/ya-x86-64/try_3/test_artifacts/ydb-tests-functional-serverless.zip" /></properties></testcase>
		<testcase name="[test_serverless.py 1/10] chunk chunk" time="0.0" classname="ydb/tests/functional/serverless"><properties><property name="url:logsdir" value="https://storage.yandexcloud.net/ydb-gh-logs/ydb-platform/ydb/PR-check/13185390123/ya-x86-64/try_3/test_artifacts/ydb-tests-functional-serverless.zip" /></properties></testcase>
		<testcase name="test_serverless.py.test_database_with_disk_quotas[enable_alter_database_create_hive_first--true]" time="86.18257764999998" classname="ydb/tests/functional/serverless">
			<skipped>ydb/tests/functional/serverless/test_serverless.py:442: in test_database_with_disk_quotas
    IOLoop.current().run_sync(lambda: async_write_key(path, 0, 'test', ignore_out_of_space=False))
contrib/python/tornado/tornado-4/tornado/ioloop.py:458: in run_sync
    return future_cell[0].result()
contrib/python/tornado/tornado-4/tornado/concurrent.py:238: in result
    raise_exc_info(self._exc_info)
&amp;lt;string&amp;gt;:4: in raise_exc_info
    ???
contrib/python/tornado/tornado-4/tornado/gen.py:1064: in run
    yielded = self.gen.throw(*exc_info)
ydb/tests/functional/serverless/test_serverless.py:339: in wrapped
    res = yield func(*args, **kwargs)
contrib/python/tornado/tornado-4/tornado/gen.py:1056: in run
    value = future.result()
contrib/python/tornado/tornado-4/tornado/concurrent.py:238: in result
    raise_exc_info(self._exc_info)
&amp;lt;string&amp;gt;:4: in raise_exc_info
    ???
contrib/python/tornado/tornado-4/tornado/gen.py:1064: in run
    yielded = self.gen.throw(*exc_info)
ydb/tests/functional/serverless/test_serverless.py:359: in async_write_key
    yield tx.async_execute(
contrib/python/tornado/tornado-4/tornado/gen.py:1056: in run
    value = future.result()
contrib/tools/python3/Lib/concurrent/futures/_base.py:449: in result
    return self.__get_result()
contrib/tools/python3/Lib/concurrent/futures/_base.py:401: in __get_result
    raise self._exception
contrib/python/ydb/py3/ydb/connection.py:105: in _on_response_callback
    response = response if wrap_result is None else wrap_result(rpc_state, response, *wrap_args)
contrib/python/ydb/py3/ydb/_session_impl.py:20: in decorator
    return func(rpc_state, response_pb, session_state, *args, **kwargs)
contrib/python/ydb/py3/ydb/_tx_ctx_impl.py:9: in decorator
    return func(rpc_state, response_pb, session_state, tx_state, *args, **kwargs)
contrib/python/ydb/py3/ydb/_tx_ctx_impl.py:22: in decorator
    return func(rpc_state, response_pb, session_state, tx_state, query, *args, **kwargs)
contrib/python/ydb/py3/ydb/_tx_ctx_impl.py:165: in wrap_result_and_tx_id
    issues._process_response(response_pb.operation)
contrib/python/ydb/py3/ydb/issues.py:225: in _process_response
    raise exc_obj(_format_response(response_proto), response_proto.issues)
E   ydb.issues.Unavailable: message: "Kikimr cluster or one of its subsystems was unavailable." issue_code: 2005 severity: 1 issues { message: "[DISK_SPACE_EXHAUSTED] Cannot perform writes: database is out of disk space" severity: 1 } (server_code: 400050)

During handling of the above exception, another exception occurred:
ydb/tests/functional/serverless/test_serverless.py:441: in test_database_with_disk_quotas
    with pytest.raises(ydb.Unavailable, match=r'.*OUT_OF_SPACE.*'):
E   AssertionError: Regex pattern did not match.
E    Regex: '.*OUT_OF_SPACE.*'
E    Input: 'message: "Kikimr cluster or one of its subsystems was unavailable." issue_code: 2005 severity: 1 issues { message: "[DISK_SPACE_EXHAUSTED] Cannot perform writes: database is out of disk space" severity: 1 } (server_code: 400050)'

logsdir:
/home/runner/actions_runner/_work/ydb/ydb/tmp/out/ydb/tests/functional/serverless/test-results/py3test/testing_out_stuff
log:
/home/runner/actions_runner/_work/ydb/ydb/tmp/out/ydb/tests/functional/serverless/test-results/py3test/testing_out_stuff/test_serverless.py.test_database_with_disk_quotas.enable_alter_database_create_hive_first--true.log</skipped><properties><property name="mute" value="automatically muted based on rules" /><property name="url:log" value="https://storage.yandexcloud.net/ydb-gh-logs/ydb-platform/ydb/PR-check/13185390123/ya-x86-64/try_3/artifacts/logs/ydb/tests/functional/serverless/test-results/py3test/testing_out_stuff/test_serverless.py.test_database_with_disk_quotas.enable_alter_database_create_hive_first--true.log" /><property name="url:logsdir" value="https://storage.yandexcloud.net/ydb-gh-logs/ydb-platform/ydb/PR-check/13185390123/ya-x86-64/try_3/test_artifacts/ydb-tests-functional-serverless.zip" /></properties></testcase>
	</testsuite>
	<testsuite name="ydb/tests/functional/suite_tests" tests="1" time="8.293575360999057" failures="1" skipped="0">
		<testcase name="[test_postgres.py 0/10] chunk chunk" time="0.0" classname="ydb/tests/functional/suite_tests"><properties><property name="url:logsdir" value="https://storage.yandexcloud.net/ydb-gh-logs/ydb-platform/ydb/PR-check/13185390123/ya-x86-64/try_3/test_artifacts/ydb-tests-functional-suite_tests.zip" /></properties></testcase>
		<testcase name="test_postgres.py.TestPGSQL.test_sql_suite[plan-jointest/join2.test]" time="8.293575360999057" classname="ydb/tests/functional/suite_tests">
			<skipped>Test results differ from canonical:
test_result['query_11.plan']: files content differs:
'--- /home/runner/actions_runner/_work/ydb/ydb/ydb/tests/functional/suite_tests/canondata/test_postgres.TestPGSQL.test_sql_suite_plan-jointest_join2.test_/query_11.plan	2025-02-06 18:29:12.561429181 +0000
+++ /home/runner/.ya/build/build_root/8nln/0002d9/canon_tmp50u_wha2/query_11.plan	2025-02-06 20:00:19.670544531 +0000
@@ -199,3 +199,3 @@
                                                                     {
-                                                                        "CTE Name": "precompute_0_0",
+                                                                        "CTE Name": "precompute_0_1",
                                                                         "Node Type": "ConstantExpr",
@@ -205,3 +205,3 @@
                                                                                 "Name": "ToFlow",
-                                                                                "ToFlow": "precompute_0_0"
+                                                                        ...'
see full diff /home/runner/actions_runner/_work/ydb/ydb/tmp/out/ydb/tests/functional/suite_tests/test-results/py3test/testing_out_stuff/test_postgres.TestPGSQL.test_sql_suite.plan-jointest.join2.test/query_11.plan.diff
test_result['query_12.plan']: files content differs:
'--- /home/runner/actions_runner/_work/ydb/ydb/ydb/tests/functional/suite_tests/canondata/test_postgres.TestPGSQL.test_sql_suite_plan-jointest_join2.test_/query_12.plan	2025-02-06 18:29:12.561429181 +0000
+++ /home/runner/.ya/build/build_root/8nln/0002d9/canon_tmppfrn9b5c/query_12.plan	2025-02-06 20:00:19.770546799 +0000
@@ -163,3 +163,3 @@
                                                                     {
-                                                                        "CTE Name": "precompute_0_1",
+                                                                        "CTE Name": "precompute_0_0",
                                                                         "Node Type": "ConstantExpr",
@@ -169,3 +169,3 @@
                                                                                 "Name": "ToFlow",
-                                                                                "ToFlow": "precompute_0_1"
+                                                                        ...'
see full diff /home/runner/actions_runner/_work/ydb/ydb/tmp/out/ydb/tests/functional/suite_tests/test-results/py3test/testing_out_stuff/test_postgres.TestPGSQL.test_sql_suite.plan-jointest.join2.test/query_12.plan.diff
test_result['query_9.plan']: files content differs:
'--- /home/runner/actions_runner/_work/ydb/ydb/ydb/tests/functional/suite_tests/canondata/test_postgres.TestPGSQL.test_sql_suite_plan-jointest_join2.test_/query_9.plan	2025-02-06 18:29:12.561429181 +0000
+++ /home/runner/.ya/build/build_root/8nln/0002d9/canon_tmpet3_jecv/query_9.plan	2025-02-06 20:00:19.498540631 +0000
@@ -163,3 +163,3 @@
                                                                     {
-                                                                        "CTE Name": "precompute_0_1",
+                                                                        "CTE Name": "precompute_0_0",
                                                                         "Node Type": "ConstantExpr",
@@ -169,3 +169,3 @@
                                                                                 "Name": "ToFlow",
-                                                                                "ToFlow": "precompute_0_1"
+                                                                          ...'
see full diff /home/runner/actions_runner/_work/ydb/ydb/tmp/out/ydb/tests/functional/suite_tests/test-results/py3test/testing_out_stuff/test_postgres.TestPGSQL.test_sql_suite.plan-jointest.join2.test/query_9.plan.diff

logsdir:
/home/runner/actions_runner/_work/ydb/ydb/tmp/out/ydb/tests/functional/suite_tests/test-results/py3test/testing_out_stuff
log:
/home/runner/actions_runner/_work/ydb/ydb/tmp/out/ydb/tests/functional/suite_tests/test-results/py3test/testing_out_stuff/test_postgres.py.TestPGSQL.test_sql_suite.plan-jointest.join2.test.log</skipped><properties><property name="mute" value="automatically muted based on rules" /><property name="url:logsdir" value="https://storage.yandexcloud.net/ydb-gh-logs/ydb-platform/ydb/PR-check/13185390123/ya-x86-64/try_3/test_artifacts/ydb-tests-functional-suite_tests.zip" /></properties></testcase>
	</testsuite>
	<testsuite name="ydb/tests/functional/tenants" tests="6" time="455.6202408579984" failures="6" skipped="0">
		<testcase name="[0/20] chunk chunk" time="0.0" classname="ydb/tests/functional/tenants"><properties><property name="url:logsdir" value="https://storage.yandexcloud.net/ydb-gh-logs/ydb-platform/ydb/PR-check/13185390123/ya-x86-64/try_3/test_artifacts/ydb-tests-functional-tenants.zip" /></properties></testcase>
		<testcase name="test_dynamic_tenants.py.test_create_and_drop_the_same_tenant2[enable_alter_database_create_hive_first--false]" time="145.15173150199917" classname="ydb/tests/functional/tenants">
			<skipped>ydb/tests/functional/tenants/test_dynamic_tenants.py:350: in test_create_and_drop_the_same_tenant2
    pool.retry_operation_sync(write_some_data, None, "table", "table_for_rm", value)
contrib/python/ydb/py3/ydb/table.py:2602: in retry_operation_sync
    return retry_operation_sync(wrapped_callee, retry_settings)
contrib/python/ydb/py3/ydb/retries.py:133: in retry_operation_sync
    for next_opt in opt_generator:
contrib/python/ydb/py3/ydb/retries.py:128: in retry_operation_impl
    raise status
contrib/python/ydb/py3/ydb/retries.py:94: in retry_operation_impl
    result = YdbRetryOperationFinalResult(callee(*args, **kwargs))
contrib/python/ydb/py3/ydb/table.py:2600: in wrapped_callee
    return callee(session, *args, **kwargs)
ydb/tests/functional/tenants/test_dynamic_tenants.py:340: in write_some_data
    session.transaction().execute(
contrib/python/ydb/py3/ydb/table.py:2339: in execute
    return self._driver(
contrib/python/ydb/py3/ydb/tracing.py:70: in wrapper
    return f(self, *args, **kwargs)
contrib/python/ydb/py3/ydb/pool.py:443: in __call__
    res = connection(
contrib/python/ydb/py3/ydb/connection.py:465: in __call__
    return response if wrap_result is None else wrap_result(rpc_state, response, *wrap_args)
contrib/python/ydb/py3/ydb/_session_impl.py:20: in decorator
    return func(rpc_state, response_pb, session_state, *args, **kwargs)
contrib/python/ydb/py3/ydb/_tx_ctx_impl.py:9: in decorator
    return func(rpc_state, response_pb, session_state, tx_state, *args, **kwargs)
contrib/python/ydb/py3/ydb/_tx_ctx_impl.py:22: in decorator
    return func(rpc_state, response_pb, session_state, tx_state, query, *args, **kwargs)
contrib/python/ydb/py3/ydb/_tx_ctx_impl.py:165: in wrap_result_and_tx_id
    issues._process_response(response_pb.operation)
contrib/python/ydb/py3/ydb/issues.py:225: in _process_response
    raise exc_obj(_format_response(response_proto), response_proto.issues)
E   ydb.issues.Unavailable: message: "Failed to create default pool in database /Root/users/database" severity: 1 issues { message: "Retry shard unavailable error, status: StatusNotAvailable" severity: 1 issues { message: "Schemeshard not available" severity: 1 } } issues { message: "Retry shard unavailable error, status: StatusNotAvailable" severity: 1 issues { message: "Schemeshard not available" severity: 1 } } issues { message: "Retry shard unavailable error, status: StatusNotAvailable" severity: 1 issues { message: "Schemeshard not available" severity: 1 } } issues { message: "Retry shard unavailable error, status: StatusNotAvailable" severity: 1 issues { message: "Schemeshard not available" severity: 1 } } issues { message: "Retry shard unavailable error, status: StatusNotAvailable" severity: 1 issues { message: "Schemeshard not available" severity: 1 } } issues { message: "Retry shard unavailable error, status: StatusNotAvailable" severity: 1 issues { message: "Schemeshard not available" severity: 1 } } issues { message: "Retry shard unavailable error, status: StatusNotAvailable" severity: 1 issues { message: "Schemeshard not available" severity: 1 } } issues { message: "Retry shard unavailable error, status: StatusNotAvailable" severity: 1 issues { message: "Schemeshard not available" severity: 1 } } issues { message: "Retry shard unavailable error, status: StatusNotAvailable" severity: 1 issues { message: "Schemeshard not available" severity: 1 } } issues { message: "Retry shard unavailable error, status: StatusNotAvailable" severity: 1 issues { message: "Schemeshard not available" severity: 1 } } issues { message: "Retry shard unavailable error, status: StatusNotAvailable" severity: 1 issues { message: "Schemeshard not available" severity: 1 } } issues { message: "Retry shard unavailable error, status: StatusNotAvailable" severity: 1 issues { message: "Schemeshard not available" severity: 1 } } issues { message: "Retry shard unavailable error, status: StatusNotAvailable" severity: 1 issues { message: "Schemeshard not available" severity: 1 } } issues { message: "Retry shard unavailable error, status: StatusNotAvailable" severity: 1 issues { message: "Schemeshard not available" severity: 1 } } issues { message: "Retry shard unavailable error, status: StatusNotAvailable" severity: 1 issues { message: "Schemeshard not available" severity: 1 } } issues { message: "Retry shard unavailable error, status: StatusNotAvailable" severity: 1 issues { message: "Schemeshard not available" severity: 1 } } issues { message: "Retry shard unavailable error, status: StatusNotAvailable" severity: 1 issues { message: "Schemeshard not available" severity: 1 } } issues { message: "Retry shard unavailable error, status: StatusNotAvailable" severity: 1 issues { message: "Schemeshard not available" severity: 1 } } issues { message: "Retry shard unavailable error, status: StatusNotAvailable" severity: 1 issues { message: "Schemeshard not available" severity: 1 } } issues { message: "Retry shard unavailable error, status: StatusNotAvailable" severity: 1 issues { message: "Schemeshard not available" severity: 1 } } issues { message: "Retry shard unavailable error, status: StatusNotAvailable" severity: 1 issues { message: "Schemeshard not available" severity: 1 } } issues { message: "Retry shard unavailable error, status: StatusNotAvailable" severity: 1 issues { message: "Schemeshard not available" severity: 1 } } issues { message: "Retry shard unavailable error, status: StatusNotAvailable" severity: 1 issues { message: "Schemeshard not available" severity: 1 } } issues { message: "Retry shard unavailable error, status: StatusNotAvailable" severity: 1 issues { message: "Schemeshard not available" severity: 1 } } issues { message: "Retry shard unavailable error, status: StatusNotAvailable" severity: 1 issues { message: "Schemeshard not available" severity: 1 } } issues { message: "Retry shard unavailable error, status: StatusNotAvailable" severity: 1 issues { message: "Schemeshard not available" severity: 1 } } issues { message: "Retry shard unavailable error, status: StatusNotAvailable" severity: 1 issues { message: "Schemeshard not available" severity: 1 } } issues { message: "Retry shard unavailable error, status: StatusNotAvailable" severity: 1 issues { message: "Schemeshard not available" severity: 1 } } issues { message: "Retry shard unavailable error, status: StatusNotAvailable" severity: 1 issues { message: "Schemeshard not available" severity: 1 } } issues { message: "Retry shard unavailable error, status: StatusNotAvailable" severity: 1 issues { message: "Schemeshard not available" severity: 1 } } issues { message: "Retry shard unavailable error, status: StatusNotAvailable" severity: 1 issues { message: "Schemeshard not available" severity: 1 } } issues { message: "Retry shard unavailable error, status: StatusNotAvailable" severity: 1 issues { message: "Schemeshard not available" severity: 1 } } issues { message: "Retry shard unavailable error, status: StatusNotAvailable" severity: 1 issues { message: "Schemeshard not available" severity: 1 } } issues { message: "Retry shard unavailable error, status: StatusNotAvailable" severity: 1 issues { message: "Schemeshard not available" severity: 1 } } issues { message: "Retry shard unavailable error, status: StatusNotAvailable" severity: 1 issues { message: "Schemeshard not available" severity: 1 } } issues { message: "Retry shard unavailable error, status: StatusNotAvailable" severit...

logsdir:
/home/runner/actions_runner/_work/ydb/ydb/tmp/out/ydb/tests/functional/tenants/test-results/py3test/testing_out_stuff
log:
/home/runner/actions_runner/_work/ydb/ydb/tmp/out/ydb/tests/functional/tenants/test-results/py3test/testing_out_stuff/test_dynamic_tenants.py.test_create_and_drop_the_same_tenant2.enable_alter_database_create_hive_first--false.log</skipped><properties><property name="mute" value="automatically muted based on rules" /><property name="url:log" value="https://storage.yandexcloud.net/ydb-gh-logs/ydb-platform/ydb/PR-check/13185390123/ya-x86-64/try_3/artifacts/logs/ydb/tests/functional/tenants/test-results/py3test/testing_out_stuff/test_dynamic_tenants.py.test_create_and_drop_the_same_tenant2.enable_alter_database_create_hive_first--false.log" /><property name="url:logsdir" value="https://storage.yandexcloud.net/ydb-gh-logs/ydb-platform/ydb/PR-check/13185390123/ya-x86-64/try_3/test_artifacts/ydb-tests-functional-tenants.zip" /></properties></testcase>
		<testcase name="[1/20] chunk chunk" time="0.0" classname="ydb/tests/functional/tenants"><properties><property name="url:logsdir" value="https://storage.yandexcloud.net/ydb-gh-logs/ydb-platform/ydb/PR-check/13185390123/ya-x86-64/try_3/test_artifacts/ydb-tests-functional-tenants.zip" /></properties></testcase>
		<testcase name="test_dynamic_tenants.py.test_create_and_drop_the_same_tenant2[enable_alter_database_create_hive_first--true]" time="145.5208483309998" classname="ydb/tests/functional/tenants">
			<skipped>ydb/tests/functional/tenants/test_dynamic_tenants.py:350: in test_create_and_drop_the_same_tenant2
    pool.retry_operation_sync(write_some_data, None, "table", "table_for_rm", value)
contrib/python/ydb/py3/ydb/table.py:2602: in retry_operation_sync
    return retry_operation_sync(wrapped_callee, retry_settings)
contrib/python/ydb/py3/ydb/retries.py:133: in retry_operation_sync
    for next_opt in opt_generator:
contrib/python/ydb/py3/ydb/retries.py:128: in retry_operation_impl
    raise status
contrib/python/ydb/py3/ydb/retries.py:94: in retry_operation_impl
    result = YdbRetryOperationFinalResult(callee(*args, **kwargs))
contrib/python/ydb/py3/ydb/table.py:2600: in wrapped_callee
    return callee(session, *args, **kwargs)
ydb/tests/functional/tenants/test_dynamic_tenants.py:340: in write_some_data
    session.transaction().execute(
contrib/python/ydb/py3/ydb/table.py:2339: in execute
    return self._driver(
contrib/python/ydb/py3/ydb/tracing.py:70: in wrapper
    return f(self, *args, **kwargs)
contrib/python/ydb/py3/ydb/pool.py:443: in __call__
    res = connection(
contrib/python/ydb/py3/ydb/connection.py:465: in __call__
    return response if wrap_result is None else wrap_result(rpc_state, response, *wrap_args)
contrib/python/ydb/py3/ydb/_session_impl.py:20: in decorator
    return func(rpc_state, response_pb, session_state, *args, **kwargs)
contrib/python/ydb/py3/ydb/_tx_ctx_impl.py:9: in decorator
    return func(rpc_state, response_pb, session_state, tx_state, *args, **kwargs)
contrib/python/ydb/py3/ydb/_tx_ctx_impl.py:22: in decorator
    return func(rpc_state, response_pb, session_state, tx_state, query, *args, **kwargs)
contrib/python/ydb/py3/ydb/_tx_ctx_impl.py:165: in wrap_result_and_tx_id
    issues._process_response(response_pb.operation)
contrib/python/ydb/py3/ydb/issues.py:225: in _process_response
    raise exc_obj(_format_response(response_proto), response_proto.issues)
E   ydb.issues.Unavailable: message: "Failed to create default pool in database /Root/users/database" severity: 1 issues { message: "Retry shard unavailable error, status: StatusNotAvailable" severity: 1 issues { message: "Schemeshard not available" severity: 1 } } issues { message: "Retry shard unavailable error, status: StatusNotAvailable" severity: 1 issues { message: "Schemeshard not available" severity: 1 } } issues { message: "Retry shard unavailable error, status: StatusNotAvailable" severity: 1 issues { message: "Schemeshard not available" severity: 1 } } issues { message: "Retry shard unavailable error, status: StatusNotAvailable" severity: 1 issues { message: "Schemeshard not available" severity: 1 } } issues { message: "Retry shard unavailable error, status: StatusNotAvailable" severity: 1 issues { message: "Schemeshard not available" severity: 1 } } issues { message: "Retry shard unavailable error, status: StatusNotAvailable" severity: 1 issues { message: "Schemeshard not available" severity: 1 } } issues { message: "Retry shard unavailable error, status: StatusNotAvailable" severity: 1 issues { message: "Schemeshard not available" severity: 1 } } issues { message: "Retry shard unavailable error, status: StatusNotAvailable" severity: 1 issues { message: "Schemeshard not available" severity: 1 } } issues { message: "Retry shard unavailable error, status: StatusNotAvailable" severity: 1 issues { message: "Schemeshard not available" severity: 1 } } issues { message: "Retry shard unavailable error, status: StatusNotAvailable" severity: 1 issues { message: "Schemeshard not available" severity: 1 } } issues { message: "Retry shard unavailable error, status: StatusNotAvailable" severity: 1 issues { message: "Schemeshard not available" severity: 1 } } issues { message: "Retry shard unavailable error, status: StatusNotAvailable" severity: 1 issues { message: "Schemeshard not available" severity: 1 } } issues { message: "Retry shard unavailable error, status: StatusNotAvailable" severity: 1 issues { message: "Schemeshard not available" severity: 1 } } issues { message: "Retry shard unavailable error, status: StatusNotAvailable" severity: 1 issues { message: "Schemeshard not available" severity: 1 } } issues { message: "Retry shard unavailable error, status: StatusNotAvailable" severity: 1 issues { message: "Schemeshard not available" severity: 1 } } issues { message: "Retry shard unavailable error, status: StatusNotAvailable" severity: 1 issues { message: "Schemeshard not available" severity: 1 } } issues { message: "Retry shard unavailable error, status: StatusNotAvailable" severity: 1 issues { message: "Schemeshard not available" severity: 1 } } issues { message: "Retry shard unavailable error, status: StatusNotAvailable" severity: 1 issues { message: "Schemeshard not available" severity: 1 } } issues { message: "Retry shard unavailable error, status: StatusNotAvailable" severity: 1 issues { message: "Schemeshard not available" severity: 1 } } issues { message: "Retry shard unavailable error, status: StatusNotAvailable" severity: 1 issues { message: "Schemeshard not available" severity: 1 } } issues { message: "Retry shard unavailable error, status: StatusNotAvailable" severity: 1 issues { message: "Schemeshard not available" severity: 1 } } issues { message: "Retry shard unavailable error, status: StatusNotAvailable" severity: 1 issues { message: "Schemeshard not available" severity: 1 } } issues { message: "Retry shard unavailable error, status: StatusNotAvailable" severity: 1 issues { message: "Schemeshard not available" severity: 1 } } issues { message: "Retry shard unavailable error, status: StatusNotAvailable" severity: 1 issues { message: "Schemeshard not available" severity: 1 } } issues { message: "Retry shard unavailable error, status: StatusNotAvailable" severity: 1 issues { message: "Schemeshard not available" severity: 1 } } issues { message: "Retry shard unavailable error, status: StatusNotAvailable" severity: 1 issues { message: "Schemeshard not available" severity: 1 } } issues { message: "Retry shard unavailable error, status: StatusNotAvailable" severity: 1 issues { message: "Schemeshard not available" severity: 1 } } issues { message: "Retry shard unavailable error, status: StatusNotAvailable" severity: 1 issues { message: "Schemeshard not available" severity: 1 } } issues { message: "Retry shard unavailable error, status: StatusNotAvailable" severity: 1 issues { message: "Schemeshard not available" severity: 1 } } issues { message: "Retry shard unavailable error, status: StatusNotAvailable" severity: 1 issues { message: "Schemeshard not available" severity: 1 } } issues { message: "Retry shard unavailable error, status: StatusNotAvailable" severity: 1 issues { message: "Schemeshard not available" severity: 1 } } issues { message: "Retry shard unavailable error, status: StatusNotAvailable" severity: 1 issues { message: "Schemeshard not available" severity: 1 } } issues { message: "Retry shard unavailable error, status: StatusNotAvailable" severity: 1 issues { message: "Schemeshard not available" severity: 1 } } issues { message: "Retry shard unavailable error, status: StatusNotAvailable" severity: 1 issues { message: "Schemeshard not available" severity: 1 } } issues { message: "Retry shard unavailable error, status: StatusNotAvailable" severity: 1 issues { message: "Schemeshard not available" severity: 1 } } issues { message: "Retry shard unavailable error, status: StatusNotAvailable" severit...

logsdir:
/home/runner/actions_runner/_work/ydb/ydb/tmp/out/ydb/tests/functional/tenants/test-results/py3test/testing_out_stuff
log:
/home/runner/actions_runner/_work/ydb/ydb/tmp/out/ydb/tests/functional/tenants/test-results/py3test/testing_out_stuff/test_dynamic_tenants.py.test_create_and_drop_the_same_tenant2.enable_alter_database_create_hive_first--true.log</skipped><properties><property name="mute" value="automatically muted based on rules" /><property name="url:log" value="https://storage.yandexcloud.net/ydb-gh-logs/ydb-platform/ydb/PR-check/13185390123/ya-x86-64/try_3/artifacts/logs/ydb/tests/functional/tenants/test-results/py3test/testing_out_stuff/test_dynamic_tenants.py.test_create_and_drop_the_same_tenant2.enable_alter_database_create_hive_first--true.log" /><property name="url:logsdir" value="https://storage.yandexcloud.net/ydb-gh-logs/ydb-platform/ydb/PR-check/13185390123/ya-x86-64/try_3/test_artifacts/ydb-tests-functional-tenants.zip" /></properties></testcase>
		<testcase name="[2/20] chunk chunk" time="0.0" classname="ydb/tests/functional/tenants"><properties><property name="url:logsdir" value="https://storage.yandexcloud.net/ydb-gh-logs/ydb-platform/ydb/PR-check/13185390123/ya-x86-64/try_3/test_artifacts/ydb-tests-functional-tenants.zip" /></properties></testcase>
		<testcase name="test_tenants.py.TestTenants.test_list_database_above[enable_alter_database_create_hive_first--false]" time="14.20428316000016" classname="ydb/tests/functional/tenants">
			<skipped>ydb/tests/functional/tenants/test_tenants.py:433: in test_list_database_above
    assert result.children[0].name == ".sys"
E   AssertionError: assert '.metadata' == '.sys'
E     - .sys
E     + .metadata

logsdir:
/home/runner/actions_runner/_work/ydb/ydb/tmp/out/ydb/tests/functional/tenants/test-results/py3test/testing_out_stuff
log:
/home/runner/actions_runner/_work/ydb/ydb/tmp/out/ydb/tests/functional/tenants/test-results/py3test/testing_out_stuff/test_tenants.py.TestTenants.test_list_database_above.enable_alter_database_create_hive_first--false.log</skipped><properties><property name="mute" value="automatically muted based on rules" /><property name="url:log" value="https://storage.yandexcloud.net/ydb-gh-logs/ydb-platform/ydb/PR-check/13185390123/ya-x86-64/try_3/artifacts/logs/ydb/tests/functional/tenants/test-results/py3test/testing_out_stuff/test_tenants.py.TestTenants.test_list_database_above.enable_alter_database_create_hive_first--false.log" /><property name="url:logsdir" value="https://storage.yandexcloud.net/ydb-gh-logs/ydb-platform/ydb/PR-check/13185390123/ya-x86-64/try_3/test_artifacts/ydb-tests-functional-tenants.zip" /></properties></testcase>
		<testcase name="[3/20] chunk chunk" time="0.0" classname="ydb/tests/functional/tenants"><properties><property name="url:logsdir" value="https://storage.yandexcloud.net/ydb-gh-logs/ydb-platform/ydb/PR-check/13185390123/ya-x86-64/try_3/test_artifacts/ydb-tests-functional-tenants.zip" /></properties></testcase>
		<testcase name="test_tenants.py.TestTenants.test_list_database_above[enable_alter_database_create_hive_first--true]" time="14.242285195999102" classname="ydb/tests/functional/tenants">
			<skipped>ydb/tests/functional/tenants/test_tenants.py:433: in test_list_database_above
    assert result.children[0].name == ".sys"
E   AssertionError: assert '.metadata' == '.sys'
E     - .sys
E     + .metadata

logsdir:
/home/runner/actions_runner/_work/ydb/ydb/tmp/out/ydb/tests/functional/tenants/test-results/py3test/testing_out_stuff
log:
/home/runner/actions_runner/_work/ydb/ydb/tmp/out/ydb/tests/functional/tenants/test-results/py3test/testing_out_stuff/test_tenants.py.TestTenants.test_list_database_above.enable_alter_database_create_hive_first--true.log</skipped><properties><property name="mute" value="automatically muted based on rules" /><property name="url:log" value="https://storage.yandexcloud.net/ydb-gh-logs/ydb-platform/ydb/PR-check/13185390123/ya-x86-64/try_3/artifacts/logs/ydb/tests/functional/tenants/test-results/py3test/testing_out_stuff/test_tenants.py.TestTenants.test_list_database_above.enable_alter_database_create_hive_first--true.log" /><property name="url:logsdir" value="https://storage.yandexcloud.net/ydb-gh-logs/ydb-platform/ydb/PR-check/13185390123/ya-x86-64/try_3/test_artifacts/ydb-tests-functional-tenants.zip" /></properties></testcase>
		<testcase name="[4/20] chunk chunk" time="0.0" classname="ydb/tests/functional/tenants"><properties><property name="url:logsdir" value="https://storage.yandexcloud.net/ydb-gh-logs/ydb-platform/ydb/PR-check/13185390123/ya-x86-64/try_3/test_artifacts/ydb-tests-functional-tenants.zip" /></properties></testcase>
		<testcase name="test_tenants.py.TestTenants.test_stop_start[enable_alter_database_create_hive_first--false]" time="68.21756998399997" classname="ydb/tests/functional/tenants">
			<skipped>ydb/tests/functional/tenants/test_tenants.py:297: in test_stop_start
    with ydb_database_ctx(ydb_cluster, database_path):
contrib/tools/python3/Lib/contextlib.py:137: in __enter__
    return next(self.gen)
ydb/tests/library/harness/ydb_fixtures.py:86: in ydb_database_ctx
    ydb_cluster.create_database(database_path, storage_pool_units_count=storage_pools, timeout_seconds=timeout_seconds)
ydb/tests/library/harness/kikimr_cluster_interface.py:199: in create_database
    raise RuntimeError('create_database failed: %s, %s' % (operation.status, ydb.issues._format_issues(operation.issues)))
E   RuntimeError: create_database failed: 400080, message: "Group fit error BoxId# 1 StoragePoolId# 5 Error# failed to allocate group: no group options PDisks# {[(1:1-S)]}" severity: 1

logsdir:
/home/runner/actions_runner/_work/ydb/ydb/tmp/out/ydb/tests/functional/tenants/test-results/py3test/testing_out_stuff
log:
/home/runner/actions_runner/_work/ydb/ydb/tmp/out/ydb/tests/functional/tenants/test-results/py3test/testing_out_stuff/test_tenants.py.TestTenants.test_stop_start.enable_alter_database_create_hive_first--false.log</skipped><properties><property name="mute" value="automatically muted based on rules" /><property name="url:log" value="https://storage.yandexcloud.net/ydb-gh-logs/ydb-platform/ydb/PR-check/13185390123/ya-x86-64/try_3/artifacts/logs/ydb/tests/functional/tenants/test-results/py3test/testing_out_stuff/test_tenants.py.TestTenants.test_stop_start.enable_alter_database_create_hive_first--false.log" /><property name="url:logsdir" value="https://storage.yandexcloud.net/ydb-gh-logs/ydb-platform/ydb/PR-check/13185390123/ya-x86-64/try_3/test_artifacts/ydb-tests-functional-tenants.zip" /></properties></testcase>
		<testcase name="[5/20] chunk chunk" time="0.0" classname="ydb/tests/functional/tenants"><properties><property name="url:logsdir" value="https://storage.yandexcloud.net/ydb-gh-logs/ydb-platform/ydb/PR-check/13185390123/ya-x86-64/try_3/test_artifacts/ydb-tests-functional-tenants.zip" /></properties></testcase>
		<testcase name="test_tenants.py.TestTenants.test_stop_start[enable_alter_database_create_hive_first--true]" time="68.28352268500021" classname="ydb/tests/functional/tenants">
			<skipped>ydb/tests/functional/tenants/test_tenants.py:297: in test_stop_start
    with ydb_database_ctx(ydb_cluster, database_path):
contrib/tools/python3/Lib/contextlib.py:137: in __enter__
    return next(self.gen)
ydb/tests/library/harness/ydb_fixtures.py:86: in ydb_database_ctx
    ydb_cluster.create_database(database_path, storage_pool_units_count=storage_pools, timeout_seconds=timeout_seconds)
ydb/tests/library/harness/kikimr_cluster_interface.py:199: in create_database
    raise RuntimeError('create_database failed: %s, %s' % (operation.status, ydb.issues._format_issues(operation.issues)))
E   RuntimeError: create_database failed: 400080, message: "Group fit error BoxId# 1 StoragePoolId# 5 Error# failed to allocate group: no group options PDisks# {[(1:1-S)]}" severity: 1

logsdir:
/home/runner/actions_runner/_work/ydb/ydb/tmp/out/ydb/tests/functional/tenants/test-results/py3test/testing_out_stuff
log:
/home/runner/actions_runner/_work/ydb/ydb/tmp/out/ydb/tests/functional/tenants/test-results/py3test/testing_out_stuff/test_tenants.py.TestTenants.test_stop_start.enable_alter_database_create_hive_first--true.log</skipped><properties><property name="mute" value="automatically muted based on rules" /><property name="url:log" value="https://storage.yandexcloud.net/ydb-gh-logs/ydb-platform/ydb/PR-check/13185390123/ya-x86-64/try_3/artifacts/logs/ydb/tests/functional/tenants/test-results/py3test/testing_out_stuff/test_tenants.py.TestTenants.test_stop_start.enable_alter_database_create_hive_first--true.log" /><property name="url:logsdir" value="https://storage.yandexcloud.net/ydb-gh-logs/ydb-platform/ydb/PR-check/13185390123/ya-x86-64/try_3/test_artifacts/ydb-tests-functional-tenants.zip" /></properties></testcase>
	</testsuite>
	<testsuite name="ydb/tests/olap/scenario" tests="1" time="24.324218332000783" failures="1" skipped="0">
		<testcase name="sole chunk chunk" time="0.0" classname="ydb/tests/olap/scenario"><properties><property name="url:logsdir" value="https://storage.yandexcloud.net/ydb-gh-logs/ydb-platform/ydb/PR-check/13185390123/ya-x86-64/try_3/test_artifacts/ydb-tests-olap-scenario.zip" /></properties></testcase>
		<testcase name="test_alter_tiering.py.TestAlterTiering.test[many_tables]" time="24.324218332000783" classname="ydb/tests/olap/scenario">
			<skipped>ydb/tests/olap/scenario/conftest.py:84: in test
    ctx.executable(self, ctx)
ydb/tests/olap/scenario/test_alter_tiering.py:166: in scenario_many_tables
    self._override_tier(sth, tiers[-1], TierConfig(tiers[-1], s3_config))
ydb/tests/olap/scenario/test_alter_tiering.py:106: in _override_tier
    sth.execute_scheme_query(CreateTierIfNotExists(name, config))
ydb/tests/olap/scenario/helpers/scenario_tests_helper.py:425: in execute_scheme_query
    self._run_with_expected_status(
ydb/tests/olap/scenario/helpers/scenario_tests_helper.py:353: in _run_with_expected_status
    pytest.fail(f'Unexpected status: must be in {repr(expected_status)}, but get {repr(error or status)}')
E   Failed: Unexpected status: must be in {&amp;lt;StatusCode.SUCCESS: 400000&amp;gt;}, but get GenericError('message: "Execution" issue_code: 1060 severity: 1 issues { position { row: 1 column: 85 } message: "Executing CREATE OBJECT TIER" end_position { row: 1 column: 85 } severity: 1 issues { message: "incorrect object type" severity: 1 } } (server_code: 400080)')

logsdir:
/home/runner/actions_runner/_work/ydb/ydb/tmp/out/ydb/tests/olap/scenario/test-results/py3test/testing_out_stuff
log:
/home/runner/actions_runner/_work/ydb/ydb/tmp/out/ydb/tests/olap/scenario/test-results/py3test/testing_out_stuff/test_alter_tiering.py.TestAlterTiering.test.many_tables.log</skipped><properties><property name="mute" value="automatically muted based on rules" /><property name="url:log" value="https://storage.yandexcloud.net/ydb-gh-logs/ydb-platform/ydb/PR-check/13185390123/ya-x86-64/try_3/artifacts/logs/ydb/tests/olap/scenario/test-results/py3test/testing_out_stuff/test_alter_tiering.py.TestAlterTiering.test.many_tables.log" /><property name="url:logsdir" value="https://storage.yandexcloud.net/ydb-gh-logs/ydb-platform/ydb/PR-check/13185390123/ya-x86-64/try_3/test_artifacts/ydb-tests-olap-scenario.zip" /></properties></testcase>
	</testsuite>
	<testsuite name="ydb/tests/olap/ttl_tiering" tests="2" time="444.22881224700086" failures="1" skipped="0">
		<testcase name="sole chunk chunk" time="0.0" classname="ydb/tests/olap/ttl_tiering"><properties><property name="url:logsdir" value="https://storage.yandexcloud.net/ydb-gh-logs/ydb-platform/ydb/PR-check/13185390123/ya-x86-64/try_3/test_artifacts/ydb-tests-olap-ttl_tiering.zip" /></properties></testcase>
		<testcase name="data_migration_when_alter_ttl.py.TestDataMigrationWhenAlterTtl.test" time="249.27250765200097" classname="ydb/tests/olap/ttl_tiering"><properties><property name="url:logsdir" value="https://storage.yandexcloud.net/ydb-gh-logs/ydb-platform/ydb/PR-check/13185390123/ya-x86-64/try_3/test_artifacts/ydb-tests-olap-ttl_tiering.zip" /></properties></testcase>
		<testcase name="ttl_delete_s3.py.TestDeleteS3Ttl.test_data_unchanged_after_ttl_change" time="194.9563045949999" classname="ydb/tests/olap/ttl_tiering">
			<skipped>ydb/tests/olap/ttl_tiering/ttl_delete_s3.py:214: in test_data_unchanged_after_ttl_change
    change_ttl_and_check(self.days_to_cool, days_to_medium, self.days_to_freeze)
ydb/tests/olap/ttl_tiering/ttl_delete_s3.py:176: in change_ttl_and_check
    raise Exception("Data eviction has not been started")
E   Exception: Data eviction has not been started

logsdir:
/home/runner/actions_runner/_work/ydb/ydb/tmp/out/ydb/tests/olap/ttl_tiering/test-results/py3test/testing_out_stuff
log:
/home/runner/actions_runner/_work/ydb/ydb/tmp/out/ydb/tests/olap/ttl_tiering/test-results/py3test/testing_out_stuff/ttl_delete_s3.py.TestDeleteS3Ttl.test_data_unchanged_after_ttl_change.log</skipped><properties><property name="mute" value="automatically muted based on rules" /><property name="url:log" value="https://storage.yandexcloud.net/ydb-gh-logs/ydb-platform/ydb/PR-check/13185390123/ya-x86-64/try_3/artifacts/logs/ydb/tests/olap/ttl_tiering/test-results/py3test/testing_out_stuff/ttl_delete_s3.py.TestDeleteS3Ttl.test_data_unchanged_after_ttl_change.log" /><property name="url:logsdir" value="https://storage.yandexcloud.net/ydb-gh-logs/ydb-platform/ydb/PR-check/13185390123/ya-x86-64/try_3/test_artifacts/ydb-tests-olap-ttl_tiering.zip" /></properties></testcase>
	</testsuite>
	<testsuite name="ydb/tests/postgres_integrations/go-libpq" tests="65" time="37.15145498298989" failures="64" skipped="0">
		<testcase name="[docker_wrapper_test.py] chunk chunk" time="0.0" classname="ydb/tests/postgres_integrations/go-libpq"><properties><property name="url:logsdir" value="https://storage.yandexcloud.net/ydb-gh-logs/ydb-platform/ydb/PR-check/13185390123/ya-x86-64/try_3/test_artifacts/ydb-tests-postgres_integrations-go-libpq.zip" /></properties></testcase>
		<testcase name="docker_wrapper_test.py.test_pg_generated[TestArrayValueBackend]" time="36.01129057899925" classname="ydb/tests/postgres_integrations/go-libpq">
			<skipped>ydb/tests/postgres_integrations/go-libpq/docker_wrapper_test.py:23: in test_pg_generated
    tl.execute_test(testname)
ydb/tests/postgres_integrations/library/pytest_integration.py:221: in execute_test
    pytest.fail()
E   Failed

logsdir:
/home/runner/actions_runner/_work/ydb/ydb/tmp/out/ydb/tests/postgres_integrations/go-libpq/test-results/py3test/testing_out_stuff
log:
/home/runner/actions_runner/_work/ydb/ydb/tmp/out/ydb/tests/postgres_integrations/go-libpq/test-results/py3test/testing_out_stuff/docker_wrapper_test.py.test_pg_generated.TestArrayValueBackend.log</skipped><properties><property name="mute" value="automatically muted based on rules" /><property name="url:log" value="https://storage.yandexcloud.net/ydb-gh-logs/ydb-platform/ydb/PR-check/13185390123/ya-x86-64/try_3/artifacts/logs/ydb/tests/postgres_integrations/go-libpq/test-results/py3test/testing_out_stuff/docker_wrapper_test.py.test_pg_generated.TestArrayValueBackend.log" /><property name="url:logsdir" value="https://storage.yandexcloud.net/ydb-gh-logs/ydb-platform/ydb/PR-check/13185390123/ya-x86-64/try_3/test_artifacts/ydb-tests-postgres_integrations-go-libpq.zip" /></properties></testcase>
		<testcase name="docker_wrapper_test.py.test_pg_generated[TestBinaryByteSliceToInt]" time="0.002516684999136487" classname="ydb/tests/postgres_integrations/go-libpq">
			<skipped>ydb/tests/postgres_integrations/go-libpq/docker_wrapper_test.py:23: in test_pg_generated
    tl.execute_test(testname)
ydb/tests/postgres_integrations/library/pytest_integration.py:221: in execute_test
    pytest.fail()
E   Failed

logsdir:
/home/runner/actions_runner/_work/ydb/ydb/tmp/out/ydb/tests/postgres_integrations/go-libpq/test-results/py3test/testing_out_stuff
log:
/home/runner/actions_runner/_work/ydb/ydb/tmp/out/ydb/tests/postgres_integrations/go-libpq/test-results/py3test/testing_out_stuff/docker_wrapper_test.py.test_pg_generated.TestBinaryByteSliceToInt.log</skipped><properties><property name="mute" value="automatically muted based on rules" /><property name="url:log" value="https://storage.yandexcloud.net/ydb-gh-logs/ydb-platform/ydb/PR-check/13185390123/ya-x86-64/try_3/artifacts/logs/ydb/tests/postgres_integrations/go-libpq/test-results/py3test/testing_out_stuff/docker_wrapper_test.py.test_pg_generated.TestBinaryByteSliceToInt.log" /><property name="url:logsdir" value="https://storage.yandexcloud.net/ydb-gh-logs/ydb-platform/ydb/PR-check/13185390123/ya-x86-64/try_3/test_artifacts/ydb-tests-postgres_integrations-go-libpq.zip" /></properties></testcase>
		<testcase name="docker_wrapper_test.py.test_pg_generated[TestBinaryByteSlicetoUUID]" time="0.0021711399995183456" classname="ydb/tests/postgres_integrations/go-libpq">
			<skipped>ydb/tests/postgres_integrations/go-libpq/docker_wrapper_test.py:23: in test_pg_generated
    tl.execute_test(testname)
ydb/tests/postgres_integrations/library/pytest_integration.py:221: in execute_test
    pytest.fail()
E   Failed

logsdir:
/home/runner/actions_runner/_work/ydb/ydb/tmp/out/ydb/tests/postgres_integrations/go-libpq/test-results/py3test/testing_out_stuff
log:
/home/runner/actions_runner/_work/ydb/ydb/tmp/out/ydb/tests/postgres_integrations/go-libpq/test-results/py3test/testing_out_stuff/docker_wrapper_test.py.test_pg_generated.TestBinaryByteSlicetoUUID.log</skipped><properties><property name="mute" value="automatically muted based on rules" /><property name="url:log" value="https://storage.yandexcloud.net/ydb-gh-logs/ydb-platform/ydb/PR-check/13185390123/ya-x86-64/try_3/artifacts/logs/ydb/tests/postgres_integrations/go-libpq/test-results/py3test/testing_out_stuff/docker_wrapper_test.py.test_pg_generated.TestBinaryByteSlicetoUUID.log" /><property name="url:logsdir" value="https://storage.yandexcloud.net/ydb-gh-logs/ydb-platform/ydb/PR-check/13185390123/ya-x86-64/try_3/test_artifacts/ydb-tests-postgres_integrations-go-libpq.zip" /></properties></testcase>
		<testcase name="docker_wrapper_test.py.test_pg_generated[TestBindError]" time="0.0021848630012755166" classname="ydb/tests/postgres_integrations/go-libpq">
			<skipped>ydb/tests/postgres_integrations/go-libpq/docker_wrapper_test.py:23: in test_pg_generated
    tl.execute_test(testname)
ydb/tests/postgres_integrations/library/pytest_integration.py:221: in execute_test
    pytest.fail()
E   Failed

logsdir:
/home/runner/actions_runner/_work/ydb/ydb/tmp/out/ydb/tests/postgres_integrations/go-libpq/test-results/py3test/testing_out_stuff
log:
/home/runner/actions_runner/_work/ydb/ydb/tmp/out/ydb/tests/postgres_integrations/go-libpq/test-results/py3test/testing_out_stuff/docker_wrapper_test.py.test_pg_generated.TestBindError.log</skipped><properties><property name="mute" value="automatically muted based on rules" /><property name="url:log" value="https://storage.yandexcloud.net/ydb-gh-logs/ydb-platform/ydb/PR-check/13185390123/ya-x86-64/try_3/artifacts/logs/ydb/tests/postgres_integrations/go-libpq/test-results/py3test/testing_out_stuff/docker_wrapper_test.py.test_pg_generated.TestBindError.log" /><property name="url:logsdir" value="https://storage.yandexcloud.net/ydb-gh-logs/ydb-platform/ydb/PR-check/13185390123/ya-x86-64/try_3/test_artifacts/ydb-tests-postgres_integrations-go-libpq.zip" /></properties></testcase>
		<testcase name="docker_wrapper_test.py.test_pg_generated[TestCommit]" time="0.0020879399990008096" classname="ydb/tests/postgres_integrations/go-libpq">
			<skipped>ydb/tests/postgres_integrations/go-libpq/docker_wrapper_test.py:23: in test_pg_generated
    tl.execute_test(testname)
ydb/tests/postgres_integrations/library/pytest_integration.py:221: in execute_test
    pytest.fail()
E   Failed

logsdir:
/home/runner/actions_runner/_work/ydb/ydb/tmp/out/ydb/tests/postgres_integrations/go-libpq/test-results/py3test/testing_out_stuff
log:
/home/runner/actions_runner/_work/ydb/ydb/tmp/out/ydb/tests/postgres_integrations/go-libpq/test-results/py3test/testing_out_stuff/docker_wrapper_test.py.test_pg_generated.TestCommit.log</skipped><properties><property name="mute" value="automatically muted based on rules" /><property name="url:log" value="https://storage.yandexcloud.net/ydb-gh-logs/ydb-platform/ydb/PR-check/13185390123/ya-x86-64/try_3/artifacts/logs/ydb/tests/postgres_integrations/go-libpq/test-results/py3test/testing_out_stuff/docker_wrapper_test.py.test_pg_generated.TestCommit.log" /><property name="url:logsdir" value="https://storage.yandexcloud.net/ydb-gh-logs/ydb-platform/ydb/PR-check/13185390123/ya-x86-64/try_3/test_artifacts/ydb-tests-postgres_integrations-go-libpq.zip" /></properties></testcase>
		<testcase name="docker_wrapper_test.py.test_pg_generated[TestConnListen]" time="0.002108441998643684" classname="ydb/tests/postgres_integrations/go-libpq">
			<skipped>ydb/tests/postgres_integrations/go-libpq/docker_wrapper_test.py:23: in test_pg_generated
    tl.execute_test(testname)
ydb/tests/postgres_integrations/library/pytest_integration.py:221: in execute_test
    pytest.fail()
E   Failed

logsdir:
/home/runner/actions_runner/_work/ydb/ydb/tmp/out/ydb/tests/postgres_integrations/go-libpq/test-results/py3test/testing_out_stuff
log:
/home/runner/actions_runner/_work/ydb/ydb/tmp/out/ydb/tests/postgres_integrations/go-libpq/test-results/py3test/testing_out_stuff/docker_wrapper_test.py.test_pg_generated.TestConnListen.log</skipped><properties><property name="mute" value="automatically muted based on rules" /><property name="url:log" value="https://storage.yandexcloud.net/ydb-gh-logs/ydb-platform/ydb/PR-check/13185390123/ya-x86-64/try_3/artifacts/logs/ydb/tests/postgres_integrations/go-libpq/test-results/py3test/testing_out_stuff/docker_wrapper_test.py.test_pg_generated.TestConnListen.log" /><property name="url:logsdir" value="https://storage.yandexcloud.net/ydb-gh-logs/ydb-platform/ydb/PR-check/13185390123/ya-x86-64/try_3/test_artifacts/ydb-tests-postgres_integrations-go-libpq.zip" /></properties></testcase>
		<testcase name="docker_wrapper_test.py.test_pg_generated[TestConnPing]" time="0.0026898979995166883" classname="ydb/tests/postgres_integrations/go-libpq">
			<skipped>ydb/tests/postgres_integrations/go-libpq/docker_wrapper_test.py:23: in test_pg_generated
    tl.execute_test(testname)
ydb/tests/postgres_integrations/library/pytest_integration.py:221: in execute_test
    pytest.fail()
E   Failed

logsdir:
/home/runner/actions_runner/_work/ydb/ydb/tmp/out/ydb/tests/postgres_integrations/go-libpq/test-results/py3test/testing_out_stuff
log:
/home/runner/actions_runner/_work/ydb/ydb/tmp/out/ydb/tests/postgres_integrations/go-libpq/test-results/py3test/testing_out_stuff/docker_wrapper_test.py.test_pg_generated.TestConnPing.log</skipped><properties><property name="mute" value="automatically muted based on rules" /><property name="url:log" value="https://storage.yandexcloud.net/ydb-gh-logs/ydb-platform/ydb/PR-check/13185390123/ya-x86-64/try_3/artifacts/logs/ydb/tests/postgres_integrations/go-libpq/test-results/py3test/testing_out_stuff/docker_wrapper_test.py.test_pg_generated.TestConnPing.log" /><property name="url:logsdir" value="https://storage.yandexcloud.net/ydb-gh-logs/ydb-platform/ydb/PR-check/13185390123/ya-x86-64/try_3/test_artifacts/ydb-tests-postgres_integrations-go-libpq.zip" /></properties></testcase>
		<testcase name="docker_wrapper_test.py.test_pg_generated[TestConnUnlisten]" time="0.003631190999840328" classname="ydb/tests/postgres_integrations/go-libpq">
			<skipped>ydb/tests/postgres_integrations/go-libpq/docker_wrapper_test.py:23: in test_pg_generated
    tl.execute_test(testname)
ydb/tests/postgres_integrations/library/pytest_integration.py:221: in execute_test
    pytest.fail()
E   Failed

logsdir:
/home/runner/actions_runner/_work/ydb/ydb/tmp/out/ydb/tests/postgres_integrations/go-libpq/test-results/py3test/testing_out_stuff
log:
/home/runner/actions_runner/_work/ydb/ydb/tmp/out/ydb/tests/postgres_integrations/go-libpq/test-results/py3test/testing_out_stuff/docker_wrapper_test.py.test_pg_generated.TestConnUnlisten.log</skipped><properties><property name="mute" value="automatically muted based on rules" /><property name="url:log" value="https://storage.yandexcloud.net/ydb-gh-logs/ydb-platform/ydb/PR-check/13185390123/ya-x86-64/try_3/artifacts/logs/ydb/tests/postgres_integrations/go-libpq/test-results/py3test/testing_out_stuff/docker_wrapper_test.py.test_pg_generated.TestConnUnlisten.log" /><property name="url:logsdir" value="https://storage.yandexcloud.net/ydb-gh-logs/ydb-platform/ydb/PR-check/13185390123/ya-x86-64/try_3/test_artifacts/ydb-tests-postgres_integrations-go-libpq.zip" /></properties></testcase>
		<testcase name="docker_wrapper_test.py.test_pg_generated[TestConnUnlistenAll]" time="0.0022191329990164377" classname="ydb/tests/postgres_integrations/go-libpq">
			<skipped>ydb/tests/postgres_integrations/go-libpq/docker_wrapper_test.py:23: in test_pg_generated
    tl.execute_test(testname)
ydb/tests/postgres_integrations/library/pytest_integration.py:221: in execute_test
    pytest.fail()
E   Failed

logsdir:
/home/runner/actions_runner/_work/ydb/ydb/tmp/out/ydb/tests/postgres_integrations/go-libpq/test-results/py3test/testing_out_stuff
log:
/home/runner/actions_runner/_work/ydb/ydb/tmp/out/ydb/tests/postgres_integrations/go-libpq/test-results/py3test/testing_out_stuff/docker_wrapper_test.py.test_pg_generated.TestConnUnlistenAll.log</skipped><properties><property name="mute" value="automatically muted based on rules" /><property name="url:log" value="https://storage.yandexcloud.net/ydb-gh-logs/ydb-platform/ydb/PR-check/13185390123/ya-x86-64/try_3/artifacts/logs/ydb/tests/postgres_integrations/go-libpq/test-results/py3test/testing_out_stuff/docker_wrapper_test.py.test_pg_generated.TestConnUnlistenAll.log" /><property name="url:logsdir" value="https://storage.yandexcloud.net/ydb-gh-logs/ydb-platform/ydb/PR-check/13185390123/ya-x86-64/try_3/test_artifacts/ydb-tests-postgres_integrations-go-libpq.zip" /></properties></testcase>
		<testcase name="docker_wrapper_test.py.test_pg_generated[TestConnectorWithNoticeHandler_Simple]" time="0.0021222640007181326" classname="ydb/tests/postgres_integrations/go-libpq">
			<skipped>ydb/tests/postgres_integrations/go-libpq/docker_wrapper_test.py:23: in test_pg_generated
    tl.execute_test(testname)
ydb/tests/postgres_integrations/library/pytest_integration.py:221: in execute_test
    pytest.fail()
E   Failed

logsdir:
/home/runner/actions_runner/_work/ydb/ydb/tmp/out/ydb/tests/postgres_integrations/go-libpq/test-results/py3test/testing_out_stuff
log:
/home/runner/actions_runner/_work/ydb/ydb/tmp/out/ydb/tests/postgres_integrations/go-libpq/test-results/py3test/testing_out_stuff/docker_wrapper_test.py.test_pg_generated.TestConnectorWithNoticeHandler_Simple.log</skipped><properties><property name="mute" value="automatically muted based on rules" /><property name="url:log" value="https://storage.yandexcloud.net/ydb-gh-logs/ydb-platform/ydb/PR-check/13185390123/ya-x86-64/try_3/artifacts/logs/ydb/tests/postgres_integrations/go-libpq/test-results/py3test/testing_out_stuff/docker_wrapper_test.py.test_pg_generated.TestConnectorWithNoticeHandler_Simple.log" /><property name="url:logsdir" value="https://storage.yandexcloud.net/ydb-gh-logs/ydb-platform/ydb/PR-check/13185390123/ya-x86-64/try_3/test_artifacts/ydb-tests-postgres_integrations-go-libpq.zip" /></properties></testcase>
		<testcase name="docker_wrapper_test.py.test_pg_generated[TestConnectorWithNotificationHandler_Simple]" time="0.0021245619991532294" classname="ydb/tests/postgres_integrations/go-libpq">
			<skipped>ydb/tests/postgres_integrations/go-libpq/docker_wrapper_test.py:23: in test_pg_generated
    tl.execute_test(testname)
ydb/tests/postgres_integrations/library/pytest_integration.py:221: in execute_test
    pytest.fail()
E   Failed

logsdir:
/home/runner/actions_runner/_work/ydb/ydb/tmp/out/ydb/tests/postgres_integrations/go-libpq/test-results/py3test/testing_out_stuff
log:
/home/runner/actions_runner/_work/ydb/ydb/tmp/out/ydb/tests/postgres_integrations/go-libpq/test-results/py3test/testing_out_stuff/docker_wrapper_test.py.test_pg_generated.TestConnectorWithNotificationHandler_Simple.log</skipped><properties><property name="mute" value="automatically muted based on rules" /><property name="url:log" value="https://storage.yandexcloud.net/ydb-gh-logs/ydb-platform/ydb/PR-check/13185390123/ya-x86-64/try_3/artifacts/logs/ydb/tests/postgres_integrations/go-libpq/test-results/py3test/testing_out_stuff/docker_wrapper_test.py.test_pg_generated.TestConnectorWithNotificationHandler_Simple.log" /><property name="url:logsdir" value="https://storage.yandexcloud.net/ydb-gh-logs/ydb-platform/ydb/PR-check/13185390123/ya-x86-64/try_3/test_artifacts/ydb-tests-postgres_integrations-go-libpq.zip" /></properties></testcase>
		<testcase name="docker_wrapper_test.py.test_pg_generated[TestContextCancelBegin]" time="0.002311582000402268" classname="ydb/tests/postgres_integrations/go-libpq">
			<skipped>ydb/tests/postgres_integrations/go-libpq/docker_wrapper_test.py:23: in test_pg_generated
    tl.execute_test(testname)
ydb/tests/postgres_integrations/library/pytest_integration.py:221: in execute_test
    pytest.fail()
E   Failed

logsdir:
/home/runner/actions_runner/_work/ydb/ydb/tmp/out/ydb/tests/postgres_integrations/go-libpq/test-results/py3test/testing_out_stuff
log:
/home/runner/actions_runner/_work/ydb/ydb/tmp/out/ydb/tests/postgres_integrations/go-libpq/test-results/py3test/testing_out_stuff/docker_wrapper_test.py.test_pg_generated.TestContextCancelBegin.log</skipped><properties><property name="mute" value="automatically muted based on rules" /><property name="url:log" value="https://storage.yandexcloud.net/ydb-gh-logs/ydb-platform/ydb/PR-check/13185390123/ya-x86-64/try_3/artifacts/logs/ydb/tests/postgres_integrations/go-libpq/test-results/py3test/testing_out_stuff/docker_wrapper_test.py.test_pg_generated.TestContextCancelBegin.log" /><property name="url:logsdir" value="https://storage.yandexcloud.net/ydb-gh-logs/ydb-platform/ydb/PR-check/13185390123/ya-x86-64/try_3/test_artifacts/ydb-tests-postgres_integrations-go-libpq.zip" /></properties></testcase>
		<testcase name="docker_wrapper_test.py.test_pg_generated[TestCopyFromError]" time="0.002088709999952698" classname="ydb/tests/postgres_integrations/go-libpq">
			<skipped>ydb/tests/postgres_integrations/go-libpq/docker_wrapper_test.py:23: in test_pg_generated
    tl.execute_test(testname)
ydb/tests/postgres_integrations/library/pytest_integration.py:221: in execute_test
    pytest.fail()
E   Failed

logsdir:
/home/runner/actions_runner/_work/ydb/ydb/tmp/out/ydb/tests/postgres_integrations/go-libpq/test-results/py3test/testing_out_stuff
log:
/home/runner/actions_runner/_work/ydb/ydb/tmp/out/ydb/tests/postgres_integrations/go-libpq/test-results/py3test/testing_out_stuff/docker_wrapper_test.py.test_pg_generated.TestCopyFromError.log</skipped><properties><property name="mute" value="automatically muted based on rules" /><property name="url:log" value="https://storage.yandexcloud.net/ydb-gh-logs/ydb-platform/ydb/PR-check/13185390123/ya-x86-64/try_3/artifacts/logs/ydb/tests/postgres_integrations/go-libpq/test-results/py3test/testing_out_stuff/docker_wrapper_test.py.test_pg_generated.TestCopyFromError.log" /><property name="url:logsdir" value="https://storage.yandexcloud.net/ydb-gh-logs/ydb-platform/ydb/PR-check/13185390123/ya-x86-64/try_3/test_artifacts/ydb-tests-postgres_integrations-go-libpq.zip" /></properties></testcase>
		<testcase name="docker_wrapper_test.py.test_pg_generated[TestCopyInBinaryError]" time="0.002243298000394134" classname="ydb/tests/postgres_integrations/go-libpq">
			<skipped>ydb/tests/postgres_integrations/go-libpq/docker_wrapper_test.py:23: in test_pg_generated
    tl.execute_test(testname)
ydb/tests/postgres_integrations/library/pytest_integration.py:221: in execute_test
    pytest.fail()
E   Failed

logsdir:
/home/runner/actions_runner/_work/ydb/ydb/tmp/out/ydb/tests/postgres_integrations/go-libpq/test-results/py3test/testing_out_stuff
log:
/home/runner/actions_runner/_work/ydb/ydb/tmp/out/ydb/tests/postgres_integrations/go-libpq/test-results/py3test/testing_out_stuff/docker_wrapper_test.py.test_pg_generated.TestCopyInBinaryError.log</skipped><properties><property name="mute" value="automatically muted based on rules" /><property name="url:log" value="https://storage.yandexcloud.net/ydb-gh-logs/ydb-platform/ydb/PR-check/13185390123/ya-x86-64/try_3/artifacts/logs/ydb/tests/postgres_integrations/go-libpq/test-results/py3test/testing_out_stuff/docker_wrapper_test.py.test_pg_generated.TestCopyInBinaryError.log" /><property name="url:logsdir" value="https://storage.yandexcloud.net/ydb-gh-logs/ydb-platform/ydb/PR-check/13185390123/ya-x86-64/try_3/test_artifacts/ydb-tests-postgres_integrations-go-libpq.zip" /></properties></testcase>
		<testcase name="docker_wrapper_test.py.test_pg_generated[TestCopyInMultipleValues]" time="0.002084255000227131" classname="ydb/tests/postgres_integrations/go-libpq">
			<skipped>ydb/tests/postgres_integrations/go-libpq/docker_wrapper_test.py:23: in test_pg_generated
    tl.execute_test(testname)
ydb/tests/postgres_integrations/library/pytest_integration.py:221: in execute_test
    pytest.fail()
E   Failed

logsdir:
/home/runner/actions_runner/_work/ydb/ydb/tmp/out/ydb/tests/postgres_integrations/go-libpq/test-results/py3test/testing_out_stuff
log:
/home/runner/actions_runner/_work/ydb/ydb/tmp/out/ydb/tests/postgres_integrations/go-libpq/test-results/py3test/testing_out_stuff/docker_wrapper_test.py.test_pg_generated.TestCopyInMultipleValues.log</skipped><properties><property name="mute" value="automatically muted based on rules" /><property name="url:log" value="https://storage.yandexcloud.net/ydb-gh-logs/ydb-platform/ydb/PR-check/13185390123/ya-x86-64/try_3/artifacts/logs/ydb/tests/postgres_integrations/go-libpq/test-results/py3test/testing_out_stuff/docker_wrapper_test.py.test_pg_generated.TestCopyInMultipleValues.log" /><property name="url:logsdir" value="https://storage.yandexcloud.net/ydb-gh-logs/ydb-platform/ydb/PR-check/13185390123/ya-x86-64/try_3/test_artifacts/ydb-tests-postgres_integrations-go-libpq.zip" /></properties></testcase>
		<testcase name="docker_wrapper_test.py.test_pg_generated[TestCopyInRaiseStmtTrigger]" time="0.0021279759994285996" classname="ydb/tests/postgres_integrations/go-libpq">
			<skipped>ydb/tests/postgres_integrations/go-libpq/docker_wrapper_test.py:23: in test_pg_generated
    tl.execute_test(testname)
ydb/tests/postgres_integrations/library/pytest_integration.py:221: in execute_test
    pytest.fail()
E   Failed

logsdir:
/home/runner/actions_runner/_work/ydb/ydb/tmp/out/ydb/tests/postgres_integrations/go-libpq/test-results/py3test/testing_out_stuff
log:
/home/runner/actions_runner/_work/ydb/ydb/tmp/out/ydb/tests/postgres_integrations/go-libpq/test-results/py3test/testing_out_stuff/docker_wrapper_test.py.test_pg_generated.TestCopyInRaiseStmtTrigger.log</skipped><properties><property name="mute" value="automatically muted based on rules" /><property name="url:log" value="https://storage.yandexcloud.net/ydb-gh-logs/ydb-platform/ydb/PR-check/13185390123/ya-x86-64/try_3/artifacts/logs/ydb/tests/postgres_integrations/go-libpq/test-results/py3test/testing_out_stuff/docker_wrapper_test.py.test_pg_generated.TestCopyInRaiseStmtTrigger.log" /><property name="url:logsdir" value="https://storage.yandexcloud.net/ydb-gh-logs/ydb-platform/ydb/PR-check/13185390123/ya-x86-64/try_3/test_artifacts/ydb-tests-postgres_integrations-go-libpq.zip" /></properties></testcase>
		<testcase name="docker_wrapper_test.py.test_pg_generated[TestCopyInStmtAffectedRows]" time="0.0020577900004354888" classname="ydb/tests/postgres_integrations/go-libpq">
			<skipped>ydb/tests/postgres_integrations/go-libpq/docker_wrapper_test.py:23: in test_pg_generated
    tl.execute_test(testname)
ydb/tests/postgres_integrations/library/pytest_integration.py:221: in execute_test
    pytest.fail()
E   Failed

logsdir:
/home/runner/actions_runner/_work/ydb/ydb/tmp/out/ydb/tests/postgres_integrations/go-libpq/test-results/py3test/testing_out_stuff
log:
/home/runner/actions_runner/_work/ydb/ydb/tmp/out/ydb/tests/postgres_integrations/go-libpq/test-results/py3test/testing_out_stuff/docker_wrapper_test.py.test_pg_generated.TestCopyInStmtAffectedRows.log</skipped><properties><property name="mute" value="automatically muted based on rules" /><property name="url:log" value="https://storage.yandexcloud.net/ydb-gh-logs/ydb-platform/ydb/PR-check/13185390123/ya-x86-64/try_3/artifacts/logs/ydb/tests/postgres_integrations/go-libpq/test-results/py3test/testing_out_stuff/docker_wrapper_test.py.test_pg_generated.TestCopyInStmtAffectedRows.log" /><property name="url:logsdir" value="https://storage.yandexcloud.net/ydb-gh-logs/ydb-platform/ydb/PR-check/13185390123/ya-x86-64/try_3/test_artifacts/ydb-tests-postgres_integrations-go-libpq.zip" /></properties></testcase>
		<testcase name="docker_wrapper_test.py.test_pg_generated[TestCopyInTypes]" time="0.002238176999526331" classname="ydb/tests/postgres_integrations/go-libpq">
			<skipped>ydb/tests/postgres_integrations/go-libpq/docker_wrapper_test.py:23: in test_pg_generated
    tl.execute_test(testname)
ydb/tests/postgres_integrations/library/pytest_integration.py:221: in execute_test
    pytest.fail()
E   Failed

logsdir:
/home/runner/actions_runner/_work/ydb/ydb/tmp/out/ydb/tests/postgres_integrations/go-libpq/test-results/py3test/testing_out_stuff
log:
/home/runner/actions_runner/_work/ydb/ydb/tmp/out/ydb/tests/postgres_integrations/go-libpq/test-results/py3test/testing_out_stuff/docker_wrapper_test.py.test_pg_generated.TestCopyInTypes.log</skipped><properties><property name="mute" value="automatically muted based on rules" /><property name="url:log" value="https://storage.yandexcloud.net/ydb-gh-logs/ydb-platform/ydb/PR-check/13185390123/ya-x86-64/try_3/artifacts/logs/ydb/tests/postgres_integrations/go-libpq/test-results/py3test/testing_out_stuff/docker_wrapper_test.py.test_pg_generated.TestCopyInTypes.log" /><property name="url:logsdir" value="https://storage.yandexcloud.net/ydb-gh-logs/ydb-platform/ydb/PR-check/13185390123/ya-x86-64/try_3/test_artifacts/ydb-tests-postgres_integrations-go-libpq.zip" /></properties></testcase>
		<testcase name="docker_wrapper_test.py.test_pg_generated[TestCopyInWrongType]" time="0.0022612609991483623" classname="ydb/tests/postgres_integrations/go-libpq">
			<skipped>ydb/tests/postgres_integrations/go-libpq/docker_wrapper_test.py:23: in test_pg_generated
    tl.execute_test(testname)
ydb/tests/postgres_integrations/library/pytest_integration.py:221: in execute_test
    pytest.fail()
E   Failed

logsdir:
/home/runner/actions_runner/_work/ydb/ydb/tmp/out/ydb/tests/postgres_integrations/go-libpq/test-results/py3test/testing_out_stuff
log:
/home/runner/actions_runner/_work/ydb/ydb/tmp/out/ydb/tests/postgres_integrations/go-libpq/test-results/py3test/testing_out_stuff/docker_wrapper_test.py.test_pg_generated.TestCopyInWrongType.log</skipped><properties><property name="mute" value="automatically muted based on rules" /><property name="url:log" value="https://storage.yandexcloud.net/ydb-gh-logs/ydb-platform/ydb/PR-check/13185390123/ya-x86-64/try_3/artifacts/logs/ydb/tests/postgres_integrations/go-libpq/test-results/py3test/testing_out_stuff/docker_wrapper_test.py.test_pg_generated.TestCopyInWrongType.log" /><property name="url:logsdir" value="https://storage.yandexcloud.net/ydb-gh-logs/ydb-platform/ydb/PR-check/13185390123/ya-x86-64/try_3/test_artifacts/ydb-tests-postgres_integrations-go-libpq.zip" /></properties></testcase>
		<testcase name="docker_wrapper_test.py.test_pg_generated[TestCopyRespLoopConnectionError]" time="0.0034598409993122914" classname="ydb/tests/postgres_integrations/go-libpq">
			<skipped>ydb/tests/postgres_integrations/go-libpq/docker_wrapper_test.py:23: in test_pg_generated
    tl.execute_test(testname)
ydb/tests/postgres_integrations/library/pytest_integration.py:221: in execute_test
    pytest.fail()
E   Failed

logsdir:
/home/runner/actions_runner/_work/ydb/ydb/tmp/out/ydb/tests/postgres_integrations/go-libpq/test-results/py3test/testing_out_stuff
log:
/home/runner/actions_runner/_work/ydb/ydb/tmp/out/ydb/tests/postgres_integrations/go-libpq/test-results/py3test/testing_out_stuff/docker_wrapper_test.py.test_pg_generated.TestCopyRespLoopConnectionError.log</skipped><properties><property name="mute" value="automatically muted based on rules" /><property name="url:log" value="https://storage.yandexcloud.net/ydb-gh-logs/ydb-platform/ydb/PR-check/13185390123/ya-x86-64/try_3/artifacts/logs/ydb/tests/postgres_integrations/go-libpq/test-results/py3test/testing_out_stuff/docker_wrapper_test.py.test_pg_generated.TestCopyRespLoopConnectionError.log" /><property name="url:logsdir" value="https://storage.yandexcloud.net/ydb-gh-logs/ydb-platform/ydb/PR-check/13185390123/ya-x86-64/try_3/test_artifacts/ydb-tests-postgres_integrations-go-libpq.zip" /></properties></testcase>
		<testcase name="docker_wrapper_test.py.test_pg_generated[TestCopySyntaxError]" time="0.0020028569997521117" classname="ydb/tests/postgres_integrations/go-libpq">
			<skipped>ydb/tests/postgres_integrations/go-libpq/docker_wrapper_test.py:23: in test_pg_generated
    tl.execute_test(testname)
ydb/tests/postgres_integrations/library/pytest_integration.py:221: in execute_test
    pytest.fail()
E   Failed

logsdir:
/home/runner/actions_runner/_work/ydb/ydb/tmp/out/ydb/tests/postgres_integrations/go-libpq/test-results/py3test/testing_out_stuff
log:
/home/runner/actions_runner/_work/ydb/ydb/tmp/out/ydb/tests/postgres_integrations/go-libpq/test-results/py3test/testing_out_stuff/docker_wrapper_test.py.test_pg_generated.TestCopySyntaxError.log</skipped><properties><property name="mute" value="automatically muted based on rules" /><property name="url:log" value="https://storage.yandexcloud.net/ydb-gh-logs/ydb-platform/ydb/PR-check/13185390123/ya-x86-64/try_3/artifacts/logs/ydb/tests/postgres_integrations/go-libpq/test-results/py3test/testing_out_stuff/docker_wrapper_test.py.test_pg_generated.TestCopySyntaxError.log" /><property name="url:logsdir" value="https://storage.yandexcloud.net/ydb-gh-logs/ydb-platform/ydb/PR-check/13185390123/ya-x86-64/try_3/test_artifacts/ydb-tests-postgres_integrations-go-libpq.zip" /></properties></testcase>
		<testcase name="docker_wrapper_test.py.test_pg_generated[TestEmptyQuery]" time="0.002179346000957594" classname="ydb/tests/postgres_integrations/go-libpq">
			<skipped>ydb/tests/postgres_integrations/go-libpq/docker_wrapper_test.py:23: in test_pg_generated
    tl.execute_test(testname)
ydb/tests/postgres_integrations/library/pytest_integration.py:221: in execute_test
    pytest.fail()
E   Failed

logsdir:
/home/runner/actions_runner/_work/ydb/ydb/tmp/out/ydb/tests/postgres_integrations/go-libpq/test-results/py3test/testing_out_stuff
log:
/home/runner/actions_runner/_work/ydb/ydb/tmp/out/ydb/tests/postgres_integrations/go-libpq/test-results/py3test/testing_out_stuff/docker_wrapper_test.py.test_pg_generated.TestEmptyQuery.log</skipped><properties><property name="mute" value="automatically muted based on rules" /><property name="url:log" value="https://storage.yandexcloud.net/ydb-gh-logs/ydb-platform/ydb/PR-check/13185390123/ya-x86-64/try_3/artifacts/logs/ydb/tests/postgres_integrations/go-libpq/test-results/py3test/testing_out_stuff/docker_wrapper_test.py.test_pg_generated.TestEmptyQuery.log" /><property name="url:logsdir" value="https://storage.yandexcloud.net/ydb-gh-logs/ydb-platform/ydb/PR-check/13185390123/ya-x86-64/try_3/test_artifacts/ydb-tests-postgres_integrations-go-libpq.zip" /></properties></testcase>
		<testcase name="docker_wrapper_test.py.test_pg_generated[TestEncodeDecode]" time="0.0020338269996500458" classname="ydb/tests/postgres_integrations/go-libpq">
			<skipped>ydb/tests/postgres_integrations/go-libpq/docker_wrapper_test.py:23: in test_pg_generated
    tl.execute_test(testname)
ydb/tests/postgres_integrations/library/pytest_integration.py:221: in execute_test
    pytest.fail()
E   Failed

logsdir:
/home/runner/actions_runner/_work/ydb/ydb/tmp/out/ydb/tests/postgres_integrations/go-libpq/test-results/py3test/testing_out_stuff
log:
/home/runner/actions_runner/_work/ydb/ydb/tmp/out/ydb/tests/postgres_integrations/go-libpq/test-results/py3test/testing_out_stuff/docker_wrapper_test.py.test_pg_generated.TestEncodeDecode.log</skipped><properties><property name="mute" value="automatically muted based on rules" /><property name="url:log" value="https://storage.yandexcloud.net/ydb-gh-logs/ydb-platform/ydb/PR-check/13185390123/ya-x86-64/try_3/artifacts/logs/ydb/tests/postgres_integrations/go-libpq/test-results/py3test/testing_out_stuff/docker_wrapper_test.py.test_pg_generated.TestEncodeDecode.log" /><property name="url:logsdir" value="https://storage.yandexcloud.net/ydb-gh-logs/ydb-platform/ydb/PR-check/13185390123/ya-x86-64/try_3/test_artifacts/ydb-tests-postgres_integrations-go-libpq.zip" /></properties></testcase>
		<testcase name="docker_wrapper_test.py.test_pg_generated[TestErrorClass]" time="0.002001679999011685" classname="ydb/tests/postgres_integrations/go-libpq">
			<skipped>ydb/tests/postgres_integrations/go-libpq/docker_wrapper_test.py:23: in test_pg_generated
    tl.execute_test(testname)
ydb/tests/postgres_integrations/library/pytest_integration.py:221: in execute_test
    pytest.fail()
E   Failed

logsdir:
/home/runner/actions_runner/_work/ydb/ydb/tmp/out/ydb/tests/postgres_integrations/go-libpq/test-results/py3test/testing_out_stuff
log:
/home/runner/actions_runner/_work/ydb/ydb/tmp/out/ydb/tests/postgres_integrations/go-libpq/test-results/py3test/testing_out_stuff/docker_wrapper_test.py.test_pg_generated.TestErrorClass.log</skipped><properties><property name="mute" value="automatically muted based on rules" /><property name="url:log" value="https://storage.yandexcloud.net/ydb-gh-logs/ydb-platform/ydb/PR-check/13185390123/ya-x86-64/try_3/artifacts/logs/ydb/tests/postgres_integrations/go-libpq/test-results/py3test/testing_out_stuff/docker_wrapper_test.py.test_pg_generated.TestErrorClass.log" /><property name="url:logsdir" value="https://storage.yandexcloud.net/ydb-gh-logs/ydb-platform/ydb/PR-check/13185390123/ya-x86-64/try_3/test_artifacts/ydb-tests-postgres_integrations-go-libpq.zip" /></properties></testcase>
		<testcase name="docker_wrapper_test.py.test_pg_generated[TestErrorDuringStartup]" time="0.0020560409993777284" classname="ydb/tests/postgres_integrations/go-libpq">
			<skipped>ydb/tests/postgres_integrations/go-libpq/docker_wrapper_test.py:23: in test_pg_generated
    tl.execute_test(testname)
ydb/tests/postgres_integrations/library/pytest_integration.py:221: in execute_test
    pytest.fail()
E   Failed

logsdir:
/home/runner/actions_runner/_work/ydb/ydb/tmp/out/ydb/tests/postgres_integrations/go-libpq/test-results/py3test/testing_out_stuff
log:
/home/runner/actions_runner/_work/ydb/ydb/tmp/out/ydb/tests/postgres_integrations/go-libpq/test-results/py3test/testing_out_stuff/docker_wrapper_test.py.test_pg_generated.TestErrorDuringStartup.log</skipped><properties><property name="mute" value="automatically muted based on rules" /><property name="url:log" value="https://storage.yandexcloud.net/ydb-gh-logs/ydb-platform/ydb/PR-check/13185390123/ya-x86-64/try_3/artifacts/logs/ydb/tests/postgres_integrations/go-libpq/test-results/py3test/testing_out_stuff/docker_wrapper_test.py.test_pg_generated.TestErrorDuringStartup.log" /><property name="url:logsdir" value="https://storage.yandexcloud.net/ydb-gh-logs/ydb-platform/ydb/PR-check/13185390123/ya-x86-64/try_3/test_artifacts/ydb-tests-postgres_integrations-go-libpq.zip" /></properties></testcase>
		<testcase name="docker_wrapper_test.py.test_pg_generated[TestErrorOnExec]" time="0.0020375320009407005" classname="ydb/tests/postgres_integrations/go-libpq">
			<skipped>ydb/tests/postgres_integrations/go-libpq/docker_wrapper_test.py:23: in test_pg_generated
    tl.execute_test(testname)
ydb/tests/postgres_integrations/library/pytest_integration.py:221: in execute_test
    pytest.fail()
E   Failed

logsdir:
/home/runner/actions_runner/_work/ydb/ydb/tmp/out/ydb/tests/postgres_integrations/go-libpq/test-results/py3test/testing_out_stuff
log:
/home/runner/actions_runner/_work/ydb/ydb/tmp/out/ydb/tests/postgres_integrations/go-libpq/test-results/py3test/testing_out_stuff/docker_wrapper_test.py.test_pg_generated.TestErrorOnExec.log</skipped><properties><property name="mute" value="automatically muted based on rules" /><property name="url:log" value="https://storage.yandexcloud.net/ydb-gh-logs/ydb-platform/ydb/PR-check/13185390123/ya-x86-64/try_3/artifacts/logs/ydb/tests/postgres_integrations/go-libpq/test-results/py3test/testing_out_stuff/docker_wrapper_test.py.test_pg_generated.TestErrorOnExec.log" /><property name="url:logsdir" value="https://storage.yandexcloud.net/ydb-gh-logs/ydb-platform/ydb/PR-check/13185390123/ya-x86-64/try_3/test_artifacts/ydb-tests-postgres_integrations-go-libpq.zip" /></properties></testcase>
		<testcase name="docker_wrapper_test.py.test_pg_generated[TestErrorOnQuery]" time="0.0020558549995257636" classname="ydb/tests/postgres_integrations/go-libpq">
			<skipped>ydb/tests/postgres_integrations/go-libpq/docker_wrapper_test.py:23: in test_pg_generated
    tl.execute_test(testname)
ydb/tests/postgres_integrations/library/pytest_integration.py:221: in execute_test
    pytest.fail()
E   Failed

logsdir:
/home/runner/actions_runner/_work/ydb/ydb/tmp/out/ydb/tests/postgres_integrations/go-libpq/test-results/py3test/testing_out_stuff
log:
/home/runner/actions_runner/_work/ydb/ydb/tmp/out/ydb/tests/postgres_integrations/go-libpq/test-results/py3test/testing_out_stuff/docker_wrapper_test.py.test_pg_generated.TestErrorOnQuery.log</skipped><properties><property name="mute" value="automatically muted based on rules" /><property name="url:log" value="https://storage.yandexcloud.net/ydb-gh-logs/ydb-platform/ydb/PR-check/13185390123/ya-x86-64/try_3/artifacts/logs/ydb/tests/postgres_integrations/go-libpq/test-results/py3test/testing_out_stuff/docker_wrapper_test.py.test_pg_generated.TestErrorOnQuery.log" /><property name="url:logsdir" value="https://storage.yandexcloud.net/ydb-gh-logs/ydb-platform/ydb/PR-check/13185390123/ya-x86-64/try_3/test_artifacts/ydb-tests-postgres_integrations-go-libpq.zip" /></properties></testcase>
		<testcase name="docker_wrapper_test.py.test_pg_generated[TestErrorOnQueryRowSimpleQuery]" time="0.001997776998905465" classname="ydb/tests/postgres_integrations/go-libpq">
			<skipped>ydb/tests/postgres_integrations/go-libpq/docker_wrapper_test.py:23: in test_pg_generated
    tl.execute_test(testname)
ydb/tests/postgres_integrations/library/pytest_integration.py:221: in execute_test
    pytest.fail()
E   Failed

logsdir:
/home/runner/actions_runner/_work/ydb/ydb/tmp/out/ydb/tests/postgres_integrations/go-libpq/test-results/py3test/testing_out_stuff
log:
/home/runner/actions_runner/_work/ydb/ydb/tmp/out/ydb/tests/postgres_integrations/go-libpq/test-results/py3test/testing_out_stuff/docker_wrapper_test.py.test_pg_generated.TestErrorOnQueryRowSimpleQuery.log</skipped><properties><property name="mute" value="automatically muted based on rules" /><property name="url:log" value="https://storage.yandexcloud.net/ydb-gh-logs/ydb-platform/ydb/PR-check/13185390123/ya-x86-64/try_3/artifacts/logs/ydb/tests/postgres_integrations/go-libpq/test-results/py3test/testing_out_stuff/docker_wrapper_test.py.test_pg_generated.TestErrorOnQueryRowSimpleQuery.log" /><property name="url:logsdir" value="https://storage.yandexcloud.net/ydb-gh-logs/ydb-platform/ydb/PR-check/13185390123/ya-x86-64/try_3/test_artifacts/ydb-tests-postgres_integrations-go-libpq.zip" /></properties></testcase>
		<testcase name="docker_wrapper_test.py.test_pg_generated[TestExec]" time="0.002014738998695975" classname="ydb/tests/postgres_integrations/go-libpq">
			<skipped>ydb/tests/postgres_integrations/go-libpq/docker_wrapper_test.py:23: in test_pg_generated
    tl.execute_test(testname)
ydb/tests/postgres_integrations/library/pytest_integration.py:221: in execute_test
    pytest.fail()
E   Failed

logsdir:
/home/runner/actions_runner/_work/ydb/ydb/tmp/out/ydb/tests/postgres_integrations/go-libpq/test-results/py3test/testing_out_stuff
log:
/home/runner/actions_runner/_work/ydb/ydb/tmp/out/ydb/tests/postgres_integrations/go-libpq/test-results/py3test/testing_out_stuff/docker_wrapper_test.py.test_pg_generated.TestExec.log</skipped><properties><property name="mute" value="automatically muted based on rules" /><property name="url:log" value="https://storage.yandexcloud.net/ydb-gh-logs/ydb-platform/ydb/PR-check/13185390123/ya-x86-64/try_3/artifacts/logs/ydb/tests/postgres_integrations/go-libpq/test-results/py3test/testing_out_stuff/docker_wrapper_test.py.test_pg_generated.TestExec.log" /><property name="url:logsdir" value="https://storage.yandexcloud.net/ydb-gh-logs/ydb-platform/ydb/PR-check/13185390123/ya-x86-64/try_3/test_artifacts/ydb-tests-postgres_integrations-go-libpq.zip" /></properties></testcase>
		<testcase name="docker_wrapper_test.py.test_pg_generated[TestFormatTsBackend]" time="0.0019847739995384472" classname="ydb/tests/postgres_integrations/go-libpq">
			<skipped>ydb/tests/postgres_integrations/go-libpq/docker_wrapper_test.py:23: in test_pg_generated
    tl.execute_test(testname)
ydb/tests/postgres_integrations/library/pytest_integration.py:221: in execute_test
    pytest.fail()
E   Failed

logsdir:
/home/runner/actions_runner/_work/ydb/ydb/tmp/out/ydb/tests/postgres_integrations/go-libpq/test-results/py3test/testing_out_stuff
log:
/home/runner/actions_runner/_work/ydb/ydb/tmp/out/ydb/tests/postgres_integrations/go-libpq/test-results/py3test/testing_out_stuff/docker_wrapper_test.py.test_pg_generated.TestFormatTsBackend.log</skipped><properties><property name="mute" value="automatically muted based on rules" /><property name="url:log" value="https://storage.yandexcloud.net/ydb-gh-logs/ydb-platform/ydb/PR-check/13185390123/ya-x86-64/try_3/artifacts/logs/ydb/tests/postgres_integrations/go-libpq/test-results/py3test/testing_out_stuff/docker_wrapper_test.py.test_pg_generated.TestFormatTsBackend.log" /><property name="url:logsdir" value="https://storage.yandexcloud.net/ydb-gh-logs/ydb-platform/ydb/PR-check/13185390123/ya-x86-64/try_3/test_artifacts/ydb-tests-postgres_integrations-go-libpq.zip" /></properties></testcase>
		<testcase name="docker_wrapper_test.py.test_pg_generated[TestHasCorrectRootGroupPermissions]" time="0.002037115999883099" classname="ydb/tests/postgres_integrations/go-libpq">
			<skipped>ydb/tests/postgres_integrations/go-libpq/docker_wrapper_test.py:23: in test_pg_generated
    tl.execute_test(testname)
ydb/tests/postgres_integrations/library/pytest_integration.py:221: in execute_test
    pytest.fail()
E   Failed

logsdir:
/home/runner/actions_runner/_work/ydb/ydb/tmp/out/ydb/tests/postgres_integrations/go-libpq/test-results/py3test/testing_out_stuff
log:
/home/runner/actions_runner/_work/ydb/ydb/tmp/out/ydb/tests/postgres_integrations/go-libpq/test-results/py3test/testing_out_stuff/docker_wrapper_test.py.test_pg_generated.TestHasCorrectRootGroupPermissions.log</skipped><properties><property name="mute" value="automatically muted based on rules" /><property name="url:log" value="https://storage.yandexcloud.net/ydb-gh-logs/ydb-platform/ydb/PR-check/13185390123/ya-x86-64/try_3/artifacts/logs/ydb/tests/postgres_integrations/go-libpq/test-results/py3test/testing_out_stuff/docker_wrapper_test.py.test_pg_generated.TestHasCorrectRootGroupPermissions.log" /><property name="url:logsdir" value="https://storage.yandexcloud.net/ydb-gh-logs/ydb-platform/ydb/PR-check/13185390123/ya-x86-64/try_3/test_artifacts/ydb-tests-postgres_integrations-go-libpq.zip" /></properties></testcase>
		<testcase name="docker_wrapper_test.py.test_pg_generated[TestInfinityTimestamp]" time="0.0019916219998776796" classname="ydb/tests/postgres_integrations/go-libpq">
			<skipped>ydb/tests/postgres_integrations/go-libpq/docker_wrapper_test.py:23: in test_pg_generated
    tl.execute_test(testname)
ydb/tests/postgres_integrations/library/pytest_integration.py:221: in execute_test
    pytest.fail()
E   Failed

logsdir:
/home/runner/actions_runner/_work/ydb/ydb/tmp/out/ydb/tests/postgres_integrations/go-libpq/test-results/py3test/testing_out_stuff
log:
/home/runner/actions_runner/_work/ydb/ydb/tmp/out/ydb/tests/postgres_integrations/go-libpq/test-results/py3test/testing_out_stuff/docker_wrapper_test.py.test_pg_generated.TestInfinityTimestamp.log</skipped><properties><property name="mute" value="automatically muted based on rules" /><property name="url:log" value="https://storage.yandexcloud.net/ydb-gh-logs/ydb-platform/ydb/PR-check/13185390123/ya-x86-64/try_3/artifacts/logs/ydb/tests/postgres_integrations/go-libpq/test-results/py3test/testing_out_stuff/docker_wrapper_test.py.test_pg_generated.TestInfinityTimestamp.log" /><property name="url:logsdir" value="https://storage.yandexcloud.net/ydb-gh-logs/ydb-platform/ydb/PR-check/13185390123/ya-x86-64/try_3/test_artifacts/ydb-tests-postgres_integrations-go-libpq.zip" /></properties></testcase>
		<testcase name="docker_wrapper_test.py.test_pg_generated[TestIssue1046]" time="0.0019423160001679207" classname="ydb/tests/postgres_integrations/go-libpq">
			<skipped>ydb/tests/postgres_integrations/go-libpq/docker_wrapper_test.py:23: in test_pg_generated
    tl.execute_test(testname)
ydb/tests/postgres_integrations/library/pytest_integration.py:221: in execute_test
    pytest.fail()
E   Failed

logsdir:
/home/runner/actions_runner/_work/ydb/ydb/tmp/out/ydb/tests/postgres_integrations/go-libpq/test-results/py3test/testing_out_stuff
log:
/home/runner/actions_runner/_work/ydb/ydb/tmp/out/ydb/tests/postgres_integrations/go-libpq/test-results/py3test/testing_out_stuff/docker_wrapper_test.py.test_pg_generated.TestIssue1046.log</skipped><properties><property name="mute" value="automatically muted based on rules" /><property name="url:log" value="https://storage.yandexcloud.net/ydb-gh-logs/ydb-platform/ydb/PR-check/13185390123/ya-x86-64/try_3/artifacts/logs/ydb/tests/postgres_integrations/go-libpq/test-results/py3test/testing_out_stuff/docker_wrapper_test.py.test_pg_generated.TestIssue1046.log" /><property name="url:logsdir" value="https://storage.yandexcloud.net/ydb-gh-logs/ydb-platform/ydb/PR-check/13185390123/ya-x86-64/try_3/test_artifacts/ydb-tests-postgres_integrations-go-libpq.zip" /></properties></testcase>
		<testcase name="docker_wrapper_test.py.test_pg_generated[TestIssue1062]" time="0.0020618130001821555" classname="ydb/tests/postgres_integrations/go-libpq"><properties><property name="url:logsdir" value="https://storage.yandexcloud.net/ydb-gh-logs/ydb-platform/ydb/PR-check/13185390123/ya-x86-64/try_3/test_artifacts/ydb-tests-postgres_integrations-go-libpq.zip" /></properties></testcase>
		<testcase name="docker_wrapper_test.py.test_pg_generated[TestIssue186]" time="0.0019721839989870205" classname="ydb/tests/postgres_integrations/go-libpq">
			<skipped>ydb/tests/postgres_integrations/go-libpq/docker_wrapper_test.py:23: in test_pg_generated
    tl.execute_test(testname)
ydb/tests/postgres_integrations/library/pytest_integration.py:221: in execute_test
    pytest.fail()
E   Failed

logsdir:
/home/runner/actions_runner/_work/ydb/ydb/tmp/out/ydb/tests/postgres_integrations/go-libpq/test-results/py3test/testing_out_stuff
log:
/home/runner/actions_runner/_work/ydb/ydb/tmp/out/ydb/tests/postgres_integrations/go-libpq/test-results/py3test/testing_out_stuff/docker_wrapper_test.py.test_pg_generated.TestIssue186.log</skipped><properties><property name="mute" value="automatically muted based on rules" /><property name="url:log" value="https://storage.yandexcloud.net/ydb-gh-logs/ydb-platform/ydb/PR-check/13185390123/ya-x86-64/try_3/artifacts/logs/ydb/tests/postgres_integrations/go-libpq/test-results/py3test/testing_out_stuff/docker_wrapper_test.py.test_pg_generated.TestIssue186.log" /><property name="url:logsdir" value="https://storage.yandexcloud.net/ydb-gh-logs/ydb-platform/ydb/PR-check/13185390123/ya-x86-64/try_3/test_artifacts/ydb-tests-postgres_integrations-go-libpq.zip" /></properties></testcase>
		<testcase name="docker_wrapper_test.py.test_pg_generated[TestListenerFailedQuery]" time="0.0019731470001715934" classname="ydb/tests/postgres_integrations/go-libpq">
			<skipped>ydb/tests/postgres_integrations/go-libpq/docker_wrapper_test.py:23: in test_pg_generated
    tl.execute_test(testname)
ydb/tests/postgres_integrations/library/pytest_integration.py:221: in execute_test
    pytest.fail()
E   Failed

logsdir:
/home/runner/actions_runner/_work/ydb/ydb/tmp/out/ydb/tests/postgres_integrations/go-libpq/test-results/py3test/testing_out_stuff
log:
/home/runner/actions_runner/_work/ydb/ydb/tmp/out/ydb/tests/postgres_integrations/go-libpq/test-results/py3test/testing_out_stuff/docker_wrapper_test.py.test_pg_generated.TestListenerFailedQuery.log</skipped><properties><property name="mute" value="automatically muted based on rules" /><property name="url:log" value="https://storage.yandexcloud.net/ydb-gh-logs/ydb-platform/ydb/PR-check/13185390123/ya-x86-64/try_3/artifacts/logs/ydb/tests/postgres_integrations/go-libpq/test-results/py3test/testing_out_stuff/docker_wrapper_test.py.test_pg_generated.TestListenerFailedQuery.log" /><property name="url:logsdir" value="https://storage.yandexcloud.net/ydb-gh-logs/ydb-platform/ydb/PR-check/13185390123/ya-x86-64/try_3/test_artifacts/ydb-tests-postgres_integrations-go-libpq.zip" /></properties></testcase>
		<testcase name="docker_wrapper_test.py.test_pg_generated[TestListenerListen]" time="0.002038775000073656" classname="ydb/tests/postgres_integrations/go-libpq">
			<skipped>ydb/tests/postgres_integrations/go-libpq/docker_wrapper_test.py:23: in test_pg_generated
    tl.execute_test(testname)
ydb/tests/postgres_integrations/library/pytest_integration.py:221: in execute_test
    pytest.fail()
E   Failed

logsdir:
/home/runner/actions_runner/_work/ydb/ydb/tmp/out/ydb/tests/postgres_integrations/go-libpq/test-results/py3test/testing_out_stuff
log:
/home/runner/actions_runner/_work/ydb/ydb/tmp/out/ydb/tests/postgres_integrations/go-libpq/test-results/py3test/testing_out_stuff/docker_wrapper_test.py.test_pg_generated.TestListenerListen.log</skipped><properties><property name="mute" value="automatically muted based on rules" /><property name="url:log" value="https://storage.yandexcloud.net/ydb-gh-logs/ydb-platform/ydb/PR-check/13185390123/ya-x86-64/try_3/artifacts/logs/ydb/tests/postgres_integrations/go-libpq/test-results/py3test/testing_out_stuff/docker_wrapper_test.py.test_pg_generated.TestListenerListen.log" /><property name="url:logsdir" value="https://storage.yandexcloud.net/ydb-gh-logs/ydb-platform/ydb/PR-check/13185390123/ya-x86-64/try_3/test_artifacts/ydb-tests-postgres_integrations-go-libpq.zip" /></properties></testcase>
		<testcase name="docker_wrapper_test.py.test_pg_generated[TestListenerPing]" time="0.002170085000216204" classname="ydb/tests/postgres_integrations/go-libpq">
			<skipped>ydb/tests/postgres_integrations/go-libpq/docker_wrapper_test.py:23: in test_pg_generated
    tl.execute_test(testname)
ydb/tests/postgres_integrations/library/pytest_integration.py:221: in execute_test
    pytest.fail()
E   Failed

logsdir:
/home/runner/actions_runner/_work/ydb/ydb/tmp/out/ydb/tests/postgres_integrations/go-libpq/test-results/py3test/testing_out_stuff
log:
/home/runner/actions_runner/_work/ydb/ydb/tmp/out/ydb/tests/postgres_integrations/go-libpq/test-results/py3test/testing_out_stuff/docker_wrapper_test.py.test_pg_generated.TestListenerPing.log</skipped><properties><property name="mute" value="automatically muted based on rules" /><property name="url:log" value="https://storage.yandexcloud.net/ydb-gh-logs/ydb-platform/ydb/PR-check/13185390123/ya-x86-64/try_3/artifacts/logs/ydb/tests/postgres_integrations/go-libpq/test-results/py3test/testing_out_stuff/docker_wrapper_test.py.test_pg_generated.TestListenerPing.log" /><property name="url:logsdir" value="https://storage.yandexcloud.net/ydb-gh-logs/ydb-platform/ydb/PR-check/13185390123/ya-x86-64/try_3/test_artifacts/ydb-tests-postgres_integrations-go-libpq.zip" /></properties></testcase>
		<testcase name="docker_wrapper_test.py.test_pg_generated[TestListenerReconnect]" time="0.0019761920002565603" classname="ydb/tests/postgres_integrations/go-libpq">
			<skipped>ydb/tests/postgres_integrations/go-libpq/docker_wrapper_test.py:23: in test_pg_generated
    tl.execute_test(testname)
ydb/tests/postgres_integrations/library/pytest_integration.py:221: in execute_test
    pytest.fail()
E   Failed

logsdir:
/home/runner/actions_runner/_work/ydb/ydb/tmp/out/ydb/tests/postgres_integrations/go-libpq/test-results/py3test/testing_out_stuff
log:
/home/runner/actions_runner/_work/ydb/ydb/tmp/out/ydb/tests/postgres_integrations/go-libpq/test-results/py3test/testing_out_stuff/docker_wrapper_test.py.test_pg_generated.TestListenerReconnect.log</skipped><properties><property name="mute" value="automatically muted based on rules" /><property name="url:log" value="https://storage.yandexcloud.net/ydb-gh-logs/ydb-platform/ydb/PR-check/13185390123/ya-x86-64/try_3/artifacts/logs/ydb/tests/postgres_integrations/go-libpq/test-results/py3test/testing_out_stuff/docker_wrapper_test.py.test_pg_generated.TestListenerReconnect.log" /><property name="url:logsdir" value="https://storage.yandexcloud.net/ydb-gh-logs/ydb-platform/ydb/PR-check/13185390123/ya-x86-64/try_3/test_artifacts/ydb-tests-postgres_integrations-go-libpq.zip" /></properties></testcase>
		<testcase name="docker_wrapper_test.py.test_pg_generated[TestListenerUnlisten]" time="0.002549613998780842" classname="ydb/tests/postgres_integrations/go-libpq">
			<skipped>ydb/tests/postgres_integrations/go-libpq/docker_wrapper_test.py:23: in test_pg_generated
    tl.execute_test(testname)
ydb/tests/postgres_integrations/library/pytest_integration.py:221: in execute_test
    pytest.fail()
E   Failed

logsdir:
/home/runner/actions_runner/_work/ydb/ydb/tmp/out/ydb/tests/postgres_integrations/go-libpq/test-results/py3test/testing_out_stuff
log:
/home/runner/actions_runner/_work/ydb/ydb/tmp/out/ydb/tests/postgres_integrations/go-libpq/test-results/py3test/testing_out_stuff/docker_wrapper_test.py.test_pg_generated.TestListenerUnlisten.log</skipped><properties><property name="mute" value="automatically muted based on rules" /><property name="url:log" value="https://storage.yandexcloud.net/ydb-gh-logs/ydb-platform/ydb/PR-check/13185390123/ya-x86-64/try_3/artifacts/logs/ydb/tests/postgres_integrations/go-libpq/test-results/py3test/testing_out_stuff/docker_wrapper_test.py.test_pg_generated.TestListenerUnlisten.log" /><property name="url:logsdir" value="https://storage.yandexcloud.net/ydb-gh-logs/ydb-platform/ydb/PR-check/13185390123/ya-x86-64/try_3/test_artifacts/ydb-tests-postgres_integrations-go-libpq.zip" /></properties></testcase>
		<testcase name="docker_wrapper_test.py.test_pg_generated[TestListenerUnlistenAll]" time="0.0019745250001506065" classname="ydb/tests/postgres_integrations/go-libpq">
			<skipped>ydb/tests/postgres_integrations/go-libpq/docker_wrapper_test.py:23: in test_pg_generated
    tl.execute_test(testname)
ydb/tests/postgres_integrations/library/pytest_integration.py:221: in execute_test
    pytest.fail()
E   Failed

logsdir:
/home/runner/actions_runner/_work/ydb/ydb/tmp/out/ydb/tests/postgres_integrations/go-libpq/test-results/py3test/testing_out_stuff
log:
/home/runner/actions_runner/_work/ydb/ydb/tmp/out/ydb/tests/postgres_integrations/go-libpq/test-results/py3test/testing_out_stuff/docker_wrapper_test.py.test_pg_generated.TestListenerUnlistenAll.log</skipped><properties><property name="mute" value="automatically muted based on rules" /><property name="url:log" value="https://storage.yandexcloud.net/ydb-gh-logs/ydb-platform/ydb/PR-check/13185390123/ya-x86-64/try_3/artifacts/logs/ydb/tests/postgres_integrations/go-libpq/test-results/py3test/testing_out_stuff/docker_wrapper_test.py.test_pg_generated.TestListenerUnlistenAll.log" /><property name="url:logsdir" value="https://storage.yandexcloud.net/ydb-gh-logs/ydb-platform/ydb/PR-check/13185390123/ya-x86-64/try_3/test_artifacts/ydb-tests-postgres_integrations-go-libpq.zip" /></properties></testcase>
		<testcase name="docker_wrapper_test.py.test_pg_generated[TestNewConnector_Connect]" time="0.0019834289987556986" classname="ydb/tests/postgres_integrations/go-libpq">
			<skipped>ydb/tests/postgres_integrations/go-libpq/docker_wrapper_test.py:23: in test_pg_generated
    tl.execute_test(testname)
ydb/tests/postgres_integrations/library/pytest_integration.py:221: in execute_test
    pytest.fail()
E   Failed

logsdir:
/home/runner/actions_runner/_work/ydb/ydb/tmp/out/ydb/tests/postgres_integrations/go-libpq/test-results/py3test/testing_out_stuff
log:
/home/runner/actions_runner/_work/ydb/ydb/tmp/out/ydb/tests/postgres_integrations/go-libpq/test-results/py3test/testing_out_stuff/docker_wrapper_test.py.test_pg_generated.TestNewConnector_Connect.log</skipped><properties><property name="mute" value="automatically muted based on rules" /><property name="url:log" value="https://storage.yandexcloud.net/ydb-gh-logs/ydb-platform/ydb/PR-check/13185390123/ya-x86-64/try_3/artifacts/logs/ydb/tests/postgres_integrations/go-libpq/test-results/py3test/testing_out_stuff/docker_wrapper_test.py.test_pg_generated.TestNewConnector_Connect.log" /><property name="url:logsdir" value="https://storage.yandexcloud.net/ydb-gh-logs/ydb-platform/ydb/PR-check/13185390123/ya-x86-64/try_3/test_artifacts/ydb-tests-postgres_integrations-go-libpq.zip" /></properties></testcase>
		<testcase name="docker_wrapper_test.py.test_pg_generated[TestNewConnector_Driver]" time="0.0019505869995555258" classname="ydb/tests/postgres_integrations/go-libpq">
			<skipped>ydb/tests/postgres_integrations/go-libpq/docker_wrapper_test.py:23: in test_pg_generated
    tl.execute_test(testname)
ydb/tests/postgres_integrations/library/pytest_integration.py:221: in execute_test
    pytest.fail()
E   Failed

logsdir:
/home/runner/actions_runner/_work/ydb/ydb/tmp/out/ydb/tests/postgres_integrations/go-libpq/test-results/py3test/testing_out_stuff
log:
/home/runner/actions_runner/_work/ydb/ydb/tmp/out/ydb/tests/postgres_integrations/go-libpq/test-results/py3test/testing_out_stuff/docker_wrapper_test.py.test_pg_generated.TestNewConnector_Driver.log</skipped><properties><property name="mute" value="automatically muted based on rules" /><property name="url:log" value="https://storage.yandexcloud.net/ydb-gh-logs/ydb-platform/ydb/PR-check/13185390123/ya-x86-64/try_3/artifacts/logs/ydb/tests/postgres_integrations/go-libpq/test-results/py3test/testing_out_stuff/docker_wrapper_test.py.test_pg_generated.TestNewConnector_Driver.log" /><property name="url:logsdir" value="https://storage.yandexcloud.net/ydb-gh-logs/ydb-platform/ydb/PR-check/13185390123/ya-x86-64/try_3/test_artifacts/ydb-tests-postgres_integrations-go-libpq.zip" /></properties></testcase>
		<testcase name="docker_wrapper_test.py.test_pg_generated[TestNewConnector_WorksWithOpenDB]" time="0.002019387001382711" classname="ydb/tests/postgres_integrations/go-libpq">
			<skipped>ydb/tests/postgres_integrations/go-libpq/docker_wrapper_test.py:23: in test_pg_generated
    tl.execute_test(testname)
ydb/tests/postgres_integrations/library/pytest_integration.py:221: in execute_test
    pytest.fail()
E   Failed

logsdir:
/home/runner/actions_runner/_work/ydb/ydb/tmp/out/ydb/tests/postgres_integrations/go-libpq/test-results/py3test/testing_out_stuff
log:
/home/runner/actions_runner/_work/ydb/ydb/tmp/out/ydb/tests/postgres_integrations/go-libpq/test-results/py3test/testing_out_stuff/docker_wrapper_test.py.test_pg_generated.TestNewConnector_WorksWithOpenDB.log</skipped><properties><property name="mute" value="automatically muted based on rules" /><property name="url:log" value="https://storage.yandexcloud.net/ydb-gh-logs/ydb-platform/ydb/PR-check/13185390123/ya-x86-64/try_3/artifacts/logs/ydb/tests/postgres_integrations/go-libpq/test-results/py3test/testing_out_stuff/docker_wrapper_test.py.test_pg_generated.TestNewConnector_WorksWithOpenDB.log" /><property name="url:logsdir" value="https://storage.yandexcloud.net/ydb-gh-logs/ydb-platform/ydb/PR-check/13185390123/ya-x86-64/try_3/test_artifacts/ydb-tests-postgres_integrations-go-libpq.zip" /></properties></testcase>
		<testcase name="docker_wrapper_test.py.test_pg_generated[TestNotifyExtra]" time="0.0019609410001066863" classname="ydb/tests/postgres_integrations/go-libpq">
			<skipped>ydb/tests/postgres_integrations/go-libpq/docker_wrapper_test.py:23: in test_pg_generated
    tl.execute_test(testname)
ydb/tests/postgres_integrations/library/pytest_integration.py:221: in execute_test
    pytest.fail()
E   Failed

logsdir:
/home/runner/actions_runner/_work/ydb/ydb/tmp/out/ydb/tests/postgres_integrations/go-libpq/test-results/py3test/testing_out_stuff
log:
/home/runner/actions_runner/_work/ydb/ydb/tmp/out/ydb/tests/postgres_integrations/go-libpq/test-results/py3test/testing_out_stuff/docker_wrapper_test.py.test_pg_generated.TestNotifyExtra.log</skipped><properties><property name="mute" value="automatically muted based on rules" /><property name="url:log" value="https://storage.yandexcloud.net/ydb-gh-logs/ydb-platform/ydb/PR-check/13185390123/ya-x86-64/try_3/artifacts/logs/ydb/tests/postgres_integrations/go-libpq/test-results/py3test/testing_out_stuff/docker_wrapper_test.py.test_pg_generated.TestNotifyExtra.log" /><property name="url:logsdir" value="https://storage.yandexcloud.net/ydb-gh-logs/ydb-platform/ydb/PR-check/13185390123/ya-x86-64/try_3/test_artifacts/ydb-tests-postgres_integrations-go-libpq.zip" /></properties></testcase>
		<testcase name="docker_wrapper_test.py.test_pg_generated[TestNullAfterNonNull]" time="0.0020308040002419148" classname="ydb/tests/postgres_integrations/go-libpq">
			<skipped>ydb/tests/postgres_integrations/go-libpq/docker_wrapper_test.py:23: in test_pg_generated
    tl.execute_test(testname)
ydb/tests/postgres_integrations/library/pytest_integration.py:221: in execute_test
    pytest.fail()
E   Failed

logsdir:
/home/runner/actions_runner/_work/ydb/ydb/tmp/out/ydb/tests/postgres_integrations/go-libpq/test-results/py3test/testing_out_stuff
log:
/home/runner/actions_runner/_work/ydb/ydb/tmp/out/ydb/tests/postgres_integrations/go-libpq/test-results/py3test/testing_out_stuff/docker_wrapper_test.py.test_pg_generated.TestNullAfterNonNull.log</skipped><properties><property name="mute" value="automatically muted based on rules" /><property name="url:log" value="https://storage.yandexcloud.net/ydb-gh-logs/ydb-platform/ydb/PR-check/13185390123/ya-x86-64/try_3/artifacts/logs/ydb/tests/postgres_integrations/go-libpq/test-results/py3test/testing_out_stuff/docker_wrapper_test.py.test_pg_generated.TestNullAfterNonNull.log" /><property name="url:logsdir" value="https://storage.yandexcloud.net/ydb-gh-logs/ydb-platform/ydb/PR-check/13185390123/ya-x86-64/try_3/test_artifacts/ydb-tests-postgres_integrations-go-libpq.zip" /></properties></testcase>
		<testcase name="docker_wrapper_test.py.test_pg_generated[TestParseErrorInExtendedQuery]" time="0.00202727100077027" classname="ydb/tests/postgres_integrations/go-libpq">
			<skipped>ydb/tests/postgres_integrations/go-libpq/docker_wrapper_test.py:23: in test_pg_generated
    tl.execute_test(testname)
ydb/tests/postgres_integrations/library/pytest_integration.py:221: in execute_test
    pytest.fail()
E   Failed

logsdir:
/home/runner/actions_runner/_work/ydb/ydb/tmp/out/ydb/tests/postgres_integrations/go-libpq/test-results/py3test/testing_out_stuff
log:
/home/runner/actions_runner/_work/ydb/ydb/tmp/out/ydb/tests/postgres_integrations/go-libpq/test-results/py3test/testing_out_stuff/docker_wrapper_test.py.test_pg_generated.TestParseErrorInExtendedQuery.log</skipped><properties><property name="mute" value="automatically muted based on rules" /><property name="url:log" value="https://storage.yandexcloud.net/ydb-gh-logs/ydb-platform/ydb/PR-check/13185390123/ya-x86-64/try_3/artifacts/logs/ydb/tests/postgres_integrations/go-libpq/test-results/py3test/testing_out_stuff/docker_wrapper_test.py.test_pg_generated.TestParseErrorInExtendedQuery.log" /><property name="url:logsdir" value="https://storage.yandexcloud.net/ydb-gh-logs/ydb-platform/ydb/PR-check/13185390123/ya-x86-64/try_3/test_artifacts/ydb-tests-postgres_integrations-go-libpq.zip" /></properties></testcase>
		<testcase name="docker_wrapper_test.py.test_pg_generated[TestPing]" time="0.001979297000616498" classname="ydb/tests/postgres_integrations/go-libpq">
			<skipped>ydb/tests/postgres_integrations/go-libpq/docker_wrapper_test.py:23: in test_pg_generated
    tl.execute_test(testname)
ydb/tests/postgres_integrations/library/pytest_integration.py:221: in execute_test
    pytest.fail()
E   Failed

logsdir:
/home/runner/actions_runner/_work/ydb/ydb/tmp/out/ydb/tests/postgres_integrations/go-libpq/test-results/py3test/testing_out_stuff
log:
/home/runner/actions_runner/_work/ydb/ydb/tmp/out/ydb/tests/postgres_integrations/go-libpq/test-results/py3test/testing_out_stuff/docker_wrapper_test.py.test_pg_generated.TestPing.log</skipped><properties><property name="mute" value="automatically muted based on rules" /><property name="url:log" value="https://storage.yandexcloud.net/ydb-gh-logs/ydb-platform/ydb/PR-check/13185390123/ya-x86-64/try_3/artifacts/logs/ydb/tests/postgres_integrations/go-libpq/test-results/py3test/testing_out_stuff/docker_wrapper_test.py.test_pg_generated.TestPing.log" /><property name="url:logsdir" value="https://storage.yandexcloud.net/ydb-gh-logs/ydb-platform/ydb/PR-check/13185390123/ya-x86-64/try_3/test_artifacts/ydb-tests-postgres_integrations-go-libpq.zip" /></properties></testcase>
		<testcase name="docker_wrapper_test.py.test_pg_generated[TestQueryCancelledReused]" time="0.0020166189997326" classname="ydb/tests/postgres_integrations/go-libpq">
			<skipped>ydb/tests/postgres_integrations/go-libpq/docker_wrapper_test.py:23: in test_pg_generated
    tl.execute_test(testname)
ydb/tests/postgres_integrations/library/pytest_integration.py:221: in execute_test
    pytest.fail()
E   Failed

logsdir:
/home/runner/actions_runner/_work/ydb/ydb/tmp/out/ydb/tests/postgres_integrations/go-libpq/test-results/py3test/testing_out_stuff
log:
/home/runner/actions_runner/_work/ydb/ydb/tmp/out/ydb/tests/postgres_integrations/go-libpq/test-results/py3test/testing_out_stuff/docker_wrapper_test.py.test_pg_generated.TestQueryCancelledReused.log</skipped><properties><property name="mute" value="automatically muted based on rules" /><property name="url:log" value="https://storage.yandexcloud.net/ydb-gh-logs/ydb-platform/ydb/PR-check/13185390123/ya-x86-64/try_3/artifacts/logs/ydb/tests/postgres_integrations/go-libpq/test-results/py3test/testing_out_stuff/docker_wrapper_test.py.test_pg_generated.TestQueryCancelledReused.log" /><property name="url:logsdir" value="https://storage.yandexcloud.net/ydb-gh-logs/ydb-platform/ydb/PR-check/13185390123/ya-x86-64/try_3/test_artifacts/ydb-tests-postgres_integrations-go-libpq.zip" /></properties></testcase>
		<testcase name="docker_wrapper_test.py.test_pg_generated[TestQueryRowBugWorkaround]" time="0.002271508999001526" classname="ydb/tests/postgres_integrations/go-libpq">
			<skipped>ydb/tests/postgres_integrations/go-libpq/docker_wrapper_test.py:23: in test_pg_generated
    tl.execute_test(testname)
ydb/tests/postgres_integrations/library/pytest_integration.py:221: in execute_test
    pytest.fail()
E   Failed

logsdir:
/home/runner/actions_runner/_work/ydb/ydb/tmp/out/ydb/tests/postgres_integrations/go-libpq/test-results/py3test/testing_out_stuff
log:
/home/runner/actions_runner/_work/ydb/ydb/tmp/out/ydb/tests/postgres_integrations/go-libpq/test-results/py3test/testing_out_stuff/docker_wrapper_test.py.test_pg_generated.TestQueryRowBugWorkaround.log</skipped><properties><property name="mute" value="automatically muted based on rules" /><property name="url:log" value="https://storage.yandexcloud.net/ydb-gh-logs/ydb-platform/ydb/PR-check/13185390123/ya-x86-64/try_3/artifacts/logs/ydb/tests/postgres_integrations/go-libpq/test-results/py3test/testing_out_stuff/docker_wrapper_test.py.test_pg_generated.TestQueryRowBugWorkaround.log" /><property name="url:logsdir" value="https://storage.yandexcloud.net/ydb-gh-logs/ydb-platform/ydb/PR-check/13185390123/ya-x86-64/try_3/test_artifacts/ydb-tests-postgres_integrations-go-libpq.zip" /></properties></testcase>
		<testcase name="docker_wrapper_test.py.test_pg_generated[TestReconnect]" time="0.0020048799997312017" classname="ydb/tests/postgres_integrations/go-libpq">
			<skipped>ydb/tests/postgres_integrations/go-libpq/docker_wrapper_test.py:23: in test_pg_generated
    tl.execute_test(testname)
ydb/tests/postgres_integrations/library/pytest_integration.py:221: in execute_test
    pytest.fail()
E   Failed

logsdir:
/home/runner/actions_runner/_work/ydb/ydb/tmp/out/ydb/tests/postgres_integrations/go-libpq/test-results/py3test/testing_out_stuff
log:
/home/runner/actions_runner/_work/ydb/ydb/tmp/out/ydb/tests/postgres_integrations/go-libpq/test-results/py3test/testing_out_stuff/docker_wrapper_test.py.test_pg_generated.TestReconnect.log</skipped><properties><property name="mute" value="automatically muted based on rules" /><property name="url:log" value="https://storage.yandexcloud.net/ydb-gh-logs/ydb-platform/ydb/PR-check/13185390123/ya-x86-64/try_3/artifacts/logs/ydb/tests/postgres_integrations/go-libpq/test-results/py3test/testing_out_stuff/docker_wrapper_test.py.test_pg_generated.TestReconnect.log" /><property name="url:logsdir" value="https://storage.yandexcloud.net/ydb-gh-logs/ydb-platform/ydb/PR-check/13185390123/ya-x86-64/try_3/test_artifacts/ydb-tests-postgres_integrations-go-libpq.zip" /></properties></testcase>
		<testcase name="docker_wrapper_test.py.test_pg_generated[TestReturning]" time="0.0020316670006650384" classname="ydb/tests/postgres_integrations/go-libpq">
			<skipped>ydb/tests/postgres_integrations/go-libpq/docker_wrapper_test.py:23: in test_pg_generated
    tl.execute_test(testname)
ydb/tests/postgres_integrations/library/pytest_integration.py:221: in execute_test
    pytest.fail()
E   Failed

logsdir:
/home/runner/actions_runner/_work/ydb/ydb/tmp/out/ydb/tests/postgres_integrations/go-libpq/test-results/py3test/testing_out_stuff
log:
/home/runner/actions_runner/_work/ydb/ydb/tmp/out/ydb/tests/postgres_integrations/go-libpq/test-results/py3test/testing_out_stuff/docker_wrapper_test.py.test_pg_generated.TestReturning.log</skipped><properties><property name="mute" value="automatically muted based on rules" /><property name="url:log" value="https://storage.yandexcloud.net/ydb-gh-logs/ydb-platform/ydb/PR-check/13185390123/ya-x86-64/try_3/artifacts/logs/ydb/tests/postgres_integrations/go-libpq/test-results/py3test/testing_out_stuff/docker_wrapper_test.py.test_pg_generated.TestReturning.log" /><property name="url:logsdir" value="https://storage.yandexcloud.net/ydb-gh-logs/ydb-platform/ydb/PR-check/13185390123/ya-x86-64/try_3/test_artifacts/ydb-tests-postgres_integrations-go-libpq.zip" /></properties></testcase>
		<testcase name="docker_wrapper_test.py.test_pg_generated[TestRowsResultTag]" time="0.002114474999871163" classname="ydb/tests/postgres_integrations/go-libpq">
			<skipped>ydb/tests/postgres_integrations/go-libpq/docker_wrapper_test.py:23: in test_pg_generated
    tl.execute_test(testname)
ydb/tests/postgres_integrations/library/pytest_integration.py:221: in execute_test
    pytest.fail()
E   Failed

logsdir:
/home/runner/actions_runner/_work/ydb/ydb/tmp/out/ydb/tests/postgres_integrations/go-libpq/test-results/py3test/testing_out_stuff
log:
/home/runner/actions_runner/_work/ydb/ydb/tmp/out/ydb/tests/postgres_integrations/go-libpq/test-results/py3test/testing_out_stuff/docker_wrapper_test.py.test_pg_generated.TestRowsResultTag.log</skipped><properties><property name="mute" value="automatically muted based on rules" /><property name="url:log" value="https://storage.yandexcloud.net/ydb-gh-logs/ydb-platform/ydb/PR-check/13185390123/ya-x86-64/try_3/artifacts/logs/ydb/tests/postgres_integrations/go-libpq/test-results/py3test/testing_out_stuff/docker_wrapper_test.py.test_pg_generated.TestRowsResultTag.log" /><property name="url:logsdir" value="https://storage.yandexcloud.net/ydb-gh-logs/ydb-platform/ydb/PR-check/13185390123/ya-x86-64/try_3/test_artifacts/ydb-tests-postgres_integrations-go-libpq.zip" /></properties></testcase>
		<testcase name="docker_wrapper_test.py.test_pg_generated[TestRuntimeParameters]" time="0.0019596809997892706" classname="ydb/tests/postgres_integrations/go-libpq">
			<skipped>ydb/tests/postgres_integrations/go-libpq/docker_wrapper_test.py:23: in test_pg_generated
    tl.execute_test(testname)
ydb/tests/postgres_integrations/library/pytest_integration.py:221: in execute_test
    pytest.fail()
E   Failed

logsdir:
/home/runner/actions_runner/_work/ydb/ydb/tmp/out/ydb/tests/postgres_integrations/go-libpq/test-results/py3test/testing_out_stuff
log:
/home/runner/actions_runner/_work/ydb/ydb/tmp/out/ydb/tests/postgres_integrations/go-libpq/test-results/py3test/testing_out_stuff/docker_wrapper_test.py.test_pg_generated.TestRuntimeParameters.log</skipped><properties><property name="mute" value="automatically muted based on rules" /><property name="url:log" value="https://storage.yandexcloud.net/ydb-gh-logs/ydb-platform/ydb/PR-check/13185390123/ya-x86-64/try_3/artifacts/logs/ydb/tests/postgres_integrations/go-libpq/test-results/py3test/testing_out_stuff/docker_wrapper_test.py.test_pg_generated.TestRuntimeParameters.log" /><property name="url:logsdir" value="https://storage.yandexcloud.net/ydb-gh-logs/ydb-platform/ydb/PR-check/13185390123/ya-x86-64/try_3/test_artifacts/ydb-tests-postgres_integrations-go-libpq.zip" /></properties></testcase>
		<testcase name="docker_wrapper_test.py.test_pg_generated[TestStmtExecContext]" time="0.0019803109998974833" classname="ydb/tests/postgres_integrations/go-libpq">
			<skipped>ydb/tests/postgres_integrations/go-libpq/docker_wrapper_test.py:23: in test_pg_generated
    tl.execute_test(testname)
ydb/tests/postgres_integrations/library/pytest_integration.py:221: in execute_test
    pytest.fail()
E   Failed

logsdir:
/home/runner/actions_runner/_work/ydb/ydb/tmp/out/ydb/tests/postgres_integrations/go-libpq/test-results/py3test/testing_out_stuff
log:
/home/runner/actions_runner/_work/ydb/ydb/tmp/out/ydb/tests/postgres_integrations/go-libpq/test-results/py3test/testing_out_stuff/docker_wrapper_test.py.test_pg_generated.TestStmtExecContext.log</skipped><properties><property name="mute" value="automatically muted based on rules" /><property name="url:log" value="https://storage.yandexcloud.net/ydb-gh-logs/ydb-platform/ydb/PR-check/13185390123/ya-x86-64/try_3/artifacts/logs/ydb/tests/postgres_integrations/go-libpq/test-results/py3test/testing_out_stuff/docker_wrapper_test.py.test_pg_generated.TestStmtExecContext.log" /><property name="url:logsdir" value="https://storage.yandexcloud.net/ydb-gh-logs/ydb-platform/ydb/PR-check/13185390123/ya-x86-64/try_3/test_artifacts/ydb-tests-postgres_integrations-go-libpq.zip" /></properties></testcase>
		<testcase name="docker_wrapper_test.py.test_pg_generated[TestStmtExecContext/context.Background]" time="0.0020185319999654894" classname="ydb/tests/postgres_integrations/go-libpq">
			<skipped>ydb/tests/postgres_integrations/go-libpq/docker_wrapper_test.py:23: in test_pg_generated
    tl.execute_test(testname)
ydb/tests/postgres_integrations/library/pytest_integration.py:221: in execute_test
    pytest.fail()
E   Failed

logsdir:
/home/runner/actions_runner/_work/ydb/ydb/tmp/out/ydb/tests/postgres_integrations/go-libpq/test-results/py3test/testing_out_stuff
log:
/home/runner/actions_runner/_work/ydb/ydb/tmp/out/ydb/tests/postgres_integrations/go-libpq/test-results/py3test/testing_out_stuff/docker_wrapper_test.py.test_pg_generated.TestStmtExecContext.context.Background.log</skipped><properties><property name="mute" value="automatically muted based on rules" /><property name="url:logsdir" value="https://storage.yandexcloud.net/ydb-gh-logs/ydb-platform/ydb/PR-check/13185390123/ya-x86-64/try_3/test_artifacts/ydb-tests-postgres_integrations-go-libpq.zip" /></properties></testcase>
		<testcase name="docker_wrapper_test.py.test_pg_generated[TestStmtExecContext/context.WithTimeout]" time="0.0020967370001017116" classname="ydb/tests/postgres_integrations/go-libpq">
			<skipped>ydb/tests/postgres_integrations/go-libpq/docker_wrapper_test.py:23: in test_pg_generated
    tl.execute_test(testname)
ydb/tests/postgres_integrations/library/pytest_integration.py:221: in execute_test
    pytest.fail()
E   Failed

logsdir:
/home/runner/actions_runner/_work/ydb/ydb/tmp/out/ydb/tests/postgres_integrations/go-libpq/test-results/py3test/testing_out_stuff
log:
/home/runner/actions_runner/_work/ydb/ydb/tmp/out/ydb/tests/postgres_integrations/go-libpq/test-results/py3test/testing_out_stuff/docker_wrapper_test.py.test_pg_generated.TestStmtExecContext.context.WithTimeout.log</skipped><properties><property name="mute" value="automatically muted based on rules" /><property name="url:logsdir" value="https://storage.yandexcloud.net/ydb-gh-logs/ydb-platform/ydb/PR-check/13185390123/ya-x86-64/try_3/test_artifacts/ydb-tests-postgres_integrations-go-libpq.zip" /></properties></testcase>
		<testcase name="docker_wrapper_test.py.test_pg_generated[TestStmtExecContext/context.WithTimeout_exceeded]" time="0.0021123630003785365" classname="ydb/tests/postgres_integrations/go-libpq">
			<skipped>ydb/tests/postgres_integrations/go-libpq/docker_wrapper_test.py:23: in test_pg_generated
    tl.execute_test(testname)
ydb/tests/postgres_integrations/library/pytest_integration.py:221: in execute_test
    pytest.fail()
E   Failed

logsdir:
/home/runner/actions_runner/_work/ydb/ydb/tmp/out/ydb/tests/postgres_integrations/go-libpq/test-results/py3test/testing_out_stuff
log:
/home/runner/actions_runner/_work/ydb/ydb/tmp/out/ydb/tests/postgres_integrations/go-libpq/test-results/py3test/testing_out_stuff/docker_wrapper_test.py.test_pg_generated.TestStmtExecContext.context.WithTimeout_exceeded.log</skipped><properties><property name="mute" value="automatically muted based on rules" /><property name="url:logsdir" value="https://storage.yandexcloud.net/ydb-gh-logs/ydb-platform/ydb/PR-check/13185390123/ya-x86-64/try_3/test_artifacts/ydb-tests-postgres_integrations-go-libpq.zip" /></properties></testcase>
		<testcase name="docker_wrapper_test.py.test_pg_generated[TestStmtQueryContext]" time="0.002056682999864279" classname="ydb/tests/postgres_integrations/go-libpq">
			<skipped>ydb/tests/postgres_integrations/go-libpq/docker_wrapper_test.py:23: in test_pg_generated
    tl.execute_test(testname)
ydb/tests/postgres_integrations/library/pytest_integration.py:221: in execute_test
    pytest.fail()
E   Failed

logsdir:
/home/runner/actions_runner/_work/ydb/ydb/tmp/out/ydb/tests/postgres_integrations/go-libpq/test-results/py3test/testing_out_stuff
log:
/home/runner/actions_runner/_work/ydb/ydb/tmp/out/ydb/tests/postgres_integrations/go-libpq/test-results/py3test/testing_out_stuff/docker_wrapper_test.py.test_pg_generated.TestStmtQueryContext.log</skipped><properties><property name="mute" value="automatically muted based on rules" /><property name="url:log" value="https://storage.yandexcloud.net/ydb-gh-logs/ydb-platform/ydb/PR-check/13185390123/ya-x86-64/try_3/artifacts/logs/ydb/tests/postgres_integrations/go-libpq/test-results/py3test/testing_out_stuff/docker_wrapper_test.py.test_pg_generated.TestStmtQueryContext.log" /><property name="url:logsdir" value="https://storage.yandexcloud.net/ydb-gh-logs/ydb-platform/ydb/PR-check/13185390123/ya-x86-64/try_3/test_artifacts/ydb-tests-postgres_integrations-go-libpq.zip" /></properties></testcase>
		<testcase name="docker_wrapper_test.py.test_pg_generated[TestStmtQueryContext/context.Background]" time="0.0021944250011074473" classname="ydb/tests/postgres_integrations/go-libpq">
			<skipped>ydb/tests/postgres_integrations/go-libpq/docker_wrapper_test.py:23: in test_pg_generated
    tl.execute_test(testname)
ydb/tests/postgres_integrations/library/pytest_integration.py:221: in execute_test
    pytest.fail()
E   Failed

logsdir:
/home/runner/actions_runner/_work/ydb/ydb/tmp/out/ydb/tests/postgres_integrations/go-libpq/test-results/py3test/testing_out_stuff
log:
/home/runner/actions_runner/_work/ydb/ydb/tmp/out/ydb/tests/postgres_integrations/go-libpq/test-results/py3test/testing_out_stuff/docker_wrapper_test.py.test_pg_generated.TestStmtQueryContext.context.Background.log</skipped><properties><property name="mute" value="automatically muted based on rules" /><property name="url:logsdir" value="https://storage.yandexcloud.net/ydb-gh-logs/ydb-platform/ydb/PR-check/13185390123/ya-x86-64/try_3/test_artifacts/ydb-tests-postgres_integrations-go-libpq.zip" /></properties></testcase>
		<testcase name="docker_wrapper_test.py.test_pg_generated[TestStmtQueryContext/context.WithTimeout]" time="0.0020139640000707004" classname="ydb/tests/postgres_integrations/go-libpq">
			<skipped>ydb/tests/postgres_integrations/go-libpq/docker_wrapper_test.py:23: in test_pg_generated
    tl.execute_test(testname)
ydb/tests/postgres_integrations/library/pytest_integration.py:221: in execute_test
    pytest.fail()
E   Failed

logsdir:
/home/runner/actions_runner/_work/ydb/ydb/tmp/out/ydb/tests/postgres_integrations/go-libpq/test-results/py3test/testing_out_stuff
log:
/home/runner/actions_runner/_work/ydb/ydb/tmp/out/ydb/tests/postgres_integrations/go-libpq/test-results/py3test/testing_out_stuff/docker_wrapper_test.py.test_pg_generated.TestStmtQueryContext.context.WithTimeout.log</skipped><properties><property name="mute" value="automatically muted based on rules" /><property name="url:logsdir" value="https://storage.yandexcloud.net/ydb-gh-logs/ydb-platform/ydb/PR-check/13185390123/ya-x86-64/try_3/test_artifacts/ydb-tests-postgres_integrations-go-libpq.zip" /></properties></testcase>
		<testcase name="docker_wrapper_test.py.test_pg_generated[TestStmtQueryContext/context.WithTimeout_exceeded]" time="0.0021649350001098355" classname="ydb/tests/postgres_integrations/go-libpq">
			<skipped>ydb/tests/postgres_integrations/go-libpq/docker_wrapper_test.py:23: in test_pg_generated
    tl.execute_test(testname)
ydb/tests/postgres_integrations/library/pytest_integration.py:221: in execute_test
    pytest.fail()
E   Failed

logsdir:
/home/runner/actions_runner/_work/ydb/ydb/tmp/out/ydb/tests/postgres_integrations/go-libpq/test-results/py3test/testing_out_stuff
log:
/home/runner/actions_runner/_work/ydb/ydb/tmp/out/ydb/tests/postgres_integrations/go-libpq/test-results/py3test/testing_out_stuff/docker_wrapper_test.py.test_pg_generated.TestStmtQueryContext.context.WithTimeout_exceeded.log</skipped><properties><property name="mute" value="automatically muted based on rules" /><property name="url:logsdir" value="https://storage.yandexcloud.net/ydb-gh-logs/ydb-platform/ydb/PR-check/13185390123/ya-x86-64/try_3/test_artifacts/ydb-tests-postgres_integrations-go-libpq.zip" /></properties></testcase>
		<testcase name="docker_wrapper_test.py.test_pg_generated[TestStringWithNul]" time="0.0019802619999609306" classname="ydb/tests/postgres_integrations/go-libpq">
			<skipped>ydb/tests/postgres_integrations/go-libpq/docker_wrapper_test.py:23: in test_pg_generated
    tl.execute_test(testname)
ydb/tests/postgres_integrations/library/pytest_integration.py:221: in execute_test
    pytest.fail()
E   Failed

logsdir:
/home/runner/actions_runner/_work/ydb/ydb/tmp/out/ydb/tests/postgres_integrations/go-libpq/test-results/py3test/testing_out_stuff
log:
/home/runner/actions_runner/_work/ydb/ydb/tmp/out/ydb/tests/postgres_integrations/go-libpq/test-results/py3test/testing_out_stuff/docker_wrapper_test.py.test_pg_generated.TestStringWithNul.log</skipped><properties><property name="mute" value="automatically muted based on rules" /><property name="url:log" value="https://storage.yandexcloud.net/ydb-gh-logs/ydb-platform/ydb/PR-check/13185390123/ya-x86-64/try_3/artifacts/logs/ydb/tests/postgres_integrations/go-libpq/test-results/py3test/testing_out_stuff/docker_wrapper_test.py.test_pg_generated.TestStringWithNul.log" /><property name="url:logsdir" value="https://storage.yandexcloud.net/ydb-gh-logs/ydb-platform/ydb/PR-check/13185390123/ya-x86-64/try_3/test_artifacts/ydb-tests-postgres_integrations-go-libpq.zip" /></properties></testcase>
		<testcase name="docker_wrapper_test.py.test_pg_generated[TestTimestampWithTimeZone]" time="0.002105888000187406" classname="ydb/tests/postgres_integrations/go-libpq">
			<skipped>ydb/tests/postgres_integrations/go-libpq/docker_wrapper_test.py:23: in test_pg_generated
    tl.execute_test(testname)
ydb/tests/postgres_integrations/library/pytest_integration.py:221: in execute_test
    pytest.fail()
E   Failed

logsdir:
/home/runner/actions_runner/_work/ydb/ydb/tmp/out/ydb/tests/postgres_integrations/go-libpq/test-results/py3test/testing_out_stuff
log:
/home/runner/actions_runner/_work/ydb/ydb/tmp/out/ydb/tests/postgres_integrations/go-libpq/test-results/py3test/testing_out_stuff/docker_wrapper_test.py.test_pg_generated.TestTimestampWithTimeZone.log</skipped><properties><property name="mute" value="automatically muted based on rules" /><property name="url:log" value="https://storage.yandexcloud.net/ydb-gh-logs/ydb-platform/ydb/PR-check/13185390123/ya-x86-64/try_3/artifacts/logs/ydb/tests/postgres_integrations/go-libpq/test-results/py3test/testing_out_stuff/docker_wrapper_test.py.test_pg_generated.TestTimestampWithTimeZone.log" /><property name="url:logsdir" value="https://storage.yandexcloud.net/ydb-gh-logs/ydb-platform/ydb/PR-check/13185390123/ya-x86-64/try_3/test_artifacts/ydb-tests-postgres_integrations-go-libpq.zip" /></properties></testcase>
		<testcase name="docker_wrapper_test.py.test_pg_generated[TestTxOptions]" time="1.005308931999025" classname="ydb/tests/postgres_integrations/go-libpq">
			<skipped>ydb/tests/postgres_integrations/go-libpq/docker_wrapper_test.py:23: in test_pg_generated
    tl.execute_test(testname)
ydb/tests/postgres_integrations/library/pytest_integration.py:221: in execute_test
    pytest.fail()
E   Failed

logsdir:
/home/runner/actions_runner/_work/ydb/ydb/tmp/out/ydb/tests/postgres_integrations/go-libpq/test-results/py3test/testing_out_stuff
log:
/home/runner/actions_runner/_work/ydb/ydb/tmp/out/ydb/tests/postgres_integrations/go-libpq/test-results/py3test/testing_out_stuff/docker_wrapper_test.py.test_pg_generated.TestTxOptions.log</skipped><properties><property name="mute" value="automatically muted based on rules" /><property name="url:log" value="https://storage.yandexcloud.net/ydb-gh-logs/ydb-platform/ydb/PR-check/13185390123/ya-x86-64/try_3/artifacts/logs/ydb/tests/postgres_integrations/go-libpq/test-results/py3test/testing_out_stuff/docker_wrapper_test.py.test_pg_generated.TestTxOptions.log" /><property name="url:logsdir" value="https://storage.yandexcloud.net/ydb-gh-logs/ydb-platform/ydb/PR-check/13185390123/ya-x86-64/try_3/test_artifacts/ydb-tests-postgres_integrations-go-libpq.zip" /></properties></testcase>
	</testsuite>
	<testsuite name="ydb/tests/stress/log/tests" tests="1" time="9.882758931000353" failures="1" skipped="0">
		<testcase name="sole chunk chunk" time="0.0" classname="ydb/tests/stress/log/tests"><properties><property name="url:logsdir" value="https://storage.yandexcloud.net/ydb-gh-logs/ydb-platform/ydb/PR-check/13185390123/ya-x86-64/try_3/test_artifacts/ydb-tests-stress-log-tests.zip" /></properties></testcase>
		<testcase name="test_workload.py.TestYdbLogWorkload.test[column]" time="9.882758931000353" classname="ydb/tests/stress/log/tests">
			<skipped>ydb/tests/stress/log/tests/test_workload.py:76: in test
    yatest.common.execute(command, wait=True)
library/python/testing/yatest_common/yatest/common/process.py:656: in execute
    res.wait(check_exit_code, timeout, on_timeout)
library/python/testing/yatest_common/yatest/common/process.py:411: in wait
    self._finalise(check_exit_code)
library/python/testing/yatest_common/yatest/common/process.py:422: in _finalise
    raise ExecutionError(self)
E   yatest.common.process.ExecutionError: Command '/home/runner/actions_runner/_work/ydb/ydb/tmp/out/ydb/apps/ydb/ydb --verbose --endpoint grpc://localhost:9862 --database=/Root workload log import --bulk-size 1000 -t 1 generator --path column --int-cols 2 --str-cols 5 --key-cols 4 --len 200 --rows 100000' has failed with code 1.
E   Errors:
E   b'Bulk upset to /Root/column failed, TRANSPORT_UNAVAILABLE, &amp;lt;main&amp;gt;: Error: GRpc error: (14): recvmsg:Connection reset by peer\n&amp;lt;main&amp;gt;: Error: Grpc error response on endpoint ghrun-w4ceysvih4.auto.internal:9862\n\nBulk upset to /Root/column failed, TRANSPORT_UNAVAILABLE, &amp;lt;main&amp;gt;: Error: GRpc error: (14): recvmsg:Connection reset by peer\n&amp;lt;main&amp;gt;: Error: Grpc error response on endpoint ghrun-w4ceysvih4.auto.internal:9862\n\nBulk upset to /Root/column failed, TRANSPORT_UNAVAILABLE, &amp;lt;main&amp;gt;: Error: GRpc error: (14): recvmsg:Connection reset by peer\n&amp;lt;main&amp;gt;: Error: Grpc error response on endpoint ghrun-w4ceysvih4.auto.internal:9862\n\nBulk upset to /Root/column failed, TRANSPORT_UNAVAILABLE, &amp;lt;main&amp;gt;: Error: GRpc error: (14): failed to connect to all addresses; last error: UNKNOWN: ipv4:127.0.1.1:9862: Failed to connect to remote host: Connection refused\n&amp;lt;main&amp;gt;: Error: Grpc error response on endpoint ghrun-w4ceysvih4.auto.internal:9862\n\n\n'teardown failed:
ydb/tests/stress/log/tests/test_workload.py:41: in teardown_class
    cls.cluster.stop()
ydb/tests/library/harness/kikimr_runner.py:457: in stop
    raise daemon.SeveralDaemonErrors(saved_exceptions)
E   ydb.tests.library.harness.daemon.SeveralDaemonErrors: Daemon failed with message: Unexpectedly finished before stop.
E   Process exit_code = -6.
E   Stdout file name: 
E   /home/runner/actions_runner/_work/ydb/ydb/tmp/out/ydb/tests/stress/log/tests/test-results/py3test/testing_out_stuff/test_workload.py.TestYdbLogWorkload.test.column/cluster/node_1/stdout
E   Stderr file name: 
E   /home/runner/actions_runner/_work/ydb/ydb/tmp/out/ydb/tests/stress/log/tests/test-results/py3test/testing_out_stuff/test_workload.py.TestYdbLogWorkload.test.column/cluster/node_1/stderr
E   Stderr content:
E   
E   GRpc memory quota was set but disabled due to issues with grpc quoter, to enable it use EnableGRpcMemoryQuota option
E   VERIFY failed (2025-02-06T20:00:27.943435Z): memory leak; Expected 13697024, actual 13631488 (208 page(s), 0 offloaded); allocator created at: ydb/library/yql/dq/actors/compute/dq_compute_actor_impl.h:180
E   yql/essentials/minikql/aligned_page_pool.cpp:312
E   ~TAlignedPagePoolImpl(): requirement TotalAllocated == FreePages.size() * POOL_PAGE_SIZE failed
E   0. /-S/util/system/yassert.cpp:83: InternalPanicImpl @ 0x9C4D345
E   1. /-S/util/system/yassert.cpp:55: Panic @ 0x9C471D6
E   2. /tmp//-S/yql/essentials/minikql/aligned_page_pool.cpp:309: ~TAlignedPagePoolImpl @ 0xC43256E
E   3. /-S/contrib/libs/cxxsupp/libcxx/include/__memory/shared_ptr.h:171: __release_shared @ 0x19E8255A
E   4. /-S/contrib/libs/cxxsupp/libcxx/include/__memory/shared_ptr.h:217: __release_shared @ 0x19E8255A
E   5. /-S/contrib/libs/cxxsupp/libcxx/include/__memory/shared_ptr.h:682: ~shared_ptr @ 0x19E8255A
E   6. /-S/ydb/library/yql/dq/actors/compute/dq_compute_actor_impl.h:203: ~TDqComputeActorBase @ 0x19E8255A
E   7. /-S/ydb/core/kqp/compute_actor/kqp_pure_compute_actor.h:19: ?? @ 0x19E79CBD
E   8. /-S/util/generic/ptr.h:36: CheckedDelete&amp;lt;NActors::IActor&amp;gt; @ 0xA9AE747
E   9. /-S/util/generic/ptr.h:57: Destroy&amp;lt;NActors::IActor&amp;gt; @ 0xA9AE747
E   10. /-S/util/generic/ptr.h:360: DoDestroy @ 0xA9AE747
E   11. /-S/util/generic/ptr.h:290: ~THolder @ 0xA9AE747
E   12. /-S/contrib/libs/cxxsupp/libcxx/include/__memory/allocator.h:170: destroy @ 0xA9AE747
E   13. /-S/contrib/libs/cxxsupp/libcxx/include/__memory/allocator_traits.h:334: destroy&amp;lt;THolder&amp;lt;NActors::IActor, TDelete&amp;gt;, 0&amp;gt; @ 0xA9AE747
E   14. /-S/contrib/libs/cxxsupp/libcxx/include/vector:939: __base_destruct_at_end @ 0xA9AE747
E   15. /-S/contrib/libs/cxxsupp/libcxx/include/vector:933: __clear @ 0xA9AE747
E   16. /-S/contrib/libs/cxxsupp/libcxx/include/vector:716: clear @ 0xA9AE747
E   17. /tmp//-S/ydb/library/actors/core/executor_thread.cpp:113: DropUnregistered @ 0xA9AE747
E   18. /tmp//-S/ydb/library/actors/core/executor_thread.cpp:280: Execute @ 0xA9AF3F9
E   19. /tmp//-S/ydb/library/actors/core/executor_thread.cpp:460: operator() @ 0xA9B3005
E   20. /tmp//-S/ydb/library/actors/core/executor_thread.cpp:512: ProcessExecutorPool @ 0xA9B2BC0
E   21. /tmp//-S/ydb/library/actors/core/executor_thread.cpp:538: ThreadProc @ 0xA9B383A
E   22. /-S/util/system/thread.cpp:244: ThreadProxy @ 0x9C516DC
E   23. ??:0: ?? @ 0x7F08AAD3FAC2
E   24. ??:0: ?? @ 0x7F08AADD184F

logsdir:
/home/runner/actions_runner/_work/ydb/ydb/tmp/out/ydb/tests/stress/log/tests/test-results/py3test/testing_out_stuff
log:
/home/runner/actions_runner/_work/ydb/ydb/tmp/out/ydb/tests/stress/log/tests/test-results/py3test/testing_out_stuff/test_workload.py.TestYdbLogWorkload.test.column.log</skipped><properties><property name="mute" value="automatically muted based on rules" /><property name="url:log" value="https://storage.yandexcloud.net/ydb-gh-logs/ydb-platform/ydb/PR-check/13185390123/ya-x86-64/try_3/artifacts/logs/ydb/tests/stress/log/tests/test-results/py3test/testing_out_stuff/test_workload.py.TestYdbLogWorkload.test.column.log" /><property name="url:logsdir" value="https://storage.yandexcloud.net/ydb-gh-logs/ydb-platform/ydb/PR-check/13185390123/ya-x86-64/try_3/test_artifacts/ydb-tests-stress-log-tests.zip" /></properties></testcase>
	</testsuite>
	<testsuite name="ydb/core/keyvalue/ut_trace" tests="4" time="6.482508" failures="4" skipped="0">
		<testcase name="[0/5] chunk chunk" time="0.0" classname="ydb/core/keyvalue/ut_trace"><properties><property name="url:logsdir" value="https://storage.yandexcloud.net/ydb-gh-logs/ydb-platform/ydb/PR-check/13185390123/ya-x86-64/try_3/test_artifacts/ydb-core-keyvalue-ut_trace.zip" /></properties></testcase>
		<testcase name="TKeyValueTracingTest.ReadHuge" time="1.687261" classname="ydb/core/keyvalue/ut_trace">
			<skipped>equal assertion failed at ydb/core/keyvalue/keyvalue_ut_trace.cpp:124, void TestOneRead(TString, TString): env.WilsonUploader-&amp;gt;Traces.size() == 1 
Get at /-S/util/generic/ptr.h:579:16
UnRef at /-S/util/generic/ptr.h:624:13
UnRef at /-S/util/generic/ptr.h:624:13
NTestSuiteTKeyValueTracingTest::TCurrentTest::Execute()::'lambda'()::operator()() const at /-S/ydb/core/keyvalue/keyvalue_ut_trace.cpp:0:1
~__value_func at /-S/contrib/libs/cxxsupp/libcxx/include/__functional/function.h:395:16
UnRef at /-S/util/generic/ptr.h:624:13
NUnitTest::TTestFactory::Execute() at /-S/library/cpp/testing/unittest/registar.cpp:0:19
NUnitTest::RunMain(int, char**) at /-S/library/cpp/testing/unittest/utmain.cpp:0:0
?? at ??:0:0
?? at ??:0:0
_start at ??:0:0


logsdir:
/home/runner/actions_runner/_work/ydb/ydb/tmp/out/ydb/core/keyvalue/ut_trace/test-results/unittest/testing_out_stuff
stderr:
/home/runner/actions_runner/_work/ydb/ydb/tmp/out/ydb/core/keyvalue/ut_trace/test-results/unittest/testing_out_stuff/TKeyValueTracingTest.ReadHuge.err
stdout:
/home/runner/actions_runner/_work/ydb/ydb/tmp/out/ydb/core/keyvalue/ut_trace/test-results/unittest/testing_out_stuff/TKeyValueTracingTest.ReadHuge.out</skipped><properties><property name="mute" value="automatically muted based on rules" /><property name="url:stderr" value="https://storage.yandexcloud.net/ydb-gh-logs/ydb-platform/ydb/PR-check/13185390123/ya-x86-64/try_3/artifacts/logs/ydb/core/keyvalue/ut_trace/test-results/unittest/testing_out_stuff/TKeyValueTracingTest.ReadHuge.err" /><property name="url:logsdir" value="https://storage.yandexcloud.net/ydb-gh-logs/ydb-platform/ydb/PR-check/13185390123/ya-x86-64/try_3/test_artifacts/ydb-core-keyvalue-ut_trace.zip" /></properties></testcase>
		<testcase name="[1/5] chunk chunk" time="0.0" classname="ydb/core/keyvalue/ut_trace"><properties><property name="url:logsdir" value="https://storage.yandexcloud.net/ydb-gh-logs/ydb-platform/ydb/PR-check/13185390123/ya-x86-64/try_3/test_artifacts/ydb-core-keyvalue-ut_trace.zip" /></properties></testcase>
		<testcase name="TKeyValueTracingTest.ReadSmall" time="1.45617" classname="ydb/core/keyvalue/ut_trace">
			<skipped>equal assertion failed at ydb/core/keyvalue/keyvalue_ut_trace.cpp:124, void TestOneRead(TString, TString): env.WilsonUploader-&amp;gt;Traces.size() == 1 
Get at /-S/util/generic/ptr.h:579:16
UnRef at /-S/util/generic/ptr.h:624:13
UnRef at /-S/util/generic/ptr.h:624:13
NTestSuiteTKeyValueTracingTest::TCurrentTest::Execute()::'lambda'()::operator()() const at /-S/ydb/core/keyvalue/keyvalue_ut_trace.cpp:0:1
~__value_func at /-S/contrib/libs/cxxsupp/libcxx/include/__functional/function.h:395:16
UnRef at /-S/util/generic/ptr.h:624:13
NUnitTest::TTestFactory::Execute() at /-S/library/cpp/testing/unittest/registar.cpp:0:19
NUnitTest::RunMain(int, char**) at /-S/library/cpp/testing/unittest/utmain.cpp:0:0
?? at ??:0:0
?? at ??:0:0
_start at ??:0:0


logsdir:
/home/runner/actions_runner/_work/ydb/ydb/tmp/out/ydb/core/keyvalue/ut_trace/test-results/unittest/testing_out_stuff
stderr:
/home/runner/actions_runner/_work/ydb/ydb/tmp/out/ydb/core/keyvalue/ut_trace/test-results/unittest/testing_out_stuff/TKeyValueTracingTest.ReadSmall.err
stdout:
/home/runner/actions_runner/_work/ydb/ydb/tmp/out/ydb/core/keyvalue/ut_trace/test-results/unittest/testing_out_stuff/TKeyValueTracingTest.ReadSmall.out</skipped><properties><property name="mute" value="automatically muted based on rules" /><property name="url:stderr" value="https://storage.yandexcloud.net/ydb-gh-logs/ydb-platform/ydb/PR-check/13185390123/ya-x86-64/try_3/artifacts/logs/ydb/core/keyvalue/ut_trace/test-results/unittest/testing_out_stuff/TKeyValueTracingTest.ReadSmall.err" /><property name="url:logsdir" value="https://storage.yandexcloud.net/ydb-gh-logs/ydb-platform/ydb/PR-check/13185390123/ya-x86-64/try_3/test_artifacts/ydb-core-keyvalue-ut_trace.zip" /></properties></testcase>
		<testcase name="[2/5] chunk chunk" time="0.0" classname="ydb/core/keyvalue/ut_trace"><properties><property name="url:logsdir" value="https://storage.yandexcloud.net/ydb-gh-logs/ydb-platform/ydb/PR-check/13185390123/ya-x86-64/try_3/test_artifacts/ydb-core-keyvalue-ut_trace.zip" /></properties></testcase>
		<testcase name="TKeyValueTracingTest.WriteHuge" time="1.67455" classname="ydb/core/keyvalue/ut_trace">
			<skipped>assertion failed at ydb/core/keyvalue/keyvalue_ut_trace.cpp:103, void TestOneWrite(TString, TVector&amp;lt;TString&amp;gt; &amp;amp;&amp;amp;): (env.WilsonUploader-&amp;gt;Traces.size() == 1) failed: (2 != 1) 
Get at /-S/util/generic/ptr.h:579:16
~TStringBuilder at /-S/util/string/builder.h:8:11
UnRef at /-S/util/generic/ptr.h:624:13
NTestSuiteTKeyValueTracingTest::TCurrentTest::Execute()::'lambda'()::operator()() const at /-S/ydb/core/keyvalue/keyvalue_ut_trace.cpp:0:1
~__value_func at /-S/contrib/libs/cxxsupp/libcxx/include/__functional/function.h:395:16
UnRef at /-S/util/generic/ptr.h:624:13
NUnitTest::TTestFactory::Execute() at /-S/library/cpp/testing/unittest/registar.cpp:0:19
NUnitTest::RunMain(int, char**) at /-S/library/cpp/testing/unittest/utmain.cpp:0:0
?? at ??:0:0
?? at ??:0:0
_start at ??:0:0


logsdir:
/home/runner/actions_runner/_work/ydb/ydb/tmp/out/ydb/core/keyvalue/ut_trace/test-results/unittest/testing_out_stuff
stderr:
/home/runner/actions_runner/_work/ydb/ydb/tmp/out/ydb/core/keyvalue/ut_trace/test-results/unittest/testing_out_stuff/TKeyValueTracingTest.WriteHuge.err
stdout:
/home/runner/actions_runner/_work/ydb/ydb/tmp/out/ydb/core/keyvalue/ut_trace/test-results/unittest/testing_out_stuff/TKeyValueTracingTest.WriteHuge.out</skipped><properties><property name="mute" value="automatically muted based on rules" /><property name="url:stderr" value="https://storage.yandexcloud.net/ydb-gh-logs/ydb-platform/ydb/PR-check/13185390123/ya-x86-64/try_3/artifacts/logs/ydb/core/keyvalue/ut_trace/test-results/unittest/testing_out_stuff/TKeyValueTracingTest.WriteHuge.err" /><property name="url:logsdir" value="https://storage.yandexcloud.net/ydb-gh-logs/ydb-platform/ydb/PR-check/13185390123/ya-x86-64/try_3/test_artifacts/ydb-core-keyvalue-ut_trace.zip" /></properties></testcase>
		<testcase name="[3/5] chunk chunk" time="0.0" classname="ydb/core/keyvalue/ut_trace"><properties><property name="url:logsdir" value="https://storage.yandexcloud.net/ydb-gh-logs/ydb-platform/ydb/PR-check/13185390123/ya-x86-64/try_3/test_artifacts/ydb-core-keyvalue-ut_trace.zip" /></properties></testcase>
		<testcase name="TKeyValueTracingTest.WriteSmall" time="1.664527" classname="ydb/core/keyvalue/ut_trace">
			<skipped>assertion failed at ydb/core/keyvalue/keyvalue_ut_trace.cpp:103, void TestOneWrite(TString, TVector&amp;lt;TString&amp;gt; &amp;amp;&amp;amp;): (env.WilsonUploader-&amp;gt;Traces.size() == 1) failed: (2 != 1) 
Get at /-S/util/generic/ptr.h:579:16
~TStringBuilder at /-S/util/string/builder.h:8:11
UnRef at /-S/util/generic/ptr.h:624:13
NTestSuiteTKeyValueTracingTest::TCurrentTest::Execute()::'lambda'()::operator()() const at /-S/ydb/core/keyvalue/keyvalue_ut_trace.cpp:0:1
~__value_func at /-S/contrib/libs/cxxsupp/libcxx/include/__functional/function.h:395:16
UnRef at /-S/util/generic/ptr.h:624:13
NUnitTest::TTestFactory::Execute() at /-S/library/cpp/testing/unittest/registar.cpp:0:19
NUnitTest::RunMain(int, char**) at /-S/library/cpp/testing/unittest/utmain.cpp:0:0
?? at ??:0:0
?? at ??:0:0
_start at ??:0:0


logsdir:
/home/runner/actions_runner/_work/ydb/ydb/tmp/out/ydb/core/keyvalue/ut_trace/test-results/unittest/testing_out_stuff
stderr:
/home/runner/actions_runner/_work/ydb/ydb/tmp/out/ydb/core/keyvalue/ut_trace/test-results/unittest/testing_out_stuff/TKeyValueTracingTest.WriteSmall.err
stdout:
/home/runner/actions_runner/_work/ydb/ydb/tmp/out/ydb/core/keyvalue/ut_trace/test-results/unittest/testing_out_stuff/TKeyValueTracingTest.WriteSmall.out</skipped><properties><property name="mute" value="automatically muted based on rules" /><property name="url:stderr" value="https://storage.yandexcloud.net/ydb-gh-logs/ydb-platform/ydb/PR-check/13185390123/ya-x86-64/try_3/artifacts/logs/ydb/core/keyvalue/ut_trace/test-results/unittest/testing_out_stuff/TKeyValueTracingTest.WriteSmall.err" /><property name="url:logsdir" value="https://storage.yandexcloud.net/ydb-gh-logs/ydb-platform/ydb/PR-check/13185390123/ya-x86-64/try_3/test_artifacts/ydb-core-keyvalue-ut_trace.zip" /></properties></testcase>
	</testsuite>
	<testsuite name="ydb/core/kqp/ut/cost" tests="1" time="0.921303" failures="1" skipped="0">
		<testcase name="[0/50] chunk chunk" time="0.0" classname="ydb/core/kqp/ut/cost"><properties><property name="url:logsdir" value="https://storage.yandexcloud.net/ydb-gh-logs/ydb-platform/ydb/PR-check/13185390123/ya-x86-64/try_3/test_artifacts/ydb-core-kqp-ut-cost.zip" /></properties></testcase>
		<testcase name="KqpCost.OlapWriteRow" time="0.921303" classname="ydb/core/kqp/ut/cost">
			<skipped>(y_absl::lts_y_20240722::log_internal::FatalException) LogMessageFatal exception


logsdir:
/home/runner/actions_runner/_work/ydb/ydb/tmp/out/ydb/core/kqp/ut/cost/test-results/unittest/testing_out_stuff
stderr:
/home/runner/actions_runner/_work/ydb/ydb/tmp/out/ydb/core/kqp/ut/cost/test-results/unittest/testing_out_stuff/KqpCost.OlapWriteRow.err
stdout:
/home/runner/actions_runner/_work/ydb/ydb/tmp/out/ydb/core/kqp/ut/cost/test-results/unittest/testing_out_stuff/KqpCost.OlapWriteRow.out</skipped><properties><property name="mute" value="automatically muted based on rules" /><property name="url:stdout" value="https://storage.yandexcloud.net/ydb-gh-logs/ydb-platform/ydb/PR-check/13185390123/ya-x86-64/try_3/artifacts/logs/ydb/core/kqp/ut/cost/test-results/unittest/testing_out_stuff/KqpCost.OlapWriteRow.out" /><property name="url:stderr" value="https://storage.yandexcloud.net/ydb-gh-logs/ydb-platform/ydb/PR-check/13185390123/ya-x86-64/try_3/artifacts/logs/ydb/core/kqp/ut/cost/test-results/unittest/testing_out_stuff/KqpCost.OlapWriteRow.err" /><property name="url:logsdir" value="https://storage.yandexcloud.net/ydb-gh-logs/ydb-platform/ydb/PR-check/13185390123/ya-x86-64/try_3/test_artifacts/ydb-core-kqp-ut-cost.zip" /></properties></testcase>
	</testsuite>
	<testsuite name="ydb/core/kqp/ut/olap" tests="21" time="244.840698" failures="21" skipped="0">
		<testcase name="[0/200] chunk chunk" time="0.0" classname="ydb/core/kqp/ut/olap"><properties><property name="url:logsdir" value="https://storage.yandexcloud.net/ydb-gh-logs/ydb-platform/ydb/PR-check/13185390123/ya-x86-64/try_3/test_artifacts/ydb-core-kqp-ut-olap.zip" /></properties></testcase>
		<testcase name="KqpDecimalColumnShard.TestAggregation" time="0" classname="ydb/core/kqp/ut/olap">
			<skipped>Test crashed (return code: -11)
See logs for more info

logsdir:
/home/runner/actions_runner/_work/ydb/ydb/tmp/out/ydb/core/kqp/ut/olap/test-results/unittest/testing_out_stuff
stderr:
/home/runner/actions_runner/_work/ydb/ydb/tmp/out/ydb/core/kqp/ut/olap/test-results/unittest/testing_out_stuff/KqpDecimalColumnShard.TestAggregation.err
stdout:
/home/runner/actions_runner/_work/ydb/ydb/tmp/out/ydb/core/kqp/ut/olap/test-results/unittest/testing_out_stuff/KqpDecimalColumnShard.TestAggregation.out</skipped><properties><property name="mute" value="automatically muted based on rules" /><property name="url:stdout" value="https://storage.yandexcloud.net/ydb-gh-logs/ydb-platform/ydb/PR-check/13185390123/ya-x86-64/try_3/artifacts/logs/ydb/core/kqp/ut/olap/test-results/unittest/testing_out_stuff/KqpDecimalColumnShard.TestAggregation.out" /><property name="url:stderr" value="https://storage.yandexcloud.net/ydb-gh-logs/ydb-platform/ydb/PR-check/13185390123/ya-x86-64/try_3/artifacts/logs/ydb/core/kqp/ut/olap/test-results/unittest/testing_out_stuff/KqpDecimalColumnShard.TestAggregation.err" /><property name="url:logsdir" value="https://storage.yandexcloud.net/ydb-gh-logs/ydb-platform/ydb/PR-check/13185390123/ya-x86-64/try_3/test_artifacts/ydb-core-kqp-ut-olap.zip" /></properties></testcase>
		<testcase name="[1/200] chunk chunk" time="0.0" classname="ydb/core/kqp/ut/olap"><properties><property name="url:logsdir" value="https://storage.yandexcloud.net/ydb-gh-logs/ydb-platform/ydb/PR-check/13185390123/ya-x86-64/try_3/test_artifacts/ydb-core-kqp-ut-olap.zip" /></properties></testcase>
		<testcase name="KqpDecimalColumnShard.TestFilterCompare" time="3.433154" classname="ydb/core/kqp/ut/olap">
			<skipped>assertion failed at ydb/core/kqp/ut/common/kqp_ut_common.cpp:838, TString NKikimr::NKqp::StreamResultToYsonImpl(TIterator &amp;amp;, TVector&amp;lt;TString&amp;gt; *, bool, const NYdb::EStatus &amp;amp;, const TString &amp;amp;) [TIterator = NYdb::NTable::TScanQueryPartIterator]: (streamPart.EOS()) &amp;lt;main&amp;gt;: Fatal: Execution, code: 1060
    &amp;lt;main&amp;gt;: Fatal: ydb/core/kqp/query_compiler/kqp_olap_compiler.cpp:331  ConvertValueToColumn(): requirement false failed, message: Unsupported content: Decimal, code: 1

0. /tmp//-S/library/cpp/testing/unittest/registar.cpp:47: RaiseError @ 0x12CC2F98
1. /tmp//-S/ydb/core/kqp/ut/common/kqp_ut_common.cpp:838: StreamResultToYsonImpl&amp;lt;NYdb::V3::NTable::TScanQueryPartIterator&amp;gt; @ 0x24260976
2. /tmp//-S/ydb/core/kqp/ut/common/kqp_ut_common.cpp:861: ?? @ 0x242604C7
3. /tmp//-S/ydb/core/kqp/ut/common/columnshard.cpp:101: ReadData @ 0x242E0AAE
4. /tmp//-S/ydb/core/kqp/ut/olap/decimal_ut.cpp:44: CheckQuery @ 0x12986982
5. /tmp//-S/ydb/core/kqp/ut/olap/decimal_ut.cpp:166: operator() @ 0x12986982
6. /tmp//-S/ydb/core/kqp/ut/olap/decimal_ut.cpp:179: Execute_ @ 0x129867D9
7. /tmp//-S/ydb/core/kqp/ut/olap/decimal_ut.cpp:26: operator() @ 0x1298B8E6
8. /tmp//-S/library/cpp/testing/unittest/registar.cpp:374: Run @ 0x12CC4E5D
9. /tmp//-S/ydb/core/kqp/ut/olap/decimal_ut.cpp:26: Execute @ 0x1298B2AA
10. /tmp//-S/library/cpp/testing/unittest/registar.cpp:495: Execute @ 0x12CC55D2
11. /tmp//-S/library/cpp/testing/unittest/utmain.cpp:872: RunMain @ 0x12CD6A5C
12. ??:0: ?? @ 0x7F445BAF3D8F
13. ??:0: ?? @ 0x7F445BAF3E3F
14. ??:0: ?? @ 0x11BCB028


logsdir:
/home/runner/actions_runner/_work/ydb/ydb/tmp/out/ydb/core/kqp/ut/olap/test-results/unittest/testing_out_stuff
stderr:
/home/runner/actions_runner/_work/ydb/ydb/tmp/out/ydb/core/kqp/ut/olap/test-results/unittest/testing_out_stuff/KqpDecimalColumnShard.TestFilterCompare.err
stdout:
/home/runner/actions_runner/_work/ydb/ydb/tmp/out/ydb/core/kqp/ut/olap/test-results/unittest/testing_out_stuff/KqpDecimalColumnShard.TestFilterCompare.out</skipped><properties><property name="mute" value="automatically muted based on rules" /><property name="url:stdout" value="https://storage.yandexcloud.net/ydb-gh-logs/ydb-platform/ydb/PR-check/13185390123/ya-x86-64/try_3/artifacts/logs/ydb/core/kqp/ut/olap/test-results/unittest/testing_out_stuff/KqpDecimalColumnShard.TestFilterCompare.out" /><property name="url:stderr" value="https://storage.yandexcloud.net/ydb-gh-logs/ydb-platform/ydb/PR-check/13185390123/ya-x86-64/try_3/artifacts/logs/ydb/core/kqp/ut/olap/test-results/unittest/testing_out_stuff/KqpDecimalColumnShard.TestFilterCompare.err" /><property name="url:logsdir" value="https://storage.yandexcloud.net/ydb-gh-logs/ydb-platform/ydb/PR-check/13185390123/ya-x86-64/try_3/test_artifacts/ydb-core-kqp-ut-olap.zip" /></properties></testcase>
		<testcase name="[10/200] chunk chunk" time="0.0" classname="ydb/core/kqp/ut/olap"><properties><property name="url:logsdir" value="https://storage.yandexcloud.net/ydb-gh-logs/ydb-platform/ydb/PR-check/13185390123/ya-x86-64/try_3/test_artifacts/ydb-core-kqp-ut-olap.zip" /></properties></testcase>
		<testcase name="KqpOlapBlobsSharing.MultipleMerge" time="0" classname="ydb/core/kqp/ut/olap">
			<skipped>Test crashed (return code: -6)
See logs for more info

logsdir:
/home/runner/actions_runner/_work/ydb/ydb/tmp/out/ydb/core/kqp/ut/olap/test-results/unittest/testing_out_stuff
stderr:
/home/runner/actions_runner/_work/ydb/ydb/tmp/out/ydb/core/kqp/ut/olap/test-results/unittest/testing_out_stuff/KqpOlapBlobsSharing.MultipleMerge.err
stdout:
/home/runner/actions_runner/_work/ydb/ydb/tmp/out/ydb/core/kqp/ut/olap/test-results/unittest/testing_out_stuff/KqpOlapBlobsSharing.MultipleMerge.out</skipped><properties><property name="mute" value="automatically muted based on rules" /><property name="url:stdout" value="https://storage.yandexcloud.net/ydb-gh-logs/ydb-platform/ydb/PR-check/13185390123/ya-x86-64/try_3/artifacts/logs/ydb/core/kqp/ut/olap/test-results/unittest/testing_out_stuff/KqpOlapBlobsSharing.MultipleMerge.out" /><property name="url:stderr" value="https://storage.yandexcloud.net/ydb-gh-logs/ydb-platform/ydb/PR-check/13185390123/ya-x86-64/try_3/artifacts/logs/ydb/core/kqp/ut/olap/test-results/unittest/testing_out_stuff/KqpOlapBlobsSharing.MultipleMerge.err" /><property name="url:logsdir" value="https://storage.yandexcloud.net/ydb-gh-logs/ydb-platform/ydb/PR-check/13185390123/ya-x86-64/try_3/test_artifacts/ydb-core-kqp-ut-olap.zip" /></properties></testcase>
		<testcase name="[11/200] chunk chunk" time="0.0" classname="ydb/core/kqp/ut/olap"><properties><property name="url:logsdir" value="https://storage.yandexcloud.net/ydb-gh-logs/ydb-platform/ydb/PR-check/13185390123/ya-x86-64/try_3/test_artifacts/ydb-core-kqp-ut-olap.zip" /></properties></testcase>
		<testcase name="KqpOlapBlobsSharing.MultipleMergesWithRestartsAfterWait" time="0" classname="ydb/core/kqp/ut/olap">
			<skipped>Test crashed (return code: -6)
See logs for more info

logsdir:
/home/runner/actions_runner/_work/ydb/ydb/tmp/out/ydb/core/kqp/ut/olap/test-results/unittest/testing_out_stuff
stderr:
/home/runner/actions_runner/_work/ydb/ydb/tmp/out/ydb/core/kqp/ut/olap/test-results/unittest/testing_out_stuff/KqpOlapBlobsSharing.MultipleMergesWithRestartsAfterWait.err
stdout:
/home/runner/actions_runner/_work/ydb/ydb/tmp/out/ydb/core/kqp/ut/olap/test-results/unittest/testing_out_stuff/KqpOlapBlobsSharing.MultipleMergesWithRestartsAfterWait.out</skipped><properties><property name="mute" value="automatically muted based on rules" /><property name="url:stdout" value="https://storage.yandexcloud.net/ydb-gh-logs/ydb-platform/ydb/PR-check/13185390123/ya-x86-64/try_3/artifacts/logs/ydb/core/kqp/ut/olap/test-results/unittest/testing_out_stuff/KqpOlapBlobsSharing.MultipleMergesWithRestartsAfterWait.out" /><property name="url:stderr" value="https://storage.yandexcloud.net/ydb-gh-logs/ydb-platform/ydb/PR-check/13185390123/ya-x86-64/try_3/artifacts/logs/ydb/core/kqp/ut/olap/test-results/unittest/testing_out_stuff/KqpOlapBlobsSharing.MultipleMergesWithRestartsAfterWait.err" /><property name="url:logsdir" value="https://storage.yandexcloud.net/ydb-gh-logs/ydb-platform/ydb/PR-check/13185390123/ya-x86-64/try_3/test_artifacts/ydb-core-kqp-ut-olap.zip" /></properties></testcase>
		<testcase name="[12/200] chunk chunk" time="0.0" classname="ydb/core/kqp/ut/olap"><properties><property name="url:logsdir" value="https://storage.yandexcloud.net/ydb-gh-logs/ydb-platform/ydb/PR-check/13185390123/ya-x86-64/try_3/test_artifacts/ydb-core-kqp-ut-olap.zip" /></properties></testcase>
		<testcase name="KqpOlapBlobsSharing.MultipleMergesWithRestartsWhenWait" time="0" classname="ydb/core/kqp/ut/olap">
			<skipped>Test crashed (return code: -6)
See logs for more info

logsdir:
/home/runner/actions_runner/_work/ydb/ydb/tmp/out/ydb/core/kqp/ut/olap/test-results/unittest/testing_out_stuff
stderr:
/home/runner/actions_runner/_work/ydb/ydb/tmp/out/ydb/core/kqp/ut/olap/test-results/unittest/testing_out_stuff/KqpOlapBlobsSharing.MultipleMergesWithRestartsWhenWait.err
stdout:
/home/runner/actions_runner/_work/ydb/ydb/tmp/out/ydb/core/kqp/ut/olap/test-results/unittest/testing_out_stuff/KqpOlapBlobsSharing.MultipleMergesWithRestartsWhenWait.out</skipped><properties><property name="mute" value="automatically muted based on rules" /><property name="url:stdout" value="https://storage.yandexcloud.net/ydb-gh-logs/ydb-platform/ydb/PR-check/13185390123/ya-x86-64/try_3/artifacts/logs/ydb/core/kqp/ut/olap/test-results/unittest/testing_out_stuff/KqpOlapBlobsSharing.MultipleMergesWithRestartsWhenWait.out" /><property name="url:stderr" value="https://storage.yandexcloud.net/ydb-gh-logs/ydb-platform/ydb/PR-check/13185390123/ya-x86-64/try_3/artifacts/logs/ydb/core/kqp/ut/olap/test-results/unittest/testing_out_stuff/KqpOlapBlobsSharing.MultipleMergesWithRestartsWhenWait.err" /><property name="url:logsdir" value="https://storage.yandexcloud.net/ydb-gh-logs/ydb-platform/ydb/PR-check/13185390123/ya-x86-64/try_3/test_artifacts/ydb-core-kqp-ut-olap.zip" /></properties></testcase>
		<testcase name="[13/200] chunk chunk" time="0.0" classname="ydb/core/kqp/ut/olap"><properties><property name="url:logsdir" value="https://storage.yandexcloud.net/ydb-gh-logs/ydb-platform/ydb/PR-check/13185390123/ya-x86-64/try_3/test_artifacts/ydb-core-kqp-ut-olap.zip" /></properties></testcase>
		<testcase name="KqpOlapBlobsSharing.MultipleSchemaVersions" time="44.943861" classname="ydb/core/kqp/ut/olap">
			<skipped>assertion failed at ydb/core/kqp/ut/common/kqp_ut_common.cpp:556, void NKikimr::NKqp::CompareYson(const TString &amp;amp;, const TString &amp;amp;, const TString &amp;amp;): (ReformatYson(expected) == ReformatYson(actual)) failed: ("[[2u]]" != "[[3u]]") , with diff:
"[[(2|3)u]]"
0. /tmp//-S/library/cpp/testing/unittest/registar.cpp:47: RaiseError @ 0x12CC2F98
1. /tmp//-S/ydb/core/kqp/ut/common/kqp_ut_common.cpp:556: CompareYson @ 0x2425913E
2. /tmp//-S/ydb/core/kqp/ut/olap/blobs_sharing_ut.cpp:310: CheckCount @ 0x128BB508
3. /tmp//-S/ydb/core/kqp/ut/olap/blobs_sharing_ut.cpp:435: CheckCount @ 0x128AC3C8
4. /tmp//-S/ydb/core/kqp/ut/olap/blobs_sharing_ut.cpp:546: Execute_ @ 0x128AC3C8
5. /tmp//-S/ydb/core/kqp/ut/olap/blobs_sharing_ut.cpp:20: operator() @ 0x128B2BB6
6. /tmp//-S/library/cpp/testing/unittest/registar.cpp:374: Run @ 0x12CC4E5D
7. /tmp//-S/ydb/core/kqp/ut/olap/blobs_sharing_ut.cpp:20: Execute @ 0x128B241A
8. /tmp//-S/library/cpp/testing/unittest/registar.cpp:495: Execute @ 0x12CC55D2
9. /tmp//-S/library/cpp/testing/unittest/utmain.cpp:872: RunMain @ 0x12CD6A5C
10. ??:0: ?? @ 0x7FFBE7D89D8F
11. ??:0: ?? @ 0x7FFBE7D89E3F
12. ??:0: ?? @ 0x11BCB028


logsdir:
/home/runner/actions_runner/_work/ydb/ydb/tmp/out/ydb/core/kqp/ut/olap/test-results/unittest/testing_out_stuff
stderr:
/home/runner/actions_runner/_work/ydb/ydb/tmp/out/ydb/core/kqp/ut/olap/test-results/unittest/testing_out_stuff/KqpOlapBlobsSharing.MultipleSchemaVersions.err
stdout:
/home/runner/actions_runner/_work/ydb/ydb/tmp/out/ydb/core/kqp/ut/olap/test-results/unittest/testing_out_stuff/KqpOlapBlobsSharing.MultipleSchemaVersions.out</skipped><properties><property name="mute" value="automatically muted based on rules" /><property name="url:stdout" value="https://storage.yandexcloud.net/ydb-gh-logs/ydb-platform/ydb/PR-check/13185390123/ya-x86-64/try_3/artifacts/logs/ydb/core/kqp/ut/olap/test-results/unittest/testing_out_stuff/KqpOlapBlobsSharing.MultipleSchemaVersions.out" /><property name="url:stderr" value="https://storage.yandexcloud.net/ydb-gh-logs/ydb-platform/ydb/PR-check/13185390123/ya-x86-64/try_3/artifacts/logs/ydb/core/kqp/ut/olap/test-results/unittest/testing_out_stuff/KqpOlapBlobsSharing.MultipleSchemaVersions.err" /><property name="url:logsdir" value="https://storage.yandexcloud.net/ydb-gh-logs/ydb-platform/ydb/PR-check/13185390123/ya-x86-64/try_3/test_artifacts/ydb-core-kqp-ut-olap.zip" /></properties></testcase>
		<testcase name="[14/200] chunk chunk" time="0.0" classname="ydb/core/kqp/ut/olap"><properties><property name="url:logsdir" value="https://storage.yandexcloud.net/ydb-gh-logs/ydb-platform/ydb/PR-check/13185390123/ya-x86-64/try_3/test_artifacts/ydb-core-kqp-ut-olap.zip" /></properties></testcase>
		<testcase name="KqpOlapBlobsSharing.MultipleSplits" time="0" classname="ydb/core/kqp/ut/olap">
			<skipped>Test crashed (return code: -6)
See logs for more info

logsdir:
/home/runner/actions_runner/_work/ydb/ydb/tmp/out/ydb/core/kqp/ut/olap/test-results/unittest/testing_out_stuff
stderr:
/home/runner/actions_runner/_work/ydb/ydb/tmp/out/ydb/core/kqp/ut/olap/test-results/unittest/testing_out_stuff/KqpOlapBlobsSharing.MultipleSplits.err
stdout:
/home/runner/actions_runner/_work/ydb/ydb/tmp/out/ydb/core/kqp/ut/olap/test-results/unittest/testing_out_stuff/KqpOlapBlobsSharing.MultipleSplits.out</skipped><properties><property name="mute" value="automatically muted based on rules" /><property name="url:stdout" value="https://storage.yandexcloud.net/ydb-gh-logs/ydb-platform/ydb/PR-check/13185390123/ya-x86-64/try_3/artifacts/logs/ydb/core/kqp/ut/olap/test-results/unittest/testing_out_stuff/KqpOlapBlobsSharing.MultipleSplits.out" /><property name="url:stderr" value="https://storage.yandexcloud.net/ydb-gh-logs/ydb-platform/ydb/PR-check/13185390123/ya-x86-64/try_3/artifacts/logs/ydb/core/kqp/ut/olap/test-results/unittest/testing_out_stuff/KqpOlapBlobsSharing.MultipleSplits.err" /><property name="url:logsdir" value="https://storage.yandexcloud.net/ydb-gh-logs/ydb-platform/ydb/PR-check/13185390123/ya-x86-64/try_3/test_artifacts/ydb-core-kqp-ut-olap.zip" /></properties></testcase>
		<testcase name="[15/200] chunk chunk" time="0.0" classname="ydb/core/kqp/ut/olap"><properties><property name="url:logsdir" value="https://storage.yandexcloud.net/ydb-gh-logs/ydb-platform/ydb/PR-check/13185390123/ya-x86-64/try_3/test_artifacts/ydb-core-kqp-ut-olap.zip" /></properties></testcase>
		<testcase name="KqpOlapBlobsSharing.MultipleSplitsThenMerges" time="0" classname="ydb/core/kqp/ut/olap">
			<skipped>Test crashed (return code: -6)
See logs for more info

logsdir:
/home/runner/actions_runner/_work/ydb/ydb/tmp/out/ydb/core/kqp/ut/olap/test-results/unittest/testing_out_stuff
stderr:
/home/runner/actions_runner/_work/ydb/ydb/tmp/out/ydb/core/kqp/ut/olap/test-results/unittest/testing_out_stuff/KqpOlapBlobsSharing.MultipleSplitsThenMerges.err
stdout:
/home/runner/actions_runner/_work/ydb/ydb/tmp/out/ydb/core/kqp/ut/olap/test-results/unittest/testing_out_stuff/KqpOlapBlobsSharing.MultipleSplitsThenMerges.out</skipped><properties><property name="mute" value="automatically muted based on rules" /><property name="url:stdout" value="https://storage.yandexcloud.net/ydb-gh-logs/ydb-platform/ydb/PR-check/13185390123/ya-x86-64/try_3/artifacts/logs/ydb/core/kqp/ut/olap/test-results/unittest/testing_out_stuff/KqpOlapBlobsSharing.MultipleSplitsThenMerges.out" /><property name="url:stderr" value="https://storage.yandexcloud.net/ydb-gh-logs/ydb-platform/ydb/PR-check/13185390123/ya-x86-64/try_3/artifacts/logs/ydb/core/kqp/ut/olap/test-results/unittest/testing_out_stuff/KqpOlapBlobsSharing.MultipleSplitsThenMerges.err" /><property name="url:logsdir" value="https://storage.yandexcloud.net/ydb-gh-logs/ydb-platform/ydb/PR-check/13185390123/ya-x86-64/try_3/test_artifacts/ydb-core-kqp-ut-olap.zip" /></properties></testcase>
		<testcase name="[16/200] chunk chunk" time="0.0" classname="ydb/core/kqp/ut/olap"><properties><property name="url:logsdir" value="https://storage.yandexcloud.net/ydb-gh-logs/ydb-platform/ydb/PR-check/13185390123/ya-x86-64/try_3/test_artifacts/ydb-core-kqp-ut-olap.zip" /></properties></testcase>
		<testcase name="KqpOlapBlobsSharing.MultipleSplitsWithRestartsAfterWait" time="0" classname="ydb/core/kqp/ut/olap">
			<skipped>Test crashed (return code: -6)
See logs for more info

logsdir:
/home/runner/actions_runner/_work/ydb/ydb/tmp/out/ydb/core/kqp/ut/olap/test-results/unittest/testing_out_stuff
stderr:
/home/runner/actions_runner/_work/ydb/ydb/tmp/out/ydb/core/kqp/ut/olap/test-results/unittest/testing_out_stuff/KqpOlapBlobsSharing.MultipleSplitsWithRestartsAfterWait.err
stdout:
/home/runner/actions_runner/_work/ydb/ydb/tmp/out/ydb/core/kqp/ut/olap/test-results/unittest/testing_out_stuff/KqpOlapBlobsSharing.MultipleSplitsWithRestartsAfterWait.out</skipped><properties><property name="mute" value="automatically muted based on rules" /><property name="url:stdout" value="https://storage.yandexcloud.net/ydb-gh-logs/ydb-platform/ydb/PR-check/13185390123/ya-x86-64/try_3/artifacts/logs/ydb/core/kqp/ut/olap/test-results/unittest/testing_out_stuff/KqpOlapBlobsSharing.MultipleSplitsWithRestartsAfterWait.out" /><property name="url:stderr" value="https://storage.yandexcloud.net/ydb-gh-logs/ydb-platform/ydb/PR-check/13185390123/ya-x86-64/try_3/artifacts/logs/ydb/core/kqp/ut/olap/test-results/unittest/testing_out_stuff/KqpOlapBlobsSharing.MultipleSplitsWithRestartsAfterWait.err" /><property name="url:logsdir" value="https://storage.yandexcloud.net/ydb-gh-logs/ydb-platform/ydb/PR-check/13185390123/ya-x86-64/try_3/test_artifacts/ydb-core-kqp-ut-olap.zip" /></properties></testcase>
		<testcase name="[17/200] chunk chunk" time="0.0" classname="ydb/core/kqp/ut/olap"><properties><property name="url:logsdir" value="https://storage.yandexcloud.net/ydb-gh-logs/ydb-platform/ydb/PR-check/13185390123/ya-x86-64/try_3/test_artifacts/ydb-core-kqp-ut-olap.zip" /></properties></testcase>
		<testcase name="KqpOlapBlobsSharing.MultipleSplitsWithRestartsWhenWait" time="0" classname="ydb/core/kqp/ut/olap">
			<skipped>Test crashed (return code: -6)
See logs for more info

logsdir:
/home/runner/actions_runner/_work/ydb/ydb/tmp/out/ydb/core/kqp/ut/olap/test-results/unittest/testing_out_stuff
stderr:
/home/runner/actions_runner/_work/ydb/ydb/tmp/out/ydb/core/kqp/ut/olap/test-results/unittest/testing_out_stuff/KqpOlapBlobsSharing.MultipleSplitsWithRestartsWhenWait.err
stdout:
/home/runner/actions_runner/_work/ydb/ydb/tmp/out/ydb/core/kqp/ut/olap/test-results/unittest/testing_out_stuff/KqpOlapBlobsSharing.MultipleSplitsWithRestartsWhenWait.out</skipped><properties><property name="mute" value="automatically muted based on rules" /><property name="url:stdout" value="https://storage.yandexcloud.net/ydb-gh-logs/ydb-platform/ydb/PR-check/13185390123/ya-x86-64/try_3/artifacts/logs/ydb/core/kqp/ut/olap/test-results/unittest/testing_out_stuff/KqpOlapBlobsSharing.MultipleSplitsWithRestartsWhenWait.out" /><property name="url:stderr" value="https://storage.yandexcloud.net/ydb-gh-logs/ydb-platform/ydb/PR-check/13185390123/ya-x86-64/try_3/artifacts/logs/ydb/core/kqp/ut/olap/test-results/unittest/testing_out_stuff/KqpOlapBlobsSharing.MultipleSplitsWithRestartsWhenWait.err" /><property name="url:logsdir" value="https://storage.yandexcloud.net/ydb-gh-logs/ydb-platform/ydb/PR-check/13185390123/ya-x86-64/try_3/test_artifacts/ydb-core-kqp-ut-olap.zip" /></properties></testcase>
		<testcase name="[18/200] chunk chunk" time="0.0" classname="ydb/core/kqp/ut/olap"><properties><property name="url:logsdir" value="https://storage.yandexcloud.net/ydb-gh-logs/ydb-platform/ydb/PR-check/13185390123/ya-x86-64/try_3/test_artifacts/ydb-core-kqp-ut-olap.zip" /></properties></testcase>
		<testcase name="KqpOlapBlobsSharing.TableReshardingConsistency64" time="41.355722" classname="ydb/core/kqp/ut/olap">
			<skipped>assertion failed at ydb/core/kqp/ut/common/kqp_ut_common.cpp:556, void NKikimr::NKqp::CompareYson(const TString &amp;amp;, const TString &amp;amp;, const TString &amp;amp;): (ReformatYson(expected) == ReformatYson(actual)) failed: ("[[57685u]]" != "[[230000u]]") , with diff:
"[[(57685|230000)u]]"
0. /tmp//-S/library/cpp/testing/unittest/registar.cpp:47: RaiseError @ 0x12CC2F98
1. /tmp//-S/ydb/core/kqp/ut/common/kqp_ut_common.cpp:556: CompareYson @ 0x2425913E
2. /tmp//-S/ydb/core/kqp/ut/olap/blobs_sharing_ut.cpp:310: CheckCount @ 0x128BB508
3. /tmp//-S/ydb/core/kqp/ut/olap/blobs_sharing_ut.cpp:352: Execute @ 0x128A613F
4. /tmp//-S/ydb/core/kqp/ut/olap/blobs_sharing_ut.cpp:402: Execute_ @ 0x128A453E
5. /tmp//-S/ydb/core/kqp/ut/olap/blobs_sharing_ut.cpp:20: operator() @ 0x128B2BB6
6. /tmp//-S/library/cpp/testing/unittest/registar.cpp:374: Run @ 0x12CC4E5D
7. /tmp//-S/ydb/core/kqp/ut/olap/blobs_sharing_ut.cpp:20: Execute @ 0x128B241A
8. /tmp//-S/library/cpp/testing/unittest/registar.cpp:495: Execute @ 0x12CC55D2
9. /tmp//-S/library/cpp/testing/unittest/utmain.cpp:872: RunMain @ 0x12CD6A5C
10. ??:0: ?? @ 0x7F3C27722D8F
11. ??:0: ?? @ 0x7F3C27722E3F
12. ??:0: ?? @ 0x11BCB028


logsdir:
/home/runner/actions_runner/_work/ydb/ydb/tmp/out/ydb/core/kqp/ut/olap/test-results/unittest/testing_out_stuff
stderr:
/home/runner/actions_runner/_work/ydb/ydb/tmp/out/ydb/core/kqp/ut/olap/test-results/unittest/testing_out_stuff/KqpOlapBlobsSharing.TableReshardingConsistency64.err
stdout:
/home/runner/actions_runner/_work/ydb/ydb/tmp/out/ydb/core/kqp/ut/olap/test-results/unittest/testing_out_stuff/KqpOlapBlobsSharing.TableReshardingConsistency64.out</skipped><properties><property name="mute" value="automatically muted based on rules" /><property name="url:stdout" value="https://storage.yandexcloud.net/ydb-gh-logs/ydb-platform/ydb/PR-check/13185390123/ya-x86-64/try_3/artifacts/logs/ydb/core/kqp/ut/olap/test-results/unittest/testing_out_stuff/KqpOlapBlobsSharing.TableReshardingConsistency64.out" /><property name="url:stderr" value="https://storage.yandexcloud.net/ydb-gh-logs/ydb-platform/ydb/PR-check/13185390123/ya-x86-64/try_3/artifacts/logs/ydb/core/kqp/ut/olap/test-results/unittest/testing_out_stuff/KqpOlapBlobsSharing.TableReshardingConsistency64.err" /><property name="url:logsdir" value="https://storage.yandexcloud.net/ydb-gh-logs/ydb-platform/ydb/PR-check/13185390123/ya-x86-64/try_3/test_artifacts/ydb-core-kqp-ut-olap.zip" /></properties></testcase>
		<testcase name="[19/200] chunk chunk" time="0.0" classname="ydb/core/kqp/ut/olap"><properties><property name="url:logsdir" value="https://storage.yandexcloud.net/ydb-gh-logs/ydb-platform/ydb/PR-check/13185390123/ya-x86-64/try_3/test_artifacts/ydb-core-kqp-ut-olap.zip" /></properties></testcase>
		<testcase name="KqpOlapBlobsSharing.TableReshardingModuloN" time="44.338" classname="ydb/core/kqp/ut/olap">
			<skipped>assertion failed at ydb/core/kqp/ut/common/kqp_ut_common.cpp:556, void NKikimr::NKqp::CompareYson(const TString &amp;amp;, const TString &amp;amp;, const TString &amp;amp;): (ReformatYson(expected) == ReformatYson(actual)) failed: ("[[57643u]]" != "[[230000u]]") , with diff:
"[[(5764|2)3(|0000)u]]"
0. /tmp//-S/library/cpp/testing/unittest/registar.cpp:47: RaiseError @ 0x12CC2F98
1. /tmp//-S/ydb/core/kqp/ut/common/kqp_ut_common.cpp:556: CompareYson @ 0x2425913E
2. /tmp//-S/ydb/core/kqp/ut/olap/blobs_sharing_ut.cpp:310: CheckCount @ 0x128BB508
3. /tmp//-S/ydb/core/kqp/ut/olap/blobs_sharing_ut.cpp:352: Execute @ 0x128A613F
4. /tmp//-S/ydb/core/kqp/ut/olap/blobs_sharing_ut.cpp:406: Execute_ @ 0x128A864E
5. /tmp//-S/ydb/core/kqp/ut/olap/blobs_sharing_ut.cpp:20: operator() @ 0x128B2BB6
6. /tmp//-S/library/cpp/testing/unittest/registar.cpp:374: Run @ 0x12CC4E5D
7. /tmp//-S/ydb/core/kqp/ut/olap/blobs_sharing_ut.cpp:20: Execute @ 0x128B241A
8. /tmp//-S/library/cpp/testing/unittest/registar.cpp:495: Execute @ 0x12CC55D2
9. /tmp//-S/library/cpp/testing/unittest/utmain.cpp:872: RunMain @ 0x12CD6A5C
10. ??:0: ?? @ 0x7FE6833C1D8F
11. ??:0: ?? @ 0x7FE6833C1E3F
12. ??:0: ?? @ 0x11BCB028


logsdir:
/home/runner/actions_runner/_work/ydb/ydb/tmp/out/ydb/core/kqp/ut/olap/test-results/unittest/testing_out_stuff
stderr:
/home/runner/actions_runner/_work/ydb/ydb/tmp/out/ydb/core/kqp/ut/olap/test-results/unittest/testing_out_stuff/KqpOlapBlobsSharing.TableReshardingModuloN.err
stdout:
/home/runner/actions_runner/_work/ydb/ydb/tmp/out/ydb/core/kqp/ut/olap/test-results/unittest/testing_out_stuff/KqpOlapBlobsSharing.TableReshardingModuloN.out</skipped><properties><property name="mute" value="automatically muted based on rules" /><property name="url:stdout" value="https://storage.yandexcloud.net/ydb-gh-logs/ydb-platform/ydb/PR-check/13185390123/ya-x86-64/try_3/artifacts/logs/ydb/core/kqp/ut/olap/test-results/unittest/testing_out_stuff/KqpOlapBlobsSharing.TableReshardingModuloN.out" /><property name="url:stderr" value="https://storage.yandexcloud.net/ydb-gh-logs/ydb-platform/ydb/PR-check/13185390123/ya-x86-64/try_3/artifacts/logs/ydb/core/kqp/ut/olap/test-results/unittest/testing_out_stuff/KqpOlapBlobsSharing.TableReshardingModuloN.err" /><property name="url:logsdir" value="https://storage.yandexcloud.net/ydb-gh-logs/ydb-platform/ydb/PR-check/13185390123/ya-x86-64/try_3/test_artifacts/ydb-core-kqp-ut-olap.zip" /></properties></testcase>
		<testcase name="[2/200] chunk chunk" time="0.0" classname="ydb/core/kqp/ut/olap"><properties><property name="url:logsdir" value="https://storage.yandexcloud.net/ydb-gh-logs/ydb-platform/ydb/PR-check/13185390123/ya-x86-64/try_3/test_artifacts/ydb-core-kqp-ut-olap.zip" /></properties></testcase>
		<testcase name="KqpOlapBlobsSharing.BlobsSharingSplit1_1" time="0" classname="ydb/core/kqp/ut/olap">
			<skipped>Test crashed (return code: -6)
See logs for more info

logsdir:
/home/runner/actions_runner/_work/ydb/ydb/tmp/out/ydb/core/kqp/ut/olap/test-results/unittest/testing_out_stuff
stderr:
/home/runner/actions_runner/_work/ydb/ydb/tmp/out/ydb/core/kqp/ut/olap/test-results/unittest/testing_out_stuff/KqpOlapBlobsSharing.BlobsSharingSplit1_1.err
stdout:
/home/runner/actions_runner/_work/ydb/ydb/tmp/out/ydb/core/kqp/ut/olap/test-results/unittest/testing_out_stuff/KqpOlapBlobsSharing.BlobsSharingSplit1_1.out</skipped><properties><property name="mute" value="automatically muted based on rules" /><property name="url:stdout" value="https://storage.yandexcloud.net/ydb-gh-logs/ydb-platform/ydb/PR-check/13185390123/ya-x86-64/try_3/artifacts/logs/ydb/core/kqp/ut/olap/test-results/unittest/testing_out_stuff/KqpOlapBlobsSharing.BlobsSharingSplit1_1.out" /><property name="url:stderr" value="https://storage.yandexcloud.net/ydb-gh-logs/ydb-platform/ydb/PR-check/13185390123/ya-x86-64/try_3/artifacts/logs/ydb/core/kqp/ut/olap/test-results/unittest/testing_out_stuff/KqpOlapBlobsSharing.BlobsSharingSplit1_1.err" /><property name="url:logsdir" value="https://storage.yandexcloud.net/ydb-gh-logs/ydb-platform/ydb/PR-check/13185390123/ya-x86-64/try_3/test_artifacts/ydb-core-kqp-ut-olap.zip" /></properties></testcase>
		<testcase name="[20/200] chunk chunk" time="0.0" classname="ydb/core/kqp/ut/olap"><properties><property name="url:logsdir" value="https://storage.yandexcloud.net/ydb-gh-logs/ydb-platform/ydb/PR-check/13185390123/ya-x86-64/try_3/test_artifacts/ydb-core-kqp-ut-olap.zip" /></properties></testcase>
		<testcase name="KqpOlapBlobsSharing.UpsertWhileSplitTest" time="0" classname="ydb/core/kqp/ut/olap">
			<skipped>Test crashed (return code: -6)
See logs for more info

logsdir:
/home/runner/actions_runner/_work/ydb/ydb/tmp/out/ydb/core/kqp/ut/olap/test-results/unittest/testing_out_stuff
stderr:
/home/runner/actions_runner/_work/ydb/ydb/tmp/out/ydb/core/kqp/ut/olap/test-results/unittest/testing_out_stuff/KqpOlapBlobsSharing.UpsertWhileSplitTest.err
stdout:
/home/runner/actions_runner/_work/ydb/ydb/tmp/out/ydb/core/kqp/ut/olap/test-results/unittest/testing_out_stuff/KqpOlapBlobsSharing.UpsertWhileSplitTest.out</skipped><properties><property name="mute" value="automatically muted based on rules" /><property name="url:stdout" value="https://storage.yandexcloud.net/ydb-gh-logs/ydb-platform/ydb/PR-check/13185390123/ya-x86-64/try_3/artifacts/logs/ydb/core/kqp/ut/olap/test-results/unittest/testing_out_stuff/KqpOlapBlobsSharing.UpsertWhileSplitTest.out" /><property name="url:stderr" value="https://storage.yandexcloud.net/ydb-gh-logs/ydb-platform/ydb/PR-check/13185390123/ya-x86-64/try_3/artifacts/logs/ydb/core/kqp/ut/olap/test-results/unittest/testing_out_stuff/KqpOlapBlobsSharing.UpsertWhileSplitTest.err" /><property name="url:logsdir" value="https://storage.yandexcloud.net/ydb-gh-logs/ydb-platform/ydb/PR-check/13185390123/ya-x86-64/try_3/test_artifacts/ydb-core-kqp-ut-olap.zip" /></properties></testcase>
		<testcase name="[3/200] chunk chunk" time="0.0" classname="ydb/core/kqp/ut/olap"><properties><property name="url:logsdir" value="https://storage.yandexcloud.net/ydb-gh-logs/ydb-platform/ydb/PR-check/13185390123/ya-x86-64/try_3/test_artifacts/ydb-core-kqp-ut-olap.zip" /></properties></testcase>
		<testcase name="KqpOlapBlobsSharing.BlobsSharingSplit1_1_clean" time="0" classname="ydb/core/kqp/ut/olap">
			<skipped>Test crashed (return code: -6)
See logs for more info

logsdir:
/home/runner/actions_runner/_work/ydb/ydb/tmp/out/ydb/core/kqp/ut/olap/test-results/unittest/testing_out_stuff
stderr:
/home/runner/actions_runner/_work/ydb/ydb/tmp/out/ydb/core/kqp/ut/olap/test-results/unittest/testing_out_stuff/KqpOlapBlobsSharing.BlobsSharingSplit1_1_clean.err
stdout:
/home/runner/actions_runner/_work/ydb/ydb/tmp/out/ydb/core/kqp/ut/olap/test-results/unittest/testing_out_stuff/KqpOlapBlobsSharing.BlobsSharingSplit1_1_clean.out</skipped><properties><property name="mute" value="automatically muted based on rules" /><property name="url:stdout" value="https://storage.yandexcloud.net/ydb-gh-logs/ydb-platform/ydb/PR-check/13185390123/ya-x86-64/try_3/artifacts/logs/ydb/core/kqp/ut/olap/test-results/unittest/testing_out_stuff/KqpOlapBlobsSharing.BlobsSharingSplit1_1_clean.out" /><property name="url:stderr" value="https://storage.yandexcloud.net/ydb-gh-logs/ydb-platform/ydb/PR-check/13185390123/ya-x86-64/try_3/artifacts/logs/ydb/core/kqp/ut/olap/test-results/unittest/testing_out_stuff/KqpOlapBlobsSharing.BlobsSharingSplit1_1_clean.err" /><property name="url:logsdir" value="https://storage.yandexcloud.net/ydb-gh-logs/ydb-platform/ydb/PR-check/13185390123/ya-x86-64/try_3/test_artifacts/ydb-core-kqp-ut-olap.zip" /></properties></testcase>
		<testcase name="[4/200] chunk chunk" time="0.0" classname="ydb/core/kqp/ut/olap"><properties><property name="url:logsdir" value="https://storage.yandexcloud.net/ydb-gh-logs/ydb-platform/ydb/PR-check/13185390123/ya-x86-64/try_3/test_artifacts/ydb-core-kqp-ut-olap.zip" /></properties></testcase>
		<testcase name="KqpOlapBlobsSharing.BlobsSharingSplit1_1_clean_with_restarts" time="0" classname="ydb/core/kqp/ut/olap">
			<skipped>Test crashed (return code: -6)
See logs for more info

logsdir:
/home/runner/actions_runner/_work/ydb/ydb/tmp/out/ydb/core/kqp/ut/olap/test-results/unittest/testing_out_stuff
stderr:
/home/runner/actions_runner/_work/ydb/ydb/tmp/out/ydb/core/kqp/ut/olap/test-results/unittest/testing_out_stuff/KqpOlapBlobsSharing.BlobsSharingSplit1_1_clean_with_restarts.err
stdout:
/home/runner/actions_runner/_work/ydb/ydb/tmp/out/ydb/core/kqp/ut/olap/test-results/unittest/testing_out_stuff/KqpOlapBlobsSharing.BlobsSharingSplit1_1_clean_with_restarts.out</skipped><properties><property name="mute" value="automatically muted based on rules" /><property name="url:stdout" value="https://storage.yandexcloud.net/ydb-gh-logs/ydb-platform/ydb/PR-check/13185390123/ya-x86-64/try_3/artifacts/logs/ydb/core/kqp/ut/olap/test-results/unittest/testing_out_stuff/KqpOlapBlobsSharing.BlobsSharingSplit1_1_clean_with_restarts.out" /><property name="url:stderr" value="https://storage.yandexcloud.net/ydb-gh-logs/ydb-platform/ydb/PR-check/13185390123/ya-x86-64/try_3/artifacts/logs/ydb/core/kqp/ut/olap/test-results/unittest/testing_out_stuff/KqpOlapBlobsSharing.BlobsSharingSplit1_1_clean_with_restarts.err" /><property name="url:logsdir" value="https://storage.yandexcloud.net/ydb-gh-logs/ydb-platform/ydb/PR-check/13185390123/ya-x86-64/try_3/test_artifacts/ydb-core-kqp-ut-olap.zip" /></properties></testcase>
		<testcase name="[5/200] chunk chunk" time="0.0" classname="ydb/core/kqp/ut/olap"><properties><property name="url:logsdir" value="https://storage.yandexcloud.net/ydb-gh-logs/ydb-platform/ydb/PR-check/13185390123/ya-x86-64/try_3/test_artifacts/ydb-core-kqp-ut-olap.zip" /></properties></testcase>
		<testcase name="KqpOlapBlobsSharing.BlobsSharingSplit1_3_1" time="0" classname="ydb/core/kqp/ut/olap">
			<skipped>Test crashed (return code: -6)
See logs for more info

logsdir:
/home/runner/actions_runner/_work/ydb/ydb/tmp/out/ydb/core/kqp/ut/olap/test-results/unittest/testing_out_stuff
stderr:
/home/runner/actions_runner/_work/ydb/ydb/tmp/out/ydb/core/kqp/ut/olap/test-results/unittest/testing_out_stuff/KqpOlapBlobsSharing.BlobsSharingSplit1_3_1.err
stdout:
/home/runner/actions_runner/_work/ydb/ydb/tmp/out/ydb/core/kqp/ut/olap/test-results/unittest/testing_out_stuff/KqpOlapBlobsSharing.BlobsSharingSplit1_3_1.out</skipped><properties><property name="mute" value="automatically muted based on rules" /><property name="url:stdout" value="https://storage.yandexcloud.net/ydb-gh-logs/ydb-platform/ydb/PR-check/13185390123/ya-x86-64/try_3/artifacts/logs/ydb/core/kqp/ut/olap/test-results/unittest/testing_out_stuff/KqpOlapBlobsSharing.BlobsSharingSplit1_3_1.out" /><property name="url:stderr" value="https://storage.yandexcloud.net/ydb-gh-logs/ydb-platform/ydb/PR-check/13185390123/ya-x86-64/try_3/artifacts/logs/ydb/core/kqp/ut/olap/test-results/unittest/testing_out_stuff/KqpOlapBlobsSharing.BlobsSharingSplit1_3_1.err" /><property name="url:logsdir" value="https://storage.yandexcloud.net/ydb-gh-logs/ydb-platform/ydb/PR-check/13185390123/ya-x86-64/try_3/test_artifacts/ydb-core-kqp-ut-olap.zip" /></properties></testcase>
		<testcase name="[6/200] chunk chunk" time="0.0" classname="ydb/core/kqp/ut/olap"><properties><property name="url:logsdir" value="https://storage.yandexcloud.net/ydb-gh-logs/ydb-platform/ydb/PR-check/13185390123/ya-x86-64/try_3/test_artifacts/ydb-core-kqp-ut-olap.zip" /></properties></testcase>
		<testcase name="KqpOlapBlobsSharing.BlobsSharingSplit1_3_2_1_clean" time="0" classname="ydb/core/kqp/ut/olap">
			<skipped>Test crashed (return code: -6)
See logs for more info

logsdir:
/home/runner/actions_runner/_work/ydb/ydb/tmp/out/ydb/core/kqp/ut/olap/test-results/unittest/testing_out_stuff
stderr:
/home/runner/actions_runner/_work/ydb/ydb/tmp/out/ydb/core/kqp/ut/olap/test-results/unittest/testing_out_stuff/KqpOlapBlobsSharing.BlobsSharingSplit1_3_2_1_clean.err
stdout:
/home/runner/actions_runner/_work/ydb/ydb/tmp/out/ydb/core/kqp/ut/olap/test-results/unittest/testing_out_stuff/KqpOlapBlobsSharing.BlobsSharingSplit1_3_2_1_clean.out</skipped><properties><property name="mute" value="automatically muted based on rules" /><property name="url:stdout" value="https://storage.yandexcloud.net/ydb-gh-logs/ydb-platform/ydb/PR-check/13185390123/ya-x86-64/try_3/artifacts/logs/ydb/core/kqp/ut/olap/test-results/unittest/testing_out_stuff/KqpOlapBlobsSharing.BlobsSharingSplit1_3_2_1_clean.out" /><property name="url:stderr" value="https://storage.yandexcloud.net/ydb-gh-logs/ydb-platform/ydb/PR-check/13185390123/ya-x86-64/try_3/artifacts/logs/ydb/core/kqp/ut/olap/test-results/unittest/testing_out_stuff/KqpOlapBlobsSharing.BlobsSharingSplit1_3_2_1_clean.err" /><property name="url:logsdir" value="https://storage.yandexcloud.net/ydb-gh-logs/ydb-platform/ydb/PR-check/13185390123/ya-x86-64/try_3/test_artifacts/ydb-core-kqp-ut-olap.zip" /></properties></testcase>
		<testcase name="[7/200] chunk chunk" time="0.0" classname="ydb/core/kqp/ut/olap"><properties><property name="url:logsdir" value="https://storage.yandexcloud.net/ydb-gh-logs/ydb-platform/ydb/PR-check/13185390123/ya-x86-64/try_3/test_artifacts/ydb-core-kqp-ut-olap.zip" /></properties></testcase>
		<testcase name="KqpOlapBlobsSharing.BlobsSharingSplit3_1" time="0" classname="ydb/core/kqp/ut/olap">
			<skipped>Test crashed (return code: -6)
See logs for more info

logsdir:
/home/runner/actions_runner/_work/ydb/ydb/tmp/out/ydb/core/kqp/ut/olap/test-results/unittest/testing_out_stuff
stderr:
/home/runner/actions_runner/_work/ydb/ydb/tmp/out/ydb/core/kqp/ut/olap/test-results/unittest/testing_out_stuff/KqpOlapBlobsSharing.BlobsSharingSplit3_1.err
stdout:
/home/runner/actions_runner/_work/ydb/ydb/tmp/out/ydb/core/kqp/ut/olap/test-results/unittest/testing_out_stuff/KqpOlapBlobsSharing.BlobsSharingSplit3_1.out</skipped><properties><property name="mute" value="automatically muted based on rules" /><property name="url:stdout" value="https://storage.yandexcloud.net/ydb-gh-logs/ydb-platform/ydb/PR-check/13185390123/ya-x86-64/try_3/artifacts/logs/ydb/core/kqp/ut/olap/test-results/unittest/testing_out_stuff/KqpOlapBlobsSharing.BlobsSharingSplit3_1.out" /><property name="url:stderr" value="https://storage.yandexcloud.net/ydb-gh-logs/ydb-platform/ydb/PR-check/13185390123/ya-x86-64/try_3/artifacts/logs/ydb/core/kqp/ut/olap/test-results/unittest/testing_out_stuff/KqpOlapBlobsSharing.BlobsSharingSplit3_1.err" /><property name="url:logsdir" value="https://storage.yandexcloud.net/ydb-gh-logs/ydb-platform/ydb/PR-check/13185390123/ya-x86-64/try_3/test_artifacts/ydb-core-kqp-ut-olap.zip" /></properties></testcase>
		<testcase name="[8/200] chunk chunk" time="0.0" classname="ydb/core/kqp/ut/olap"><properties><property name="url:logsdir" value="https://storage.yandexcloud.net/ydb-gh-logs/ydb-platform/ydb/PR-check/13185390123/ya-x86-64/try_3/test_artifacts/ydb-core-kqp-ut-olap.zip" /></properties></testcase>
		<testcase name="KqpOlapBlobsSharing.ChangeSchemaAndSplit" time="45.768272" classname="ydb/core/kqp/ut/olap">
			<skipped>assertion failed at ydb/core/kqp/ut/common/kqp_ut_common.cpp:556, void NKikimr::NKqp::CompareYson(const TString &amp;amp;, const TString &amp;amp;, const TString &amp;amp;): (ReformatYson(expected) == ReformatYson(actual)) failed: ("[[9974u]]" != "[[20000u]]") , with diff:
"[[(9974|20000)u]]"
0. /tmp//-S/library/cpp/testing/unittest/registar.cpp:47: RaiseError @ 0x12CC2F98
1. /tmp//-S/ydb/core/kqp/ut/common/kqp_ut_common.cpp:556: CompareYson @ 0x2425913E
2. /tmp//-S/ydb/core/kqp/ut/olap/blobs_sharing_ut.cpp:310: CheckCount @ 0x128BB508
3. /tmp//-S/ydb/core/kqp/ut/olap/blobs_sharing_ut.cpp:435: CheckCount @ 0x128AB34F
4. /tmp//-S/ydb/core/kqp/ut/olap/blobs_sharing_ut.cpp:529: Execute_ @ 0x128AB34F
5. /tmp//-S/ydb/core/kqp/ut/olap/blobs_sharing_ut.cpp:20: operator() @ 0x128B2BB6
6. /tmp//-S/library/cpp/testing/unittest/registar.cpp:374: Run @ 0x12CC4E5D
7. /tmp//-S/ydb/core/kqp/ut/olap/blobs_sharing_ut.cpp:20: Execute @ 0x128B241A
8. /tmp//-S/library/cpp/testing/unittest/registar.cpp:495: Execute @ 0x12CC55D2
9. /tmp//-S/library/cpp/testing/unittest/utmain.cpp:872: RunMain @ 0x12CD6A5C
10. ??:0: ?? @ 0x7FBDC42E6D8F
11. ??:0: ?? @ 0x7FBDC42E6E3F
12. ??:0: ?? @ 0x11BCB028


logsdir:
/home/runner/actions_runner/_work/ydb/ydb/tmp/out/ydb/core/kqp/ut/olap/test-results/unittest/testing_out_stuff
stderr:
/home/runner/actions_runner/_work/ydb/ydb/tmp/out/ydb/core/kqp/ut/olap/test-results/unittest/testing_out_stuff/KqpOlapBlobsSharing.ChangeSchemaAndSplit.err
stdout:
/home/runner/actions_runner/_work/ydb/ydb/tmp/out/ydb/core/kqp/ut/olap/test-results/unittest/testing_out_stuff/KqpOlapBlobsSharing.ChangeSchemaAndSplit.out</skipped><properties><property name="mute" value="automatically muted based on rules" /><property name="url:stdout" value="https://storage.yandexcloud.net/ydb-gh-logs/ydb-platform/ydb/PR-check/13185390123/ya-x86-64/try_3/artifacts/logs/ydb/core/kqp/ut/olap/test-results/unittest/testing_out_stuff/KqpOlapBlobsSharing.ChangeSchemaAndSplit.out" /><property name="url:stderr" value="https://storage.yandexcloud.net/ydb-gh-logs/ydb-platform/ydb/PR-check/13185390123/ya-x86-64/try_3/artifacts/logs/ydb/core/kqp/ut/olap/test-results/unittest/testing_out_stuff/KqpOlapBlobsSharing.ChangeSchemaAndSplit.err" /><property name="url:logsdir" value="https://storage.yandexcloud.net/ydb-gh-logs/ydb-platform/ydb/PR-check/13185390123/ya-x86-64/try_3/test_artifacts/ydb-core-kqp-ut-olap.zip" /></properties></testcase>
		<testcase name="[9/200] chunk chunk" time="0.0" classname="ydb/core/kqp/ut/olap"><properties><property name="url:logsdir" value="https://storage.yandexcloud.net/ydb-gh-logs/ydb-platform/ydb/PR-check/13185390123/ya-x86-64/try_3/test_artifacts/ydb-core-kqp-ut-olap.zip" /></properties></testcase>
		<testcase name="KqpOlapBlobsSharing.HugeSchemeHistory" time="65.001689" classname="ydb/core/kqp/ut/olap">
			<skipped>assertion failed at ydb/core/kqp/ut/common/kqp_ut_common.cpp:556, void NKikimr::NKqp::CompareYson(const TString &amp;amp;, const TString &amp;amp;, const TString &amp;amp;): (ReformatYson(expected) == ReformatYson(actual)) failed: ("[[53u]]" != "[[100u]]") , with diff:
"[[(53|100)u]]"
0. /tmp//-S/library/cpp/testing/unittest/registar.cpp:47: RaiseError @ 0x12CC2F98
1. /tmp//-S/ydb/core/kqp/ut/common/kqp_ut_common.cpp:556: CompareYson @ 0x2425913E
2. /tmp//-S/ydb/core/kqp/ut/olap/blobs_sharing_ut.cpp:310: CheckCount @ 0x128BB508
3. /tmp//-S/ydb/core/kqp/ut/olap/blobs_sharing_ut.cpp:435: CheckCount @ 0x128AC5D6
4. /tmp//-S/ydb/core/kqp/ut/olap/blobs_sharing_ut.cpp:565: Execute_ @ 0x128AC5D6
5. /tmp//-S/ydb/core/kqp/ut/olap/blobs_sharing_ut.cpp:20: operator() @ 0x128B2BB6
6. /tmp//-S/library/cpp/testing/unittest/registar.cpp:374: Run @ 0x12CC4E5D
7. /tmp//-S/ydb/core/kqp/ut/olap/blobs_sharing_ut.cpp:20: Execute @ 0x128B241A
8. /tmp//-S/library/cpp/testing/unittest/registar.cpp:495: Execute @ 0x12CC55D2
9. /tmp//-S/library/cpp/testing/unittest/utmain.cpp:872: RunMain @ 0x12CD6A5C
10. ??:0: ?? @ 0x7F5D3EEBBD8F
11. ??:0: ?? @ 0x7F5D3EEBBE3F
12. ??:0: ?? @ 0x11BCB028


logsdir:
/home/runner/actions_runner/_work/ydb/ydb/tmp/out/ydb/core/kqp/ut/olap/test-results/unittest/testing_out_stuff
stderr:
/home/runner/actions_runner/_work/ydb/ydb/tmp/out/ydb/core/kqp/ut/olap/test-results/unittest/testing_out_stuff/KqpOlapBlobsSharing.HugeSchemeHistory.err
stdout:
/home/runner/actions_runner/_work/ydb/ydb/tmp/out/ydb/core/kqp/ut/olap/test-results/unittest/testing_out_stuff/KqpOlapBlobsSharing.HugeSchemeHistory.out</skipped><properties><property name="mute" value="automatically muted based on rules" /><property name="url:stdout" value="https://storage.yandexcloud.net/ydb-gh-logs/ydb-platform/ydb/PR-check/13185390123/ya-x86-64/try_3/artifacts/logs/ydb/core/kqp/ut/olap/test-results/unittest/testing_out_stuff/KqpOlapBlobsSharing.HugeSchemeHistory.out" /><property name="url:stderr" value="https://storage.yandexcloud.net/ydb-gh-logs/ydb-platform/ydb/PR-check/13185390123/ya-x86-64/try_3/artifacts/logs/ydb/core/kqp/ut/olap/test-results/unittest/testing_out_stuff/KqpOlapBlobsSharing.HugeSchemeHistory.err" /><property name="url:logsdir" value="https://storage.yandexcloud.net/ydb-gh-logs/ydb-platform/ydb/PR-check/13185390123/ya-x86-64/try_3/test_artifacts/ydb-core-kqp-ut-olap.zip" /></properties></testcase>
	</testsuite>
	<testsuite name="ydb/core/kqp/ut/query" tests="1" time="0.941044" failures="1" skipped="0">
		<testcase name="[0/50] chunk chunk" time="0.0" classname="ydb/core/kqp/ut/query"><properties><property name="url:logsdir" value="https://storage.yandexcloud.net/ydb-gh-logs/ydb-platform/ydb/PR-check/13185390123/ya-x86-64/try_3/test_artifacts/ydb-core-kqp-ut-query.zip" /></properties></testcase>
		<testcase name="KqpAnalyze.AnalyzeTable-ColumnStore" time="0.941044" classname="ydb/core/kqp/ut/query">
			<failure>assertion failed at ydb/core/kqp/ut/query/kqp_analyze_ut.cpp:48, virtual void NKikimr::NKqp::NTestSuiteKqpAnalyze::TTestCaseAnalyzeTable&amp;lt;false&amp;gt;::Execute_(NUnitTest::TTestContext &amp;amp;) [ColumnStore = false]: (result.IsSuccess()) &amp;lt;main&amp;gt;: Error: Execution, code: 1060
    &amp;lt;main&amp;gt;:5:30: Error: Executing CREATE TABLE
        &amp;lt;main&amp;gt;: Error: Schemeshard not available, code: 2005

Get at /-S/util/generic/ptr.h:579:16
UnRef at /-S/util/generic/ptr.h:624:13
NKikimr::NKqp::NTestSuiteKqpAnalyze::TCurrentTest::Execute()::'lambda'()::operator()() const at /-S/ydb/core/kqp/ut/query/kqp_analyze_ut.cpp:0:1
~__value_func at /-S/contrib/libs/cxxsupp/libcxx/include/__functional/function.h:395:16
UnRef at /-S/util/generic/ptr.h:624:13
NUnitTest::TTestFactory::Execute() at /-S/library/cpp/testing/unittest/registar.cpp:0:19
NUnitTest::RunMain(int, char**) at /-S/library/cpp/testing/unittest/utmain.cpp:0:0
?? at ??:0:0
?? at ??:0:0
_start at ??:0:0


logsdir:
/home/runner/actions_runner/_work/ydb/ydb/tmp/out/ydb/core/kqp/ut/query/test-results/unittest/testing_out_stuff
stderr:
/home/runner/actions_runner/_work/ydb/ydb/tmp/out/ydb/core/kqp/ut/query/test-results/unittest/testing_out_stuff/KqpAnalyze.AnalyzeTable-ColumnStore.err
stdout:
/home/runner/actions_runner/_work/ydb/ydb/tmp/out/ydb/core/kqp/ut/query/test-results/unittest/testing_out_stuff/KqpAnalyze.AnalyzeTable-ColumnStore.out</failure>
		<properties><property name="url:stderr" value="https://storage.yandexcloud.net/ydb-gh-logs/ydb-platform/ydb/PR-check/13185390123/ya-x86-64/try_3/artifacts/logs/ydb/core/kqp/ut/query/test-results/unittest/testing_out_stuff/KqpAnalyze.AnalyzeTable-ColumnStore.err" /><property name="url:logsdir" value="https://storage.yandexcloud.net/ydb-gh-logs/ydb-platform/ydb/PR-check/13185390123/ya-x86-64/try_3/test_artifacts/ydb-core-kqp-ut-query.zip" /></properties></testcase>
	</testsuite>
	<testsuite name="ydb/core/kqp/ut/scheme" tests="2" time="17.378566" failures="2" skipped="0">
		<testcase name="[0/50] chunk chunk" time="0.0" classname="ydb/core/kqp/ut/scheme"><properties><property name="url:logsdir" value="https://storage.yandexcloud.net/ydb-gh-logs/ydb-platform/ydb/PR-check/13185390123/ya-x86-64/try_3/test_artifacts/ydb-core-kqp-ut-scheme.zip" /></properties></testcase>
		<testcase name="KqpOlapScheme.TenThousandColumns" time="5.120656" classname="ydb/core/kqp/ut/scheme">
			<skipped>assertion failed at ydb/core/kqp/ut/common/columnshard.cpp:49, void NKikimr::NKqp::TTestHelper::CreateTable(const TColumnTableBase &amp;amp;, const EStatus): (result.GetStatus() == expectedStatus) failed: (SCHEME_ERROR != SUCCESS) &amp;lt;main&amp;gt;: Error: Execution, code: 1060
    &amp;lt;main&amp;gt;:1:179052: Error: Executing CREATE TABLE
        &amp;lt;main&amp;gt;: Error: Too many columns. new: 10001. Limit: 10000, code: 2003
, with diff:
S(|UC)C(H|)E(ME_ERROR|SS)
0. /tmp//-S/library/cpp/testing/unittest/registar.cpp:47: RaiseError @ 0x15242198
1. /tmp//-S/ydb/core/kqp/ut/common/columnshard.cpp:49: CreateTable @ 0x26869080
2. /tmp//-S/ydb/core/kqp/ut/scheme/kqp_scheme_ut.cpp:10236: Execute_ @ 0x14EE8163
3. /tmp//-S/ydb/core/kqp/ut/scheme/kqp_scheme_ut.cpp:9305: operator() @ 0x14F6FE06
4. /tmp//-S/library/cpp/testing/unittest/registar.cpp:374: Run @ 0x1524405D
5. /tmp//-S/ydb/core/kqp/ut/scheme/kqp_scheme_ut.cpp:9305: Execute @ 0x14F6F7CA
6. /tmp//-S/library/cpp/testing/unittest/registar.cpp:495: Execute @ 0x152447D2
7. /tmp//-S/library/cpp/testing/unittest/utmain.cpp:872: RunMain @ 0x15255C5C
8. ??:0: ?? @ 0x7F9A6D1B5D8F
9. ??:0: ?? @ 0x7F9A6D1B5E3F
10. ??:0: ?? @ 0x13F69028


logsdir:
/home/runner/actions_runner/_work/ydb/ydb/tmp/out/ydb/core/kqp/ut/scheme/test-results/unittest/testing_out_stuff
stderr:
/home/runner/actions_runner/_work/ydb/ydb/tmp/out/ydb/core/kqp/ut/scheme/test-results/unittest/testing_out_stuff/KqpOlapScheme.TenThousandColumns.err
stdout:
/home/runner/actions_runner/_work/ydb/ydb/tmp/out/ydb/core/kqp/ut/scheme/test-results/unittest/testing_out_stuff/KqpOlapScheme.TenThousandColumns.out</skipped><properties><property name="mute" value="automatically muted based on rules" /><property name="url:stdout" value="https://storage.yandexcloud.net/ydb-gh-logs/ydb-platform/ydb/PR-check/13185390123/ya-x86-64/try_3/artifacts/logs/ydb/core/kqp/ut/scheme/test-results/unittest/testing_out_stuff/KqpOlapScheme.TenThousandColumns.out" /><property name="url:stderr" value="https://storage.yandexcloud.net/ydb-gh-logs/ydb-platform/ydb/PR-check/13185390123/ya-x86-64/try_3/artifacts/logs/ydb/core/kqp/ut/scheme/test-results/unittest/testing_out_stuff/KqpOlapScheme.TenThousandColumns.err" /><property name="url:logsdir" value="https://storage.yandexcloud.net/ydb-gh-logs/ydb-platform/ydb/PR-check/13185390123/ya-x86-64/try_3/test_artifacts/ydb-core-kqp-ut-scheme.zip" /></properties></testcase>
		<testcase name="[1/50] chunk chunk" time="0.0" classname="ydb/core/kqp/ut/scheme"><properties><property name="url:logsdir" value="https://storage.yandexcloud.net/ydb-gh-logs/ydb-platform/ydb/PR-check/13185390123/ya-x86-64/try_3/test_artifacts/ydb-core-kqp-ut-scheme.zip" /></properties></testcase>
		<testcase name="KqpScheme.AlterAsyncReplication" time="12.25791" classname="ydb/core/kqp/ut/scheme">
			<skipped>assertion failed at ydb/core/kqp/ut/scheme/kqp_scheme_ut.cpp:7372, virtual void NKikimr::NKqp::NTestSuiteKqpScheme::TTestCaseAlterAsyncReplication::Execute_(NUnitTest::TTestContext &amp;amp;): (i) Alter timeout
0. /tmp//-S/library/cpp/testing/unittest/registar.cpp:47: RaiseError @ 0x15242198
1. /tmp//-S/ydb/core/kqp/ut/scheme/kqp_scheme_ut.cpp:7372: Execute_ @ 0x14E40770
2. /tmp//-S/ydb/core/kqp/ut/scheme/kqp_scheme_ut.cpp:30: operator() @ 0x14F52506
3. /tmp//-S/library/cpp/testing/unittest/registar.cpp:374: Run @ 0x1524405D
4. /tmp//-S/ydb/core/kqp/ut/scheme/kqp_scheme_ut.cpp:30: Execute @ 0x14F51ECA
5. /tmp//-S/library/cpp/testing/unittest/registar.cpp:495: Execute @ 0x152447D2
6. /tmp//-S/library/cpp/testing/unittest/utmain.cpp:872: RunMain @ 0x15255C5C
7. ??:0: ?? @ 0x7FCAECE75D8F
8. ??:0: ?? @ 0x7FCAECE75E3F
9. ??:0: ?? @ 0x13F69028


logsdir:
/home/runner/actions_runner/_work/ydb/ydb/tmp/out/ydb/core/kqp/ut/scheme/test-results/unittest/testing_out_stuff
stderr:
/home/runner/actions_runner/_work/ydb/ydb/tmp/out/ydb/core/kqp/ut/scheme/test-results/unittest/testing_out_stuff/KqpScheme.AlterAsyncReplication.err
stdout:
/home/runner/actions_runner/_work/ydb/ydb/tmp/out/ydb/core/kqp/ut/scheme/test-results/unittest/testing_out_stuff/KqpScheme.AlterAsyncReplication.out</skipped><properties><property name="mute" value="automatically muted based on rules" /><property name="url:stdout" value="https://storage.yandexcloud.net/ydb-gh-logs/ydb-platform/ydb/PR-check/13185390123/ya-x86-64/try_3/artifacts/logs/ydb/core/kqp/ut/scheme/test-results/unittest/testing_out_stuff/KqpScheme.AlterAsyncReplication.out" /><property name="url:stderr" value="https://storage.yandexcloud.net/ydb-gh-logs/ydb-platform/ydb/PR-check/13185390123/ya-x86-64/try_3/artifacts/logs/ydb/core/kqp/ut/scheme/test-results/unittest/testing_out_stuff/KqpScheme.AlterAsyncReplication.err" /><property name="url:logsdir" value="https://storage.yandexcloud.net/ydb-gh-logs/ydb-platform/ydb/PR-check/13185390123/ya-x86-64/try_3/test_artifacts/ydb-core-kqp-ut-scheme.zip" /></properties></testcase>
	</testsuite>
	<testsuite name="ydb/core/kqp/ut/tx" tests="6" time="20.229817" failures="6" skipped="0">
		<testcase name="[0/50] chunk chunk" time="0.0" classname="ydb/core/kqp/ut/tx"><properties><property name="url:logsdir" value="https://storage.yandexcloud.net/ydb-gh-logs/ydb-platform/ydb/PR-check/13185390123/ya-x86-64/try_3/test_artifacts/ydb-core-kqp-ut-tx.zip" /></properties></testcase>
		<testcase name="KqpSnapshotIsolation.TConflictReadWriteOlap" time="3.247582" classname="ydb/core/kqp/ut/tx">
			<skipped>assertion failed at ydb/core/kqp/ut/tx/kqp_snapshot_isolation_ut.cpp:146, virtual void NKikimr::NKqp::NTestSuiteKqpSnapshotIsolation::TConflictReadWrite::DoExecute(): (result.GetStatus() == EStatus::SUCCESS) failed: (ABORTED != SUCCESS) &amp;lt;main&amp;gt;: Fatal: Transaction locks invalidated.{ &amp;lt;main&amp;gt;: Fatal: tablet lock have another internal generation counter: 18446744073709551615 != 0 }, code: 2001
    &amp;lt;main&amp;gt;: Fatal: tablet lock have another internal generation counter: 18446744073709551615 != 0
&amp;lt;main&amp;gt;: Error: Transaction locks invalidated. Tables: `/Root/Test`, code: 2001
, with diff:
(ABORT|SUCC)E(D|SS)
0. /tmp//-S/library/cpp/testing/unittest/registar.cpp:47: RaiseError @ 0x12BA31F8
1. /tmp//-S/ydb/core/kqp/ut/tx/kqp_snapshot_isolation_ut.cpp:146: DoExecute @ 0x128F1F48
2. /-S/ydb/core/kqp/ut/tx/kqp_sink_common.h:103: Execute @ 0x1289C784
3. /tmp//-S/ydb/core/kqp/ut/tx/kqp_snapshot_isolation_ut.cpp:172: Execute_ @ 0x128E7A19
4. /tmp//-S/ydb/core/kqp/ut/tx/kqp_snapshot_isolation_ut.cpp:14: operator() @ 0x128EA2D6
5. /tmp//-S/library/cpp/testing/unittest/registar.cpp:374: Run @ 0x12BA50BD
6. /tmp//-S/ydb/core/kqp/ut/tx/kqp_snapshot_isolation_ut.cpp:14: Execute @ 0x128E9C9A
7. /tmp//-S/library/cpp/testing/unittest/registar.cpp:495: Execute @ 0x12BA5832
8. /tmp//-S/library/cpp/testing/unittest/utmain.cpp:872: RunMain @ 0x12BB6CBC
9. ??:0: ?? @ 0x7FAE41168D8F
10. ??:0: ?? @ 0x7FAE41168E3F
11. ??:0: ?? @ 0x11B5A028


logsdir:
/home/runner/actions_runner/_work/ydb/ydb/tmp/out/ydb/core/kqp/ut/tx/test-results/unittest/testing_out_stuff
stderr:
/home/runner/actions_runner/_work/ydb/ydb/tmp/out/ydb/core/kqp/ut/tx/test-results/unittest/testing_out_stuff/KqpSnapshotIsolation.TConflictReadWriteOlap.err
stdout:
/home/runner/actions_runner/_work/ydb/ydb/tmp/out/ydb/core/kqp/ut/tx/test-results/unittest/testing_out_stuff/KqpSnapshotIsolation.TConflictReadWriteOlap.out</skipped><properties><property name="mute" value="automatically muted based on rules" /><property name="url:stdout" value="https://storage.yandexcloud.net/ydb-gh-logs/ydb-platform/ydb/PR-check/13185390123/ya-x86-64/try_3/artifacts/logs/ydb/core/kqp/ut/tx/test-results/unittest/testing_out_stuff/KqpSnapshotIsolation.TConflictReadWriteOlap.out" /><property name="url:stderr" value="https://storage.yandexcloud.net/ydb-gh-logs/ydb-platform/ydb/PR-check/13185390123/ya-x86-64/try_3/artifacts/logs/ydb/core/kqp/ut/tx/test-results/unittest/testing_out_stuff/KqpSnapshotIsolation.TConflictReadWriteOlap.err" /><property name="url:logsdir" value="https://storage.yandexcloud.net/ydb-gh-logs/ydb-platform/ydb/PR-check/13185390123/ya-x86-64/try_3/test_artifacts/ydb-core-kqp-ut-tx.zip" /></properties></testcase>
		<testcase name="[1/50] chunk chunk" time="0.0" classname="ydb/core/kqp/ut/tx"><properties><property name="url:logsdir" value="https://storage.yandexcloud.net/ydb-gh-logs/ydb-platform/ydb/PR-check/13185390123/ya-x86-64/try_3/test_artifacts/ydb-core-kqp-ut-tx.zip" /></properties></testcase>
		<testcase name="KqpSnapshotIsolation.TConflictReadWriteOltp" time="2.918057" classname="ydb/core/kqp/ut/tx">
			<skipped>assertion failed at ydb/core/kqp/ut/tx/kqp_snapshot_isolation_ut.cpp:146, virtual void NKikimr::NKqp::NTestSuiteKqpSnapshotIsolation::TConflictReadWrite::DoExecute(): (result.GetStatus() == EStatus::SUCCESS) failed: (ABORTED != SUCCESS) &amp;lt;main&amp;gt;: Fatal: Transaction locks invalidated. Table `/Root/Test`. { &amp;lt;main&amp;gt;: Fatal: Operation is aborting because it cannot acquire locks }, code: 2001
    &amp;lt;main&amp;gt;: Fatal: Transaction locks invalidated. Table `/Root/Test`. { &amp;lt;main&amp;gt;: Fatal: Operation is aborting because it cannot acquire locks }, code: 2001
        &amp;lt;main&amp;gt;: Fatal: Operation is aborting because it cannot acquire locks
&amp;lt;main&amp;gt;: Error: Transaction locks invalidated. Tables: `/Root/Test`, code: 2001
, with diff:
(ABORT|SUCC)E(D|SS)
0. /tmp//-S/library/cpp/testing/unittest/registar.cpp:47: RaiseError @ 0x12BA31F8
1. /tmp//-S/ydb/core/kqp/ut/tx/kqp_snapshot_isolation_ut.cpp:146: DoExecute @ 0x128F1F48
2. /-S/ydb/core/kqp/ut/tx/kqp_sink_common.h:103: Execute @ 0x1289C784
3. /tmp//-S/ydb/core/kqp/ut/tx/kqp_snapshot_isolation_ut.cpp:159: Execute_ @ 0x128E78B5
4. /tmp//-S/ydb/core/kqp/ut/tx/kqp_snapshot_isolation_ut.cpp:14: operator() @ 0x128EA2D6
5. /tmp//-S/library/cpp/testing/unittest/registar.cpp:374: Run @ 0x12BA50BD
6. /tmp//-S/ydb/core/kqp/ut/tx/kqp_snapshot_isolation_ut.cpp:14: Execute @ 0x128E9C9A
7. /tmp//-S/library/cpp/testing/unittest/registar.cpp:495: Execute @ 0x12BA5832
8. /tmp//-S/library/cpp/testing/unittest/utmain.cpp:872: RunMain @ 0x12BB6CBC
9. ??:0: ?? @ 0x7FB9F6F8FD8F
10. ??:0: ?? @ 0x7FB9F6F8FE3F
11. ??:0: ?? @ 0x11B5A028


logsdir:
/home/runner/actions_runner/_work/ydb/ydb/tmp/out/ydb/core/kqp/ut/tx/test-results/unittest/testing_out_stuff
stderr:
/home/runner/actions_runner/_work/ydb/ydb/tmp/out/ydb/core/kqp/ut/tx/test-results/unittest/testing_out_stuff/KqpSnapshotIsolation.TConflictReadWriteOltp.err
stdout:
/home/runner/actions_runner/_work/ydb/ydb/tmp/out/ydb/core/kqp/ut/tx/test-results/unittest/testing_out_stuff/KqpSnapshotIsolation.TConflictReadWriteOltp.out</skipped><properties><property name="mute" value="automatically muted based on rules" /><property name="url:stdout" value="https://storage.yandexcloud.net/ydb-gh-logs/ydb-platform/ydb/PR-check/13185390123/ya-x86-64/try_3/artifacts/logs/ydb/core/kqp/ut/tx/test-results/unittest/testing_out_stuff/KqpSnapshotIsolation.TConflictReadWriteOltp.out" /><property name="url:stderr" value="https://storage.yandexcloud.net/ydb-gh-logs/ydb-platform/ydb/PR-check/13185390123/ya-x86-64/try_3/artifacts/logs/ydb/core/kqp/ut/tx/test-results/unittest/testing_out_stuff/KqpSnapshotIsolation.TConflictReadWriteOltp.err" /><property name="url:logsdir" value="https://storage.yandexcloud.net/ydb-gh-logs/ydb-platform/ydb/PR-check/13185390123/ya-x86-64/try_3/test_artifacts/ydb-core-kqp-ut-tx.zip" /></properties></testcase>
		<testcase name="[2/50] chunk chunk" time="0.0" classname="ydb/core/kqp/ut/tx"><properties><property name="url:logsdir" value="https://storage.yandexcloud.net/ydb-gh-logs/ydb-platform/ydb/PR-check/13185390123/ya-x86-64/try_3/test_artifacts/ydb-core-kqp-ut-tx.zip" /></properties></testcase>
		<testcase name="KqpSnapshotIsolation.TConflictReadWriteOltpNoSink" time="2.862262" classname="ydb/core/kqp/ut/tx">
			<skipped>assertion failed at ydb/core/kqp/ut/tx/kqp_snapshot_isolation_ut.cpp:146, virtual void NKikimr::NKqp::NTestSuiteKqpSnapshotIsolation::TConflictReadWrite::DoExecute(): (result.GetStatus() == EStatus::SUCCESS) failed: (ABORTED != SUCCESS) &amp;lt;main&amp;gt;: Error: Transaction locks invalidated. Tables: `/Root/Test`, code: 2001
, with diff:
(ABORT|SUCC)E(D|SS)
0. /tmp//-S/library/cpp/testing/unittest/registar.cpp:47: RaiseError @ 0x12BA31F8
1. /tmp//-S/ydb/core/kqp/ut/tx/kqp_snapshot_isolation_ut.cpp:146: DoExecute @ 0x128F1F48
2. /-S/ydb/core/kqp/ut/tx/kqp_sink_common.h:103: Execute @ 0x1289C784
3. /tmp//-S/ydb/core/kqp/ut/tx/kqp_snapshot_isolation_ut.cpp:166: Execute_ @ 0x128E7969
4. /tmp//-S/ydb/core/kqp/ut/tx/kqp_snapshot_isolation_ut.cpp:14: operator() @ 0x128EA2D6
5. /tmp//-S/library/cpp/testing/unittest/registar.cpp:374: Run @ 0x12BA50BD
6. /tmp//-S/ydb/core/kqp/ut/tx/kqp_snapshot_isolation_ut.cpp:14: Execute @ 0x128E9C9A
7. /tmp//-S/library/cpp/testing/unittest/registar.cpp:495: Execute @ 0x12BA5832
8. /tmp//-S/library/cpp/testing/unittest/utmain.cpp:872: RunMain @ 0x12BB6CBC
9. ??:0: ?? @ 0x7FE82080AD8F
10. ??:0: ?? @ 0x7FE82080AE3F
11. ??:0: ?? @ 0x11B5A028


logsdir:
/home/runner/actions_runner/_work/ydb/ydb/tmp/out/ydb/core/kqp/ut/tx/test-results/unittest/testing_out_stuff
stderr:
/home/runner/actions_runner/_work/ydb/ydb/tmp/out/ydb/core/kqp/ut/tx/test-results/unittest/testing_out_stuff/KqpSnapshotIsolation.TConflictReadWriteOltpNoSink.err
stdout:
/home/runner/actions_runner/_work/ydb/ydb/tmp/out/ydb/core/kqp/ut/tx/test-results/unittest/testing_out_stuff/KqpSnapshotIsolation.TConflictReadWriteOltpNoSink.out</skipped><properties><property name="mute" value="automatically muted based on rules" /><property name="url:stdout" value="https://storage.yandexcloud.net/ydb-gh-logs/ydb-platform/ydb/PR-check/13185390123/ya-x86-64/try_3/artifacts/logs/ydb/core/kqp/ut/tx/test-results/unittest/testing_out_stuff/KqpSnapshotIsolation.TConflictReadWriteOltpNoSink.out" /><property name="url:stderr" value="https://storage.yandexcloud.net/ydb-gh-logs/ydb-platform/ydb/PR-check/13185390123/ya-x86-64/try_3/artifacts/logs/ydb/core/kqp/ut/tx/test-results/unittest/testing_out_stuff/KqpSnapshotIsolation.TConflictReadWriteOltpNoSink.err" /><property name="url:logsdir" value="https://storage.yandexcloud.net/ydb-gh-logs/ydb-platform/ydb/PR-check/13185390123/ya-x86-64/try_3/test_artifacts/ydb-core-kqp-ut-tx.zip" /></properties></testcase>
		<testcase name="[3/50] chunk chunk" time="0.0" classname="ydb/core/kqp/ut/tx"><properties><property name="url:logsdir" value="https://storage.yandexcloud.net/ydb-gh-logs/ydb-platform/ydb/PR-check/13185390123/ya-x86-64/try_3/test_artifacts/ydb-core-kqp-ut-tx.zip" /></properties></testcase>
		<testcase name="KqpSnapshotIsolation.TConflictWriteOlap" time="5.827284" classname="ydb/core/kqp/ut/tx">
			<skipped>assertion failed at ydb/core/kqp/ut/tx/kqp_snapshot_isolation_ut.cpp:92, virtual void NKikimr::NKqp::NTestSuiteKqpSnapshotIsolation::TConflictWrite::DoExecute(): (result.GetStatus() == EStatus::ABORTED) failed: (SUCCESS != ABORTED) , with diff:
(SUCC|ABORT)E(SS|D)
0. /tmp//-S/library/cpp/testing/unittest/registar.cpp:47: RaiseError @ 0x12BA31F8
1. /tmp//-S/ydb/core/kqp/ut/tx/kqp_snapshot_isolation_ut.cpp:92: DoExecute @ 0x128EE958
2. /-S/ydb/core/kqp/ut/tx/kqp_sink_common.h:103: Execute @ 0x1289C784
3. /tmp//-S/ydb/core/kqp/ut/tx/kqp_snapshot_isolation_ut.cpp:118: Execute_ @ 0x128E7809
4. /tmp//-S/ydb/core/kqp/ut/tx/kqp_snapshot_isolation_ut.cpp:14: operator() @ 0x128EA2D6
5. /tmp//-S/library/cpp/testing/unittest/registar.cpp:374: Run @ 0x12BA50BD
6. /tmp//-S/ydb/core/kqp/ut/tx/kqp_snapshot_isolation_ut.cpp:14: Execute @ 0x128E9C9A
7. /tmp//-S/library/cpp/testing/unittest/registar.cpp:495: Execute @ 0x12BA5832
8. /tmp//-S/library/cpp/testing/unittest/utmain.cpp:872: RunMain @ 0x12BB6CBC
9. ??:0: ?? @ 0x7F483AF94D8F
10. ??:0: ?? @ 0x7F483AF94E3F
11. ??:0: ?? @ 0x11B5A028


logsdir:
/home/runner/actions_runner/_work/ydb/ydb/tmp/out/ydb/core/kqp/ut/tx/test-results/unittest/testing_out_stuff
stderr:
/home/runner/actions_runner/_work/ydb/ydb/tmp/out/ydb/core/kqp/ut/tx/test-results/unittest/testing_out_stuff/KqpSnapshotIsolation.TConflictWriteOlap.err
stdout:
/home/runner/actions_runner/_work/ydb/ydb/tmp/out/ydb/core/kqp/ut/tx/test-results/unittest/testing_out_stuff/KqpSnapshotIsolation.TConflictWriteOlap.out</skipped><properties><property name="mute" value="automatically muted based on rules" /><property name="url:stdout" value="https://storage.yandexcloud.net/ydb-gh-logs/ydb-platform/ydb/PR-check/13185390123/ya-x86-64/try_3/artifacts/logs/ydb/core/kqp/ut/tx/test-results/unittest/testing_out_stuff/KqpSnapshotIsolation.TConflictWriteOlap.out" /><property name="url:stderr" value="https://storage.yandexcloud.net/ydb-gh-logs/ydb-platform/ydb/PR-check/13185390123/ya-x86-64/try_3/artifacts/logs/ydb/core/kqp/ut/tx/test-results/unittest/testing_out_stuff/KqpSnapshotIsolation.TConflictWriteOlap.err" /><property name="url:logsdir" value="https://storage.yandexcloud.net/ydb-gh-logs/ydb-platform/ydb/PR-check/13185390123/ya-x86-64/try_3/test_artifacts/ydb-core-kqp-ut-tx.zip" /></properties></testcase>
		<testcase name="[4/50] chunk chunk" time="0.0" classname="ydb/core/kqp/ut/tx"><properties><property name="url:logsdir" value="https://storage.yandexcloud.net/ydb-gh-logs/ydb-platform/ydb/PR-check/13185390123/ya-x86-64/try_3/test_artifacts/ydb-core-kqp-ut-tx.zip" /></properties></testcase>
		<testcase name="KqpSnapshotIsolation.TConflictWriteOltp" time="2.673613" classname="ydb/core/kqp/ut/tx">
			<skipped>assertion failed at ydb/core/kqp/ut/tx/kqp_snapshot_isolation_ut.cpp:92, virtual void NKikimr::NKqp::NTestSuiteKqpSnapshotIsolation::TConflictWrite::DoExecute(): (result.GetStatus() == EStatus::ABORTED) failed: (SUCCESS != ABORTED) , with diff:
(SUCC|ABORT)E(SS|D)
0. /tmp//-S/library/cpp/testing/unittest/registar.cpp:47: RaiseError @ 0x12BA31F8
1. /tmp//-S/ydb/core/kqp/ut/tx/kqp_snapshot_isolation_ut.cpp:92: DoExecute @ 0x128EE958
2. /-S/ydb/core/kqp/ut/tx/kqp_sink_common.h:103: Execute @ 0x1289C784
3. /tmp//-S/ydb/core/kqp/ut/tx/kqp_snapshot_isolation_ut.cpp:105: Execute_ @ 0x128E76A5
4. /tmp//-S/ydb/core/kqp/ut/tx/kqp_snapshot_isolation_ut.cpp:14: operator() @ 0x128EA2D6
5. /tmp//-S/library/cpp/testing/unittest/registar.cpp:374: Run @ 0x12BA50BD
6. /tmp//-S/ydb/core/kqp/ut/tx/kqp_snapshot_isolation_ut.cpp:14: Execute @ 0x128E9C9A
7. /tmp//-S/library/cpp/testing/unittest/registar.cpp:495: Execute @ 0x12BA5832
8. /tmp//-S/library/cpp/testing/unittest/utmain.cpp:872: RunMain @ 0x12BB6CBC
9. ??:0: ?? @ 0x7FC2C154CD8F
10. ??:0: ?? @ 0x7FC2C154CE3F
11. ??:0: ?? @ 0x11B5A028


logsdir:
/home/runner/actions_runner/_work/ydb/ydb/tmp/out/ydb/core/kqp/ut/tx/test-results/unittest/testing_out_stuff
stderr:
/home/runner/actions_runner/_work/ydb/ydb/tmp/out/ydb/core/kqp/ut/tx/test-results/unittest/testing_out_stuff/KqpSnapshotIsolation.TConflictWriteOltp.err
stdout:
/home/runner/actions_runner/_work/ydb/ydb/tmp/out/ydb/core/kqp/ut/tx/test-results/unittest/testing_out_stuff/KqpSnapshotIsolation.TConflictWriteOltp.out</skipped><properties><property name="mute" value="automatically muted based on rules" /><property name="url:stdout" value="https://storage.yandexcloud.net/ydb-gh-logs/ydb-platform/ydb/PR-check/13185390123/ya-x86-64/try_3/artifacts/logs/ydb/core/kqp/ut/tx/test-results/unittest/testing_out_stuff/KqpSnapshotIsolation.TConflictWriteOltp.out" /><property name="url:stderr" value="https://storage.yandexcloud.net/ydb-gh-logs/ydb-platform/ydb/PR-check/13185390123/ya-x86-64/try_3/artifacts/logs/ydb/core/kqp/ut/tx/test-results/unittest/testing_out_stuff/KqpSnapshotIsolation.TConflictWriteOltp.err" /><property name="url:logsdir" value="https://storage.yandexcloud.net/ydb-gh-logs/ydb-platform/ydb/PR-check/13185390123/ya-x86-64/try_3/test_artifacts/ydb-core-kqp-ut-tx.zip" /></properties></testcase>
		<testcase name="[5/50] chunk chunk" time="0.0" classname="ydb/core/kqp/ut/tx"><properties><property name="url:logsdir" value="https://storage.yandexcloud.net/ydb-gh-logs/ydb-platform/ydb/PR-check/13185390123/ya-x86-64/try_3/test_artifacts/ydb-core-kqp-ut-tx.zip" /></properties></testcase>
		<testcase name="KqpSnapshotIsolation.TConflictWriteOltpNoSink" time="2.701019" classname="ydb/core/kqp/ut/tx">
			<skipped>assertion failed at ydb/core/kqp/ut/tx/kqp_snapshot_isolation_ut.cpp:92, virtual void NKikimr::NKqp::NTestSuiteKqpSnapshotIsolation::TConflictWrite::DoExecute(): (result.GetStatus() == EStatus::ABORTED) failed: (SUCCESS != ABORTED) , with diff:
(SUCC|ABORT)E(SS|D)
0. /tmp//-S/library/cpp/testing/unittest/registar.cpp:47: RaiseError @ 0x12BA31F8
1. /tmp//-S/ydb/core/kqp/ut/tx/kqp_snapshot_isolation_ut.cpp:92: DoExecute @ 0x128EE958
2. /-S/ydb/core/kqp/ut/tx/kqp_sink_common.h:103: Execute @ 0x1289C784
3. /tmp//-S/ydb/core/kqp/ut/tx/kqp_snapshot_isolation_ut.cpp:112: Execute_ @ 0x128E7759
4. /tmp//-S/ydb/core/kqp/ut/tx/kqp_snapshot_isolation_ut.cpp:14: operator() @ 0x128EA2D6
5. /tmp//-S/library/cpp/testing/unittest/registar.cpp:374: Run @ 0x12BA50BD
6. /tmp//-S/ydb/core/kqp/ut/tx/kqp_snapshot_isolation_ut.cpp:14: Execute @ 0x128E9C9A
7. /tmp//-S/library/cpp/testing/unittest/registar.cpp:495: Execute @ 0x12BA5832
8. /tmp//-S/library/cpp/testing/unittest/utmain.cpp:872: RunMain @ 0x12BB6CBC
9. ??:0: ?? @ 0x7F942F6E4D8F
10. ??:0: ?? @ 0x7F942F6E4E3F
11. ??:0: ?? @ 0x11B5A028


logsdir:
/home/runner/actions_runner/_work/ydb/ydb/tmp/out/ydb/core/kqp/ut/tx/test-results/unittest/testing_out_stuff
stderr:
/home/runner/actions_runner/_work/ydb/ydb/tmp/out/ydb/core/kqp/ut/tx/test-results/unittest/testing_out_stuff/KqpSnapshotIsolation.TConflictWriteOltpNoSink.err
stdout:
/home/runner/actions_runner/_work/ydb/ydb/tmp/out/ydb/core/kqp/ut/tx/test-results/unittest/testing_out_stuff/KqpSnapshotIsolation.TConflictWriteOltpNoSink.out</skipped><properties><property name="mute" value="automatically muted based on rules" /><property name="url:stdout" value="https://storage.yandexcloud.net/ydb-gh-logs/ydb-platform/ydb/PR-check/13185390123/ya-x86-64/try_3/artifacts/logs/ydb/core/kqp/ut/tx/test-results/unittest/testing_out_stuff/KqpSnapshotIsolation.TConflictWriteOltpNoSink.out" /><property name="url:stderr" value="https://storage.yandexcloud.net/ydb-gh-logs/ydb-platform/ydb/PR-check/13185390123/ya-x86-64/try_3/artifacts/logs/ydb/core/kqp/ut/tx/test-results/unittest/testing_out_stuff/KqpSnapshotIsolation.TConflictWriteOltpNoSink.err" /><property name="url:logsdir" value="https://storage.yandexcloud.net/ydb-gh-logs/ydb-platform/ydb/PR-check/13185390123/ya-x86-64/try_3/test_artifacts/ydb-core-kqp-ut-tx.zip" /></properties></testcase>
	</testsuite>
	<testsuite name="ydb/core/mind/hive/ut" tests="1" time="0.46345" failures="1" skipped="0">
		<testcase name="[0/10] chunk chunk" time="0.0" classname="ydb/core/mind/hive/ut"><properties><property name="url:logsdir" value="https://storage.yandexcloud.net/ydb-gh-logs/ydb-platform/ydb/PR-check/13185390123/ya-x86-64/try_3/test_artifacts/ydb-core-mind-hive-ut.zip" /></properties></testcase>
		<testcase name="THiveTest.TestReassignUseRelativeSpace" time="0.46345" classname="ydb/core/mind/hive/ut">
			<skipped>assertion failed at ydb/core/mind/hive/hive_ut.cpp:3103, virtual void NKikimr::NTestSuiteTHiveTest::TTestCaseTestReassignUseRelativeSpace::Execute_(NUnitTest::TTestContext &amp;amp;): (getGroup(tabletId) == goodGroup) failed: (2147483649 != 2147483663) 
Get at /-S/util/generic/ptr.h:579:16
~TStringBuilder at /-S/util/string/builder.h:8:11
NKikimr::NTestSuiteTHiveTest::TCurrentTest::Execute()::'lambda'()::operator()() const at /-S/ydb/core/mind/hive/hive_ut.cpp:0:1
~__value_func at /-S/contrib/libs/cxxsupp/libcxx/include/__functional/function.h:395:16
UnRef at /-S/util/generic/ptr.h:624:13
NUnitTest::TTestFactory::Execute() at /-S/library/cpp/testing/unittest/registar.cpp:0:19
NUnitTest::RunMain(int, char**) at /-S/library/cpp/testing/unittest/utmain.cpp:0:0
?? at ??:0:0
?? at ??:0:0
_start at ??:0:0


logsdir:
/home/runner/actions_runner/_work/ydb/ydb/tmp/out/ydb/core/mind/hive/ut/test-results/unittest/testing_out_stuff
stderr:
/home/runner/actions_runner/_work/ydb/ydb/tmp/out/ydb/core/mind/hive/ut/test-results/unittest/testing_out_stuff/THiveTest.TestReassignUseRelativeSpace.err
stdout:
/home/runner/actions_runner/_work/ydb/ydb/tmp/out/ydb/core/mind/hive/ut/test-results/unittest/testing_out_stuff/THiveTest.TestReassignUseRelativeSpace.out</skipped><properties><property name="mute" value="automatically muted based on rules" /><property name="url:stderr" value="https://storage.yandexcloud.net/ydb-gh-logs/ydb-platform/ydb/PR-check/13185390123/ya-x86-64/try_3/artifacts/logs/ydb/core/mind/hive/ut/test-results/unittest/testing_out_stuff/THiveTest.TestReassignUseRelativeSpace.err" /><property name="url:logsdir" value="https://storage.yandexcloud.net/ydb-gh-logs/ydb-platform/ydb/PR-check/13185390123/ya-x86-64/try_3/test_artifacts/ydb-core-mind-hive-ut.zip" /></properties></testcase>
	</testsuite>
	<testsuite name="ydb/core/statistics/aggregator/ut" tests="1" time="536.259852" failures="1" skipped="0">
		<testcase name="[0/60] chunk chunk" time="0.0" classname="ydb/core/statistics/aggregator/ut"><properties><property name="url:logsdir" value="https://storage.yandexcloud.net/ydb-gh-logs/ydb-platform/ydb/PR-check/13185390123/ya-x86-64/try_3/test_artifacts/ydb-core-statistics-aggregator-ut.zip" /></properties></testcase>
		<testcase name="AnalyzeColumnshard.AnalyzeRebootColumnShard" time="536.259852" classname="ydb/core/statistics/aggregator/ut">
			<skipped>(TWithBackTrace&amp;lt;yexception&amp;gt;) ydb/library/actors/testlib/test_runtime.h:576: Exception occured while waiting for NKikimr::NStat::TEvStatistics::TEvAnalyzeResponse: (NActors::TSchedulingLimitReachedException) TestActorRuntime Processed over 100000 events.ydb/library/actors/testlib/test_runtime.cpp:716: 
TWithBackTrace&amp;lt;yexception&amp;gt;::TWithBackTrace&amp;lt;&amp;gt;() at /-S/util/generic/bt_exception.h:16:5
NKikimr::NStat::TEvStatistics::TEvAnalyzeResponse::TPtr NActors::TTestActorRuntimeBase::GrabEdgeEventRethrow&amp;lt;NKikimr::NStat::TEvStatistics::TEvAnalyzeResponse&amp;gt;(NActors::TActorId const&amp;amp;, TDuration) at /-S/ydb/library/actors/testlib/test_runtime.h:0:24
DoDestroy at /-S/util/generic/ptr.h:237:13
NKikimr::NStat::NTestSuiteAnalyzeColumnshard::TCurrentTest::Execute()::'lambda'()::operator()() const at /-S/ydb/core/statistics/aggregator/ut/ut_analyze_columnshard.cpp:0:1
~__value_func at /-S/contrib/libs/cxxsupp/libcxx/include/__functional/function.h:395:16
UnRef at /-S/util/generic/ptr.h:624:13
NUnitTest::TTestFactory::Execute() at /-S/library/cpp/testing/unittest/registar.cpp:0:19
NUnitTest::RunMain(int, char**) at /-S/library/cpp/testing/unittest/utmain.cpp:0:0
?? at ??:0:0
?? at ??:0:0
_start at ??:0:0


logsdir:
/home/runner/actions_runner/_work/ydb/ydb/tmp/out/ydb/core/statistics/aggregator/ut/test-results/unittest/testing_out_stuff
stderr:
/home/runner/actions_runner/_work/ydb/ydb/tmp/out/ydb/core/statistics/aggregator/ut/test-results/unittest/testing_out_stuff/AnalyzeColumnshard.AnalyzeRebootColumnShard.err
stdout:
/home/runner/actions_runner/_work/ydb/ydb/tmp/out/ydb/core/statistics/aggregator/ut/test-results/unittest/testing_out_stuff/AnalyzeColumnshard.AnalyzeRebootColumnShard.out</skipped><properties><property name="mute" value="automatically muted based on rules" /><property name="url:stderr" value="https://storage.yandexcloud.net/ydb-gh-logs/ydb-platform/ydb/PR-check/13185390123/ya-x86-64/try_3/artifacts/logs/ydb/core/statistics/aggregator/ut/test-results/unittest/testing_out_stuff/AnalyzeColumnshard.AnalyzeRebootColumnShard.err" /><property name="url:logsdir" value="https://storage.yandexcloud.net/ydb-gh-logs/ydb-platform/ydb/PR-check/13185390123/ya-x86-64/try_3/test_artifacts/ydb-core-statistics-aggregator-ut.zip" /></properties></testcase>
	</testsuite>
	<testsuite name="ydb/core/tx/datashard/ut_incremental_backup" tests="1" time="121.078447" failures="1" skipped="0">
		<testcase name="[0/4] chunk chunk" time="0.0" classname="ydb/core/tx/datashard/ut_incremental_backup"><properties><property name="url:logsdir" value="https://storage.yandexcloud.net/ydb-gh-logs/ydb-platform/ydb/PR-check/13185390123/ya-x86-64/try_3/test_artifacts/ydb-core-tx-datashard-ut_incremental_backup.zip" /></properties></testcase>
		<testcase name="IncrementalBackup.ComplexRestoreBackupCollection+WithIncremental" time="121.078447" classname="ydb/core/tx/datashard/ut_incremental_backup">
			<skipped>assertion failed at ydb/core/tx/datashard/ut_common/datashard_ut_common.cpp:2091, void NKikimr::ExecSQL(Tests::TServer::TPtr, TActorId, const TString &amp;amp;, bool, Ydb::StatusIds::StatusCode): (response.GetYdbStatus() == code) failed: (TIMEOUT != SUCCESS) Response {
  QueryIssues {
    message: "Request timeout 600000ms exceeded"
    severity: 1
  }
  QueryIssues {
    message: "Cancelling after 600000ms in ExecuteState"
    severity: 1
  }
  TxMeta {
  }
}
YdbStatus: TIMEOUT
, with diff:
(TIM|SUCC)E(OUT|SS)
Get at /-S/util/generic/ptr.h:579:16
~TStringBuilder at /-S/util/string/builder.h:8:11
UnRef at /-S/util/generic/ptr.h:624:13
NKikimr::NTestSuiteIncrementalBackup::TCurrentTest::Execute()::'lambda'()::operator()() const at /-S/ydb/core/tx/datashard/datashard_ut_incremental_backup.cpp:0:1
~__value_func at /-S/contrib/libs/cxxsupp/libcxx/include/__functional/function.h:395:16
UnRef at /-S/util/generic/ptr.h:624:13
NUnitTest::TTestFactory::Execute() at /-S/library/cpp/testing/unittest/registar.cpp:0:19
NUnitTest::RunMain(int, char**) at /-S/library/cpp/testing/unittest/utmain.cpp:0:0
?? at ??:0:0
?? at ??:0:0
_start at ??:0:0


logsdir:
/home/runner/actions_runner/_work/ydb/ydb/tmp/out/ydb/core/tx/datashard/ut_incremental_backup/test-results/unittest/testing_out_stuff
stderr:
/home/runner/actions_runner/_work/ydb/ydb/tmp/out/ydb/core/tx/datashard/ut_incremental_backup/test-results/unittest/testing_out_stuff/IncrementalBackup.ComplexRestoreBackupCollection.WithIncremental.err
stdout:
/home/runner/actions_runner/_work/ydb/ydb/tmp/out/ydb/core/tx/datashard/ut_incremental_backup/test-results/unittest/testing_out_stuff/IncrementalBackup.ComplexRestoreBackupCollection.WithIncremental.out</skipped><properties><property name="mute" value="automatically muted based on rules" /><property name="url:stderr" value="https://storage.yandexcloud.net/ydb-gh-logs/ydb-platform/ydb/PR-check/13185390123/ya-x86-64/try_3/artifacts/logs/ydb/core/tx/datashard/ut_incremental_backup/test-results/unittest/testing_out_stuff/IncrementalBackup.ComplexRestoreBackupCollection.WithIncremental.err" /><property name="url:logsdir" value="https://storage.yandexcloud.net/ydb-gh-logs/ydb-platform/ydb/PR-check/13185390123/ya-x86-64/try_3/test_artifacts/ydb-core-tx-datashard-ut_incremental_backup.zip" /></properties></testcase>
	</testsuite>
	<testsuite name="ydb/core/tx/tiering/ut" tests="1" time="0" failures="1" skipped="0">
		<testcase name="[0/60] chunk chunk" time="0.0" classname="ydb/core/tx/tiering/ut"><properties><property name="url:logsdir" value="https://storage.yandexcloud.net/ydb-gh-logs/ydb-platform/ydb/PR-check/13185390123/ya-x86-64/try_3/test_artifacts/ydb-core-tx-tiering-ut.zip" /></properties></testcase>
		<testcase name="ColumnShardTiers.TTLUsage" time="0" classname="ydb/core/tx/tiering/ut">
			<skipped>Test crashed (return code: -6)
See logs for more info

logsdir:
/home/runner/actions_runner/_work/ydb/ydb/tmp/out/ydb/core/tx/tiering/ut/test-results/unittest/testing_out_stuff
stderr:
/home/runner/actions_runner/_work/ydb/ydb/tmp/out/ydb/core/tx/tiering/ut/test-results/unittest/testing_out_stuff/ColumnShardTiers.TTLUsage.err
stdout:
/home/runner/actions_runner/_work/ydb/ydb/tmp/out/ydb/core/tx/tiering/ut/test-results/unittest/testing_out_stuff/ColumnShardTiers.TTLUsage.out</skipped><properties><property name="mute" value="automatically muted based on rules" /><property name="url:stderr" value="https://storage.yandexcloud.net/ydb-gh-logs/ydb-platform/ydb/PR-check/13185390123/ya-x86-64/try_3/artifacts/logs/ydb/core/tx/tiering/ut/test-results/unittest/testing_out_stuff/ColumnShardTiers.TTLUsage.err" /><property name="url:logsdir" value="https://storage.yandexcloud.net/ydb-gh-logs/ydb-platform/ydb/PR-check/13185390123/ya-x86-64/try_3/test_artifacts/ydb-core-tx-tiering-ut.zip" /></properties></testcase>
	</testsuite>
	<testsuite name="ydb/services/persqueue_v1/ut" tests="2" time="14.502915999999999" failures="2" skipped="0">
		<testcase name="[0/10] chunk chunk" time="0.0" classname="ydb/services/persqueue_v1/ut"><properties><property name="url:logsdir" value="https://storage.yandexcloud.net/ydb-gh-logs/ydb-platform/ydb/PR-check/13185390123/ya-x86-64/try_3/test_artifacts/ydb-services-persqueue_v1-ut.zip" /></properties></testcase>
		<testcase name="TPersQueueCommonTest.TestLimiterLimitsWithBlobsRateLimit" time="7.252399" classname="ydb/services/persqueue_v1/ut">
			<skipped>greater-or-equal assertion failed at ydb/services/persqueue_v1/ut/persqueue_common_tests.h:356, void NKikimr::NPersQueueTests::TCommonTests::TestRateLimiterLimitsWrite(NKikimrPQ::TPQConfig::TQuotingConfig::ELimitedEntity): writeTime &amp;gt;= TDuration::Seconds(3) Write time: 0.237699s
Get at /-S/util/generic/ptr.h:579:16
UnRef at /-S/util/generic/ptr.h:624:13
NKikimr::NPersQueueTests::NTestSuiteTPersQueueCommonTest::TTestCaseTestLimiterLimitsWithBlobsRateLimit::Execute_(NUnitTest::TTestContext&amp;amp;) at /-S/ydb/services/persqueue_v1/persqueue_common_ut.cpp:5:1
NKikimr::NPersQueueTests::NTestSuiteTPersQueueCommonTest::TCurrentTest::Execute()::'lambda'()::operator()() const at /-S/ydb/services/persqueue_v1/persqueue_common_ut.cpp:0:1
~__value_func at /-S/contrib/libs/cxxsupp/libcxx/include/__functional/function.h:395:16
UnRef at /-S/util/generic/ptr.h:624:13
NUnitTest::TTestFactory::Execute() at /-S/library/cpp/testing/unittest/registar.cpp:0:19
NUnitTest::RunMain(int, char**) at /-S/library/cpp/testing/unittest/utmain.cpp:0:0
?? at ??:0:0
?? at ??:0:0
_start at ??:0:0


logsdir:
/home/runner/actions_runner/_work/ydb/ydb/tmp/out/ydb/services/persqueue_v1/ut/test-results/unittest/testing_out_stuff
stderr:
/home/runner/actions_runner/_work/ydb/ydb/tmp/out/ydb/services/persqueue_v1/ut/test-results/unittest/testing_out_stuff/TPersQueueCommonTest.TestLimiterLimitsWithBlobsRateLimit.err
stdout:
/home/runner/actions_runner/_work/ydb/ydb/tmp/out/ydb/services/persqueue_v1/ut/test-results/unittest/testing_out_stuff/TPersQueueCommonTest.TestLimiterLimitsWithBlobsRateLimit.out</skipped><properties><property name="mute" value="automatically muted based on rules" /><property name="url:stdout" value="https://storage.yandexcloud.net/ydb-gh-logs/ydb-platform/ydb/PR-check/13185390123/ya-x86-64/try_3/artifacts/logs/ydb/services/persqueue_v1/ut/test-results/unittest/testing_out_stuff/TPersQueueCommonTest.TestLimiterLimitsWithBlobsRateLimit.out" /><property name="url:stderr" value="https://storage.yandexcloud.net/ydb-gh-logs/ydb-platform/ydb/PR-check/13185390123/ya-x86-64/try_3/artifacts/logs/ydb/services/persqueue_v1/ut/test-results/unittest/testing_out_stuff/TPersQueueCommonTest.TestLimiterLimitsWithBlobsRateLimit.err" /><property name="url:logsdir" value="https://storage.yandexcloud.net/ydb-gh-logs/ydb-platform/ydb/PR-check/13185390123/ya-x86-64/try_3/test_artifacts/ydb-services-persqueue_v1-ut.zip" /></properties></testcase>
		<testcase name="[1/10] chunk chunk" time="0.0" classname="ydb/services/persqueue_v1/ut"><properties><property name="url:logsdir" value="https://storage.yandexcloud.net/ydb-gh-logs/ydb-platform/ydb/PR-check/13185390123/ya-x86-64/try_3/test_artifacts/ydb-services-persqueue_v1-ut.zip" /></properties></testcase>
		<testcase name="TPersQueueCommonTest.TestLimiterLimitsWithUserPayloadRateLimit" time="7.250517" classname="ydb/services/persqueue_v1/ut">
			<skipped>greater-or-equal assertion failed at ydb/services/persqueue_v1/ut/persqueue_common_tests.h:356, void NKikimr::NPersQueueTests::TCommonTests::TestRateLimiterLimitsWrite(NKikimrPQ::TPQConfig::TQuotingConfig::ELimitedEntity): writeTime &amp;gt;= TDuration::Seconds(3) Write time: 0.242422s
Get at /-S/util/generic/ptr.h:579:16
UnRef at /-S/util/generic/ptr.h:624:13
NKikimr::NPersQueueTests::NTestSuiteTPersQueueCommonTest::TTestCaseTestLimiterLimitsWithUserPayloadRateLimit::Execute_(NUnitTest::TTestContext&amp;amp;) at /-S/ydb/services/persqueue_v1/persqueue_common_ut.cpp:5:1
NKikimr::NPersQueueTests::NTestSuiteTPersQueueCommonTest::TCurrentTest::Execute()::'lambda'()::operator()() const at /-S/ydb/services/persqueue_v1/persqueue_common_ut.cpp:0:1
~__value_func at /-S/contrib/libs/cxxsupp/libcxx/include/__functional/function.h:395:16
UnRef at /-S/util/generic/ptr.h:624:13
NUnitTest::TTestFactory::Execute() at /-S/library/cpp/testing/unittest/registar.cpp:0:19
NUnitTest::RunMain(int, char**) at /-S/library/cpp/testing/unittest/utmain.cpp:0:0
?? at ??:0:0
?? at ??:0:0
_start at ??:0:0


logsdir:
/home/runner/actions_runner/_work/ydb/ydb/tmp/out/ydb/services/persqueue_v1/ut/test-results/unittest/testing_out_stuff
stderr:
/home/runner/actions_runner/_work/ydb/ydb/tmp/out/ydb/services/persqueue_v1/ut/test-results/unittest/testing_out_stuff/TPersQueueCommonTest.TestLimiterLimitsWithUserPayloadRateLimit.err
stdout:
/home/runner/actions_runner/_work/ydb/ydb/tmp/out/ydb/services/persqueue_v1/ut/test-results/unittest/testing_out_stuff/TPersQueueCommonTest.TestLimiterLimitsWithUserPayloadRateLimit.out</skipped><properties><property name="mute" value="automatically muted based on rules" /><property name="url:stdout" value="https://storage.yandexcloud.net/ydb-gh-logs/ydb-platform/ydb/PR-check/13185390123/ya-x86-64/try_3/artifacts/logs/ydb/services/persqueue_v1/ut/test-results/unittest/testing_out_stuff/TPersQueueCommonTest.TestLimiterLimitsWithUserPayloadRateLimit.out" /><property name="url:stderr" value="https://storage.yandexcloud.net/ydb-gh-logs/ydb-platform/ydb/PR-check/13185390123/ya-x86-64/try_3/artifacts/logs/ydb/services/persqueue_v1/ut/test-results/unittest/testing_out_stuff/TPersQueueCommonTest.TestLimiterLimitsWithUserPayloadRateLimit.err" /><property name="url:logsdir" value="https://storage.yandexcloud.net/ydb-gh-logs/ydb-platform/ydb/PR-check/13185390123/ya-x86-64/try_3/test_artifacts/ydb-services-persqueue_v1-ut.zip" /></properties></testcase>
	</testsuite>
	<testsuite name="ydb/services/ydb/ut" tests="1" time="0.900074" failures="1" skipped="0">
		<testcase name="[0/60] chunk chunk" time="0.0" classname="ydb/services/ydb/ut"><properties><property name="url:logsdir" value="https://storage.yandexcloud.net/ydb-gh-logs/ydb-platform/ydb/PR-check/13185390123/ya-x86-64/try_3/test_artifacts/ydb-services-ydb-ut.zip" /></properties></testcase>
		<testcase name="YdbLogStore.AlterLogTable" time="0.900074" classname="ydb/services/ydb/ut">
			<skipped>assertion failed at ydb/services/ydb/ydb_logstore_ut.cpp:435, virtual void NTestSuiteYdbLogStore::TTestCaseAlterLogTable::Execute_(NUnitTest::TTestContext &amp;amp;): (res.GetStatus() == EStatus::SUCCESS) failed: (PRECONDITION_FAILED != SUCCESS) &amp;lt;main&amp;gt;: Error: Column stores are not supported
, with diff:
(PRE|SUC)C(ONDITION_FAIL|)E(D|SS)
Get at /-S/util/generic/ptr.h:579:16
~TStringBuilder at /-S/util/string/builder.h:8:11
NTestSuiteYdbLogStore::TCurrentTest::Execute()::'lambda'()::operator()() const at /-S/ydb/services/ydb/ydb_logstore_ut.cpp:0:1
~__value_func at /-S/contrib/libs/cxxsupp/libcxx/include/__functional/function.h:395:16
UnRef at /-S/util/generic/ptr.h:624:13
NUnitTest::TTestFactory::Execute() at /-S/library/cpp/testing/unittest/registar.cpp:0:19
NUnitTest::RunMain(int, char**) at /-S/library/cpp/testing/unittest/utmain.cpp:0:0
?? at ??:0:0
?? at ??:0:0
_start at ??:0:0


logsdir:
/home/runner/actions_runner/_work/ydb/ydb/tmp/out/ydb/services/ydb/ut/test-results/unittest/testing_out_stuff
stderr:
/home/runner/actions_runner/_work/ydb/ydb/tmp/out/ydb/services/ydb/ut/test-results/unittest/testing_out_stuff/YdbLogStore.AlterLogTable.err
stdout:
/home/runner/actions_runner/_work/ydb/ydb/tmp/out/ydb/services/ydb/ut/test-results/unittest/testing_out_stuff/YdbLogStore.AlterLogTable.out</skipped><properties><property name="mute" value="automatically muted based on rules" /><property name="url:stdout" value="https://storage.yandexcloud.net/ydb-gh-logs/ydb-platform/ydb/PR-check/13185390123/ya-x86-64/try_3/artifacts/logs/ydb/services/ydb/ut/test-results/unittest/testing_out_stuff/YdbLogStore.AlterLogTable.out" /><property name="url:stderr" value="https://storage.yandexcloud.net/ydb-gh-logs/ydb-platform/ydb/PR-check/13185390123/ya-x86-64/try_3/artifacts/logs/ydb/services/ydb/ut/test-results/unittest/testing_out_stuff/YdbLogStore.AlterLogTable.err" /><property name="url:logsdir" value="https://storage.yandexcloud.net/ydb-gh-logs/ydb-platform/ydb/PR-check/13185390123/ya-x86-64/try_3/test_artifacts/ydb-services-ydb-ut.zip" /></properties></testcase>
	</testsuite>
</testsuites>